

***********************************************************************
Fatal NI connect error 12505, connecting to:
 (DESCRIPTION=(ADDRESS=(PROTOCOL=TCP)(HOST=ORCL1)(PORT=1521))(CONNECT_DATA=(SID=ORCL)(CID=(PROGRAM=C:\ParusAlert\ParusAlert.exe)(HOST=ORCL1)(USER=Administrator))))

  VERSION INFORMATION:
	TNS for 32-bit Windows: Version 8.1.7.4.0 - Production
	Windows NT TCP/IP NT Protocol Adapter for 32-bit Windows: Version 8.1.7.4.0 - Production
  Time: 22-SEP-2003 15:20:01
  Tracing not turned on.
  Tns error struct:
    nr err code: 0
    ns main err code: 12564
    TNS-12564: TNS:connection refused
    ns secondary err code: 0
    nt main err code: 0
    nt secondary err code: 0
    nt OS err code: 0


***********************************************************************
Fatal NI connect error 12505, connecting to:
 (DESCRIPTION=(ADDRESS=(PROTOCOL=TCP)(HOST=ORCL1)(PORT=1521))(CONNECT_DATA=(SID=ORCL)(CID=(PROGRAM=C:\ParusAlert\ParusAlert.exe)(HOST=ORCL1)(USER=Administrator))))

  VERSION INFORMATION:
	TNS for 32-bit Windows: Version 8.1.7.4.0 - Production
	Windows NT TCP/IP NT Protocol Adapter for 32-bit Windows: Version 8.1.7.4.0 - Production
  Time: 22-SEP-2003 15:30:00
  Tracing not turned on.
  Tns error struct:
    nr err code: 0
    ns main err code: 12564
    TNS-12564: TNS:connection refused
    ns secondary err code: 0
    nt main err code: 0
    nt secondary err code: 0
    nt OS err code: 0


***********************************************************************
Fatal NI connect error 12505, connecting to:
 (DESCRIPTION=(ADDRESS=(PROTOCOL=TCP)(HOST=ORCL1)(PORT=1521))(CONNECT_DATA=(SID=ORCL)(CID=(PROGRAM=C:\ParusAlert\ParusAlert.exe)(HOST=ORCL1)(USER=Administrator))))

  VERSION INFORMATION:
	TNS for 32-bit Windows: Version 8.1.7.4.0 - Production
	Windows NT TCP/IP NT Protocol Adapter for 32-bit Windows: Version 8.1.7.4.0 - Production
  Time: 22-SEP-2003 15:40:00
  Tracing not turned on.
  Tns error struct:
    nr err code: 0
    ns main err code: 12564
    TNS-12564: TNS:connection refused
    ns secondary err code: 0
    nt main err code: 0
    nt secondary err code: 0
    nt OS err code: 0


***********************************************************************
Fatal NI connect error 12505, connecting to:
 (DESCRIPTION=(ADDRESS=(PROTOCOL=TCP)(HOST=ORCL1)(PORT=1521))(CONNECT_DATA=(SID=ORCL)(CID=(PROGRAM=C:\ParusAlert\ParusAlert.exe)(HOST=ORCL1)(USER=Administrator))))

  VERSION INFORMATION:
	TNS for 32-bit Windows: Version 8.1.7.4.0 - Production
	Windows NT TCP/IP NT Protocol Adapter for 32-bit Windows: Version 8.1.7.4.0 - Production
  Time: 22-SEP-2003 15:50:00
  Tracing not turned on.
  Tns error struct:
    nr err code: 0
    ns main err code: 12564
    TNS-12564: TNS:connection refused
    ns secondary err code: 0
    nt main err code: 0
    nt secondary err code: 0
    nt OS err code: 0


***********************************************************************
Fatal NI connect error 12505, connecting to:
 (DESCRIPTION=(ADDRESS=(PROTOCOL=TCP)(HOST=ORCL1)(PORT=1521))(CONNECT_DATA=(SID=ORCL)(CID=(PROGRAM=C:\ParusAlert\ParusAlert.exe)(HOST=ORCL1)(USER=Administrator))))

  VERSION INFORMATION:
	TNS for 32-bit Windows: Version 8.1.7.4.0 - Production
	Windows NT TCP/IP NT Protocol Adapter for 32-bit Windows: Version 8.1.7.4.0 - Production
  Time: 26-SEP-2003 15:10:01
  Tracing not turned on.
  Tns error struct:
    nr err code: 0
    ns main err code: 12564
    TNS-12564: TNS:connection refused
    ns secondary err code: 0
    nt main err code: 0
    nt secondary err code: 0
    nt OS err code: 0


***********************************************************************
Fatal NI connect error 12505, connecting to:
 (DESCRIPTION=(ADDRESS=(PROTOCOL=TCP)(HOST=ORCL1)(PORT=1521))(CONNECT_DATA=(SID=ORCL)(CID=(PROGRAM=C:\ParusAlert\ParusAlert.exe)(HOST=ORCL1)(USER=Administrator))))

  VERSION INFORMATION:
	TNS for 32-bit Windows: Version 8.1.7.4.0 - Production
	Windows NT TCP/IP NT Protocol Adapter for 32-bit Windows: Version 8.1.7.4.0 - Production
  Time: 26-SEP-2003 15:20:00
  Tracing not turned on.
  Tns error struct:
    nr err code: 0
    ns main err code: 12564
    TNS-12564: TNS:connection refused
    ns secondary err code: 0
    nt main err code: 0
    nt secondary err code: 0
    nt OS err code: 0


***********************************************************************
Fatal NI connect error 12505, connecting to:
 (DESCRIPTION=(ADDRESS=(PROTOCOL=TCP)(HOST=ORCL1)(PORT=1521))(CONNECT_DATA=(SID=ORCL)(CID=(PROGRAM=C:\ParusAlert\ParusAlert.exe)(HOST=ORCL1)(USER=Administrator))))

  VERSION INFORMATION:
	TNS for 32-bit Windows: Version 8.1.7.4.0 - Production
	Windows NT TCP/IP NT Protocol Adapter for 32-bit Windows: Version 8.1.7.4.0 - Production
  Time: 26-SEP-2003 15:30:00
  Tracing not turned on.
  Tns error struct:
    nr err code: 0
    ns main err code: 12564
    TNS-12564: TNS:connection refused
    ns secondary err code: 0
    nt main err code: 0
    nt secondary err code: 0
    nt OS err code: 0


***********************************************************************
Fatal NI connect error 12505, connecting to:
 (DESCRIPTION=(ADDRESS=(PROTOCOL=TCP)(HOST=ORCL1)(PORT=1521))(CONNECT_DATA=(SID=ORCL)(CID=(PROGRAM=C:\ParusAlert\ParusAlert.exe)(HOST=ORCL1)(USER=Administrator))))

  VERSION INFORMATION:
	TNS for 32-bit Windows: Version 8.1.7.4.0 - Production
	Windows NT TCP/IP NT Protocol Adapter for 32-bit Windows: Version 8.1.7.4.0 - Production
  Time: 26-SEP-2003 15:40:00
  Tracing not turned on.
  Tns error struct:
    nr err code: 0
    ns main err code: 12564
    TNS-12564: TNS:connection refused
    ns secondary err code: 0
    nt main err code: 0
    nt secondary err code: 0
    nt OS err code: 0


***********************************************************************
Fatal NI connect error 12505, connecting to:
 (DESCRIPTION=(ADDRESS=(PROTOCOL=TCP)(HOST=ORCL1)(PORT=1521))(CONNECT_DATA=(SID=ORCL)(CID=(PROGRAM=C:\ParusAlert\ParusAlert.exe)(HOST=ORCL1)(USER=Administrator))))

  VERSION INFORMATION:
	TNS for 32-bit Windows: Version 8.1.7.4.0 - Production
	Windows NT TCP/IP NT Protocol Adapter for 32-bit Windows: Version 8.1.7.4.0 - Production
  Time: 26-SEP-2003 15:50:00
  Tracing not turned on.
  Tns error struct:
    nr err code: 0
    ns main err code: 12564
    TNS-12564: TNS:connection refused
    ns secondary err code: 0
    nt main err code: 0
    nt secondary err code: 0
    nt OS err code: 0


***********************************************************************
Fatal NI connect error 12505, connecting to:
 (DESCRIPTION=(ADDRESS=(PROTOCOL=TCP)(HOST=ORCL1)(PORT=1521))(CONNECT_DATA=(SID=ORCL)(CID=(PROGRAM=C:\ParusAlert\ParusAlert.exe)(HOST=ORCL1)(USER=Administrator))))

  VERSION INFORMATION:
	TNS for 32-bit Windows: Version 8.1.7.4.0 - Production
	Windows NT TCP/IP NT Protocol Adapter for 32-bit Windows: Version 8.1.7.4.0 - Production
  Time: 11-NOV-2003 10:50:00
  Tracing not turned on.
  Tns error struct:
    nr err code: 0
    ns main err code: 12564
    TNS-12564: TNS:connection refused
    ns secondary err code: 0
    nt main err code: 0
    nt secondary err code: 0
    nt OS err code: 0


***********************************************************************
Fatal NI connect error 12505, connecting to:
 (DESCRIPTION=(ADDRESS=(PROTOCOL=TCP)(HOST=ORCL1)(PORT=1521))(CONNECT_DATA=(SID=ORCL)(CID=(PROGRAM=C:\ParusAlert\ParusAlert.exe)(HOST=ORCL1)(USER=Administrator))))

  VERSION INFORMATION:
	TNS for 32-bit Windows: Version 8.1.7.4.0 - Production
	Windows NT TCP/IP NT Protocol Adapter for 32-bit Windows: Version 8.1.7.4.0 - Production
  Time: 11-NOV-2003 11:00:00
  Tracing not turned on.
  Tns error struct:
    nr err code: 0
    ns main err code: 12564
    TNS-12564: TNS:connection refused
    ns secondary err code: 0
    nt main err code: 0
    nt secondary err code: 0
    nt OS err code: 0


***********************************************************************
Fatal NI connect error 12505, connecting to:
 (DESCRIPTION=(ADDRESS=(PROTOCOL=TCP)(HOST=ORCL1)(PORT=1521))(CONNECT_DATA=(SID=ORCL)(CID=(PROGRAM=C:\ParusAlert\ParusAlert.exe)(HOST=ORCL1)(USER=Administrator))))

  VERSION INFORMATION:
	TNS for 32-bit Windows: Version 8.1.7.4.0 - Production
	Windows NT TCP/IP NT Protocol Adapter for 32-bit Windows: Version 8.1.7.4.0 - Production
  Time: 11-NOV-2003 11:10:00
  Tracing not turned on.
  Tns error struct:
    nr err code: 0
    ns main err code: 12564
    TNS-12564: TNS:connection refused
    ns secondary err code: 0
    nt main err code: 0
    nt secondary err code: 0
    nt OS err code: 0


***********************************************************************
Fatal NI connect error 12505, connecting to:
 (DESCRIPTION=(ADDRESS=(PROTOCOL=TCP)(HOST=ORCL1)(PORT=1521))(CONNECT_DATA=(SID=ORCL)(CID=(PROGRAM=C:\ParusAlert\ParusAlert.exe)(HOST=ORCL1)(USER=Administrator))))

  VERSION INFORMATION:
	TNS for 32-bit Windows: Version 8.1.7.4.0 - Production
	Windows NT TCP/IP NT Protocol Adapter for 32-bit Windows: Version 8.1.7.4.0 - Production
  Time: 11-NOV-2003 11:20:00
  Tracing not turned on.
  Tns error struct:
    nr err code: 0
    ns main err code: 12564
    TNS-12564: TNS:connection refused
    ns secondary err code: 0
    nt main err code: 0
    nt secondary err code: 0
    nt OS err code: 0


***********************************************************************
Fatal NI connect error 12505, connecting to:
 (DESCRIPTION=(ADDRESS=(PROTOCOL=TCP)(HOST=ORCL1)(PORT=1521))(CONNECT_DATA=(SID=ORCL)(CID=(PROGRAM=C:\ParusAlert\ParusAlert.exe)(HOST=ORCL1)(USER=Administrator))))

  VERSION INFORMATION:
	TNS for 32-bit Windows: Version 8.1.7.4.0 - Production
	Windows NT TCP/IP NT Protocol Adapter for 32-bit Windows: Version 8.1.7.4.0 - Production
  Time: 11-NOV-2003 11:30:00
  Tracing not turned on.
  Tns error struct:
    nr err code: 0
    ns main err code: 12564
    TNS-12564: TNS:connection refused
    ns secondary err code: 0
    nt main err code: 0
    nt secondary err code: 0
    nt OS err code: 0


***********************************************************************
Fatal NI connect error 12505, connecting to:
 (DESCRIPTION=(ADDRESS=(PROTOCOL=TCP)(HOST=ORCL1)(PORT=1521))(CONNECT_DATA=(SID=ORCL)(CID=(PROGRAM=C:\ParusAlert\ParusAlert.exe)(HOST=ORCL1)(USER=Administrator))))

  VERSION INFORMATION:
	TNS for 32-bit Windows: Version 8.1.7.4.0 - Production
	Windows NT TCP/IP NT Protocol Adapter for 32-bit Windows: Version 8.1.7.4.0 - Production
  Time: 17-NOV-2003 09:10:02
  Tracing not turned on.
  Tns error struct:
    nr err code: 0
    ns main err code: 12564
    TNS-12564: TNS:connection refused
    ns secondary err code: 0
    nt main err code: 0
    nt secondary err code: 0
    nt OS err code: 0


***********************************************************************
Fatal NI connect error 12505, connecting to:
 (DESCRIPTION=(ADDRESS=(PROTOCOL=TCP)(HOST=ORCL1)(PORT=1521))(CONNECT_DATA=(SID=ORCL)(CID=(PROGRAM=C:\ParusAlert\ParusAlert.exe)(HOST=ORCL1)(USER=Administrator))))

  VERSION INFORMATION:
	TNS for 32-bit Windows: Version 8.1.7.4.0 - Production
	Windows NT TCP/IP NT Protocol Adapter for 32-bit Windows: Version 8.1.7.4.0 - Production
  Time: 17-NOV-2003 09:20:00
  Tracing not turned on.
  Tns error struct:
    nr err code: 0
    ns main err code: 12564
    TNS-12564: TNS:connection refused
    ns secondary err code: 0
    nt main err code: 0
    nt secondary err code: 0
    nt OS err code: 0


***********************************************************************
Fatal NI connect error 12505, connecting to:
 (DESCRIPTION=(ADDRESS=(PROTOCOL=TCP)(HOST=ORCL1)(PORT=1521))(CONNECT_DATA=(SID=ORCL)(CID=(PROGRAM=C:\ParusAlert\ParusAlert.exe)(HOST=ORCL1)(USER=Administrator))))

  VERSION INFORMATION:
	TNS for 32-bit Windows: Version 8.1.7.4.0 - Production
	Windows NT TCP/IP NT Protocol Adapter for 32-bit Windows: Version 8.1.7.4.0 - Production
  Time: 17-NOV-2003 09:30:00
  Tracing not turned on.
  Tns error struct:
    nr err code: 0
    ns main err code: 12564
    TNS-12564: TNS:connection refused
    ns secondary err code: 0
    nt main err code: 0
    nt secondary err code: 0
    nt OS err code: 0


***********************************************************************
Fatal NI connect error 12505, connecting to:
 (DESCRIPTION=(ADDRESS=(PROTOCOL=TCP)(HOST=ORCL1)(PORT=1521))(CONNECT_DATA=(SID=ORCL)(CID=(PROGRAM=C:\ParusAlert\ParusAlert.exe)(HOST=ORCL1)(USER=Administrator))))

  VERSION INFORMATION:
	TNS for 32-bit Windows: Version 8.1.7.4.0 - Production
	Windows NT TCP/IP NT Protocol Adapter for 32-bit Windows: Version 8.1.7.4.0 - Production
  Time: 17-NOV-2003 09:40:00
  Tracing not turned on.
  Tns error struct:
    nr err code: 0
    ns main err code: 12564
    TNS-12564: TNS:connection refused
    ns secondary err code: 0
    nt main err code: 0
    nt secondary err code: 0
    nt OS err code: 0


***********************************************************************
Fatal NI connect error 12505, connecting to:
 (DESCRIPTION=(ADDRESS=(PROTOCOL=TCP)(HOST=ORCL1)(PORT=1521))(CONNECT_DATA=(SID=ORCL)(CID=(PROGRAM=C:\ParusAlert\ParusAlert.exe)(HOST=ORCL1)(USER=Administrator))))

  VERSION INFORMATION:
	TNS for 32-bit Windows: Version 8.1.7.4.0 - Production
	Windows NT TCP/IP NT Protocol Adapter for 32-bit Windows: Version 8.1.7.4.0 - Production
  Time: 17-NOV-2003 09:46:40
  Tracing not turned on.
  Tns error struct:
    nr err code: 0
    ns main err code: 12564
    TNS-12564: TNS:connection refused
    ns secondary err code: 0
    nt main err code: 0
    nt secondary err code: 0
    nt OS err code: 0


***********************************************************************
Fatal NI connect error 12505, connecting to:
 (DESCRIPTION=(ADDRESS=(PROTOCOL=TCP)(HOST=ORCL1)(PORT=1521))(CONNECT_DATA=(SID=ORCL)(CID=(PROGRAM=C:\ParusAlert\ParusAlert.exe)(HOST=ORCL1)(USER=Administrator))))

  VERSION INFORMATION:
	TNS for 32-bit Windows: Version 8.1.7.4.0 - Production
	Windows NT TCP/IP NT Protocol Adapter for 32-bit Windows: Version 8.1.7.4.0 - Production
  Time: 17-NOV-2003 09:50:00
  Tracing not turned on.
  Tns error struct:
    nr err code: 0
    ns main err code: 12564
    TNS-12564: TNS:connection refused
    ns secondary err code: 0
    nt main err code: 0
    nt secondary err code: 0
    nt OS err code: 0


***********************************************************************
Fatal NI connect error 12505, connecting to:
 (DESCRIPTION=(ADDRESS=(PROTOCOL=TCP)(HOST=ORCL1)(PORT=1521))(CONNECT_DATA=(SID=ORCL)(CID=(PROGRAM=C:\ParusAlert\ParusAlert.exe)(HOST=ORCL1)(USER=Administrator))))

  VERSION INFORMATION:
	TNS for 32-bit Windows: Version 8.1.7.4.0 - Production
	Windows NT TCP/IP NT Protocol Adapter for 32-bit Windows: Version 8.1.7.4.0 - Production
  Time: 17-NOV-2003 10:00:00
  Tracing not turned on.
  Tns error struct:
    nr err code: 0
    ns main err code: 12564
    TNS-12564: TNS:connection refused
    ns secondary err code: 0
    nt main err code: 0
    nt secondary err code: 0
    nt OS err code: 0


***********************************************************************
Fatal NI connect error 12505, connecting to:
 (DESCRIPTION=(ADDRESS=(PROTOCOL=TCP)(HOST=ORCL1)(PORT=1521))(CONNECT_DATA=(SID=ORCL)(CID=(PROGRAM=C:\ParusAlert\ParusAlert.exe)(HOST=ORCL1)(USER=Administrator))))

  VERSION INFORMATION:
	TNS for 32-bit Windows: Version 8.1.7.4.0 - Production
	Windows NT TCP/IP NT Protocol Adapter for 32-bit Windows: Version 8.1.7.4.0 - Production
  Time: 17-NOV-2003 10:10:00
  Tracing not turned on.
  Tns error struct:
    nr err code: 0
    ns main err code: 12564
    TNS-12564: TNS:connection refused
    ns secondary err code: 0
    nt main err code: 0
    nt secondary err code: 0
    nt OS err code: 0


***********************************************************************
Fatal NI connect error 12505, connecting to:
 (DESCRIPTION=(ADDRESS=(PROTOCOL=TCP)(HOST=ORCL1)(PORT=1521))(CONNECT_DATA=(SID=ORCL)(CID=(PROGRAM=C:\ParusAlert\ParusAlert.exe)(HOST=ORCL1)(USER=Administrator))))

  VERSION INFORMATION:
	TNS for 32-bit Windows: Version 8.1.7.4.0 - Production
	Windows NT TCP/IP NT Protocol Adapter for 32-bit Windows: Version 8.1.7.4.0 - Production
  Time: 17-NOV-2003 10:20:00
  Tracing not turned on.
  Tns error struct:
    nr err code: 0
    ns main err code: 12564
    TNS-12564: TNS:connection refused
    ns secondary err code: 0
    nt main err code: 0
    nt secondary err code: 0
    nt OS err code: 0


***********************************************************************
Fatal NI connect error 12505, connecting to:
 (DESCRIPTION=(ADDRESS=(PROTOCOL=TCP)(HOST=ORCL1)(PORT=1521))(CONNECT_DATA=(SID=ORCL)(CID=(PROGRAM=C:\ParusAlert\ParusAlert.exe)(HOST=ORCL1)(USER=Administrator))))

  VERSION INFORMATION:
	TNS for 32-bit Windows: Version 8.1.7.4.0 - Production
	Windows NT TCP/IP NT Protocol Adapter for 32-bit Windows: Version 8.1.7.4.0 - Production
  Time: 17-NOV-2003 10:30:00
  Tracing not turned on.
  Tns error struct:
    nr err code: 0
    ns main err code: 12564
    TNS-12564: TNS:connection refused
    ns secondary err code: 0
    nt main err code: 0
    nt secondary err code: 0
    nt OS err code: 0


***********************************************************************
Fatal NI connect error 12505, connecting to:
 (DESCRIPTION=(ADDRESS=(PROTOCOL=TCP)(HOST=ORCL1)(PORT=1521))(CONNECT_DATA=(SID=ORCL)(CID=(PROGRAM=C:\ParusAlert\ParusAlert.exe)(HOST=ORCL1)(USER=Administrator))))

  VERSION INFORMATION:
	TNS for 32-bit Windows: Version 8.1.7.4.0 - Production
	Windows NT TCP/IP NT Protocol Adapter for 32-bit Windows: Version 8.1.7.4.0 - Production
  Time: 17-NOV-2003 10:40:00
  Tracing not turned on.
  Tns error struct:
    nr err code: 0
    ns main err code: 12564
    TNS-12564: TNS:connection refused
    ns secondary err code: 0
    nt main err code: 0
    nt secondary err code: 0
    nt OS err code: 0


***********************************************************************
Fatal NI connect error 12505, connecting to:
 (DESCRIPTION=(ADDRESS=(PROTOCOL=TCP)(HOST=ORCL1)(PORT=1521))(CONNECT_DATA=(SID=ORCL)(CID=(PROGRAM=C:\ParusAlert\ParusAlert.exe)(HOST=ORCL1)(USER=Administrator))))

  VERSION INFORMATION:
	TNS for 32-bit Windows: Version 8.1.7.4.0 - Production
	Windows NT TCP/IP NT Protocol Adapter for 32-bit Windows: Version 8.1.7.4.0 - Production
  Time: 17-NOV-2003 10:50:00
  Tracing not turned on.
  Tns error struct:
    nr err code: 0
    ns main err code: 12564
    TNS-12564: TNS:connection refused
    ns secondary err code: 0
    nt main err code: 0
    nt secondary err code: 0
    nt OS err code: 0


***********************************************************************
Fatal NI connect error 12505, connecting to:
 (DESCRIPTION=(ADDRESS=(PROTOCOL=TCP)(HOST=ORCL1)(PORT=1521))(CONNECT_DATA=(SID=ORCL)(CID=(PROGRAM=C:\ParusAlert\ParusAlert.exe)(HOST=ORCL1)(USER=Administrator))))

  VERSION INFORMATION:
	TNS for 32-bit Windows: Version 8.1.7.4.0 - Production
	Windows NT TCP/IP NT Protocol Adapter for 32-bit Windows: Version 8.1.7.4.0 - Production
  Time: 17-NOV-2003 11:00:00
  Tracing not turned on.
  Tns error struct:
    nr err code: 0
    ns main err code: 12564
    TNS-12564: TNS:connection refused
    ns secondary err code: 0
    nt main err code: 0
    nt secondary err code: 0
    nt OS err code: 0


***********************************************************************
Fatal NI connect error 12505, connecting to:
 (DESCRIPTION=(ADDRESS=(PROTOCOL=TCP)(HOST=ORCL1)(PORT=1521))(CONNECT_DATA=(SID=ORCL)(CID=(PROGRAM=C:\ParusAlert\ParusAlert.exe)(HOST=ORCL1)(USER=Administrator))))

  VERSION INFORMATION:
	TNS for 32-bit Windows: Version 8.1.7.4.0 - Production
	Windows NT TCP/IP NT Protocol Adapter for 32-bit Windows: Version 8.1.7.4.0 - Production
  Time: 17-NOV-2003 11:10:00
  Tracing not turned on.
  Tns error struct:
    nr err code: 0
    ns main err code: 12564
    TNS-12564: TNS:connection refused
    ns secondary err code: 0
    nt main err code: 0
    nt secondary err code: 0
    nt OS err code: 0


***********************************************************************
Fatal NI connect error 12505, connecting to:
 (DESCRIPTION=(ADDRESS=(PROTOCOL=TCP)(HOST=ORCL1)(PORT=1521))(CONNECT_DATA=(SID=ORCL)(CID=(PROGRAM=C:\ParusAlert\ParusAlert.exe)(HOST=ORCL1)(USER=Administrator))))

  VERSION INFORMATION:
	TNS for 32-bit Windows: Version 8.1.7.4.0 - Production
	Windows NT TCP/IP NT Protocol Adapter for 32-bit Windows: Version 8.1.7.4.0 - Production
  Time: 17-NOV-2003 11:20:00
  Tracing not turned on.
  Tns error struct:
    nr err code: 0
    ns main err code: 12564
    TNS-12564: TNS:connection refused
    ns secondary err code: 0
    nt main err code: 0
    nt secondary err code: 0
    nt OS err code: 0


***********************************************************************
Fatal NI connect error 12505, connecting to:
 (DESCRIPTION=(ADDRESS=(PROTOCOL=TCP)(HOST=ORCL1)(PORT=1521))(CONNECT_DATA=(SID=ORCL)(CID=(PROGRAM=C:\ParusAlert\ParusAlert.exe)(HOST=ORCL1)(USER=Administrator))))

  VERSION INFORMATION:
	TNS for 32-bit Windows: Version 8.1.7.4.0 - Production
	Windows NT TCP/IP NT Protocol Adapter for 32-bit Windows: Version 8.1.7.4.0 - Production
  Time: 17-NOV-2003 11:30:00
  Tracing not turned on.
  Tns error struct:
    nr err code: 0
    ns main err code: 12564
    TNS-12564: TNS:connection refused
    ns secondary err code: 0
    nt main err code: 0
    nt secondary err code: 0
    nt OS err code: 0


***********************************************************************
Fatal NI connect error 12505, connecting to:
 (DESCRIPTION=(ADDRESS=(PROTOCOL=TCP)(HOST=ORCL1)(PORT=1521))(CONNECT_DATA=(SID=ORCL)(CID=(PROGRAM=C:\ParusAlert\ParusAlert.exe)(HOST=ORCL1)(USER=Administrator))))

  VERSION INFORMATION:
	TNS for 32-bit Windows: Version 8.1.7.4.0 - Production
	Windows NT TCP/IP NT Protocol Adapter for 32-bit Windows: Version 8.1.7.4.0 - Production
  Time: 17-NOV-2003 11:40:00
  Tracing not turned on.
  Tns error struct:
    nr err code: 0
    ns main err code: 12564
    TNS-12564: TNS:connection refused
    ns secondary err code: 0
    nt main err code: 0
    nt secondary err code: 0
    nt OS err code: 0


***********************************************************************
Fatal NI connect error 12505, connecting to:
 (DESCRIPTION=(ADDRESS=(PROTOCOL=TCP)(HOST=ORCL1)(PORT=1521))(CONNECT_DATA=(SID=ORCL)(CID=(PROGRAM=C:\ParusAlert\ParusAlert.exe)(HOST=ORCL1)(USER=Administrator))))

  VERSION INFORMATION:
	TNS for 32-bit Windows: Version 8.1.7.4.0 - Production
	Windows NT TCP/IP NT Protocol Adapter for 32-bit Windows: Version 8.1.7.4.0 - Production
  Time: 17-NOV-2003 11:50:00
  Tracing not turned on.
  Tns error struct:
    nr err code: 0
    ns main err code: 12564
    TNS-12564: TNS:connection refused
    ns secondary err code: 0
    nt main err code: 0
    nt secondary err code: 0
    nt OS err code: 0


***********************************************************************
Fatal NI connect error 12505, connecting to:
 (DESCRIPTION=(ADDRESS=(PROTOCOL=TCP)(HOST=ORCL1)(PORT=1521))(CONNECT_DATA=(SID=ORCL)(CID=(PROGRAM=C:\ParusAlert\ParusAlert.exe)(HOST=ORCL1)(USER=Administrator))))

  VERSION INFORMATION:
	TNS for 32-bit Windows: Version 8.1.7.4.0 - Production
	Windows NT TCP/IP NT Protocol Adapter for 32-bit Windows: Version 8.1.7.4.0 - Production
  Time: 17-NOV-2003 12:00:00
  Tracing not turned on.
  Tns error struct:
    nr err code: 0
    ns main err code: 12564
    TNS-12564: TNS:connection refused
    ns secondary err code: 0
    nt main err code: 0
    nt secondary err code: 0
    nt OS err code: 0


***********************************************************************
Fatal NI connect error 12505, connecting to:
 (DESCRIPTION=(ADDRESS=(PROTOCOL=TCP)(HOST=ORCL1)(PORT=1521))(CONNECT_DATA=(SID=ORCL)(CID=(PROGRAM=C:\ParusAlert\ParusAlert.exe)(HOST=ORCL1)(USER=Administrator))))

  VERSION INFORMATION:
	TNS for 32-bit Windows: Version 8.1.7.4.0 - Production
	Windows NT TCP/IP NT Protocol Adapter for 32-bit Windows: Version 8.1.7.4.0 - Production
  Time: 17-NOV-2003 12:10:00
  Tracing not turned on.
  Tns error struct:
    nr err code: 0
    ns main err code: 12564
    TNS-12564: TNS:connection refused
    ns secondary err code: 0
    nt main err code: 0
    nt secondary err code: 0
    nt OS err code: 0


***********************************************************************
Fatal NI connect error 12505, connecting to:
 (DESCRIPTION=(ADDRESS=(PROTOCOL=TCP)(HOST=ORCL1)(PORT=1521))(CONNECT_DATA=(SID=ORCL)(CID=(PROGRAM=C:\ParusAlert\ParusAlert.exe)(HOST=ORCL1)(USER=Administrator))))

  VERSION INFORMATION:
	TNS for 32-bit Windows: Version 8.1.7.4.0 - Production
	Windows NT TCP/IP NT Protocol Adapter for 32-bit Windows: Version 8.1.7.4.0 - Production
  Time: 17-NOV-2003 12:20:00
  Tracing not turned on.
  Tns error struct:
    nr err code: 0
    ns main err code: 12564
    TNS-12564: TNS:connection refused
    ns secondary err code: 0
    nt main err code: 0
    nt secondary err code: 0
    nt OS err code: 0


***********************************************************************
Fatal NI connect error 12505, connecting to:
 (DESCRIPTION=(ADDRESS=(PROTOCOL=TCP)(HOST=ORCL1)(PORT=1521))(CONNECT_DATA=(SID=ORCL)(CID=(PROGRAM=C:\ParusAlert\ParusAlert.exe)(HOST=ORCL1)(USER=Administrator))))

  VERSION INFORMATION:
	TNS for 32-bit Windows: Version 8.1.7.4.0 - Production
	Windows NT TCP/IP NT Protocol Adapter for 32-bit Windows: Version 8.1.7.4.0 - Production
  Time: 17-NOV-2003 12:30:00
  Tracing not turned on.
  Tns error struct:
    nr err code: 0
    ns main err code: 12564
    TNS-12564: TNS:connection refused
    ns secondary err code: 0
    nt main err code: 0
    nt secondary err code: 0
    nt OS err code: 0


***********************************************************************
Fatal NI connect error 12505, connecting to:
 (DESCRIPTION=(ADDRESS=(PROTOCOL=TCP)(HOST=ORCL1)(PORT=1521))(CONNECT_DATA=(SID=ORCL)(CID=(PROGRAM=C:\ParusAlert\ParusAlert.exe)(HOST=ORCL1)(USER=Administrator))))

  VERSION INFORMATION:
	TNS for 32-bit Windows: Version 8.1.7.4.0 - Production
	Windows NT TCP/IP NT Protocol Adapter for 32-bit Windows: Version 8.1.7.4.0 - Production
  Time: 17-NOV-2003 12:40:00
  Tracing not turned on.
  Tns error struct:
    nr err code: 0
    ns main err code: 12564
    TNS-12564: TNS:connection refused
    ns secondary err code: 0
    nt main err code: 0
    nt secondary err code: 0
    nt OS err code: 0


***********************************************************************
Fatal NI connect error 12505, connecting to:
 (DESCRIPTION=(ADDRESS=(PROTOCOL=TCP)(HOST=ORCL1)(PORT=1521))(CONNECT_DATA=(SID=ORCL)(CID=(PROGRAM=C:\ParusAlert\ParusAlert.exe)(HOST=ORCL1)(USER=Administrator))))

  VERSION INFORMATION:
	TNS for 32-bit Windows: Version 8.1.7.4.0 - Production
	Windows NT TCP/IP NT Protocol Adapter for 32-bit Windows: Version 8.1.7.4.0 - Production
  Time: 17-NOV-2003 12:50:00
  Tracing not turned on.
  Tns error struct:
    nr err code: 0
    ns main err code: 12564
    TNS-12564: TNS:connection refused
    ns secondary err code: 0
    nt main err code: 0
    nt secondary err code: 0
    nt OS err code: 0


***********************************************************************
Fatal NI connect error 12505, connecting to:
 (DESCRIPTION=(ADDRESS=(PROTOCOL=TCP)(HOST=ORCL1)(PORT=1521))(CONNECT_DATA=(SID=ORCL)(CID=(PROGRAM=C:\ParusAlert\ParusAlert.exe)(HOST=ORCL1)(USER=Administrator))))

  VERSION INFORMATION:
	TNS for 32-bit Windows: Version 8.1.7.4.0 - Production
	Windows NT TCP/IP NT Protocol Adapter for 32-bit Windows: Version 8.1.7.4.0 - Production
  Time: 17-NOV-2003 13:00:00
  Tracing not turned on.
  Tns error struct:
    nr err code: 0
    ns main err code: 12564
    TNS-12564: TNS:connection refused
    ns secondary err code: 0
    nt main err code: 0
    nt secondary err code: 0
    nt OS err code: 0


***********************************************************************
Fatal NI connect error 12505, connecting to:
 (DESCRIPTION=(ADDRESS=(PROTOCOL=TCP)(HOST=ORCL1)(PORT=1521))(CONNECT_DATA=(SID=ORCL)(CID=(PROGRAM=C:\ParusAlert\ParusAlert.exe)(HOST=ORCL1)(USER=Administrator))))

  VERSION INFORMATION:
	TNS for 32-bit Windows: Version 8.1.7.4.0 - Production
	Windows NT TCP/IP NT Protocol Adapter for 32-bit Windows: Version 8.1.7.4.0 - Production
  Time: 17-NOV-2003 13:10:00
  Tracing not turned on.
  Tns error struct:
    nr err code: 0
    ns main err code: 12564
    TNS-12564: TNS:connection refused
    ns secondary err code: 0
    nt main err code: 0
    nt secondary err code: 0
    nt OS err code: 0


***********************************************************************
Fatal NI connect error 12505, connecting to:
 (DESCRIPTION=(ADDRESS=(PROTOCOL=TCP)(HOST=ORCL1)(PORT=1521))(CONNECT_DATA=(SID=ORCL)(CID=(PROGRAM=C:\ParusAlert\ParusAlert.exe)(HOST=ORCL1)(USER=Administrator))))

  VERSION INFORMATION:
	TNS for 32-bit Windows: Version 8.1.7.4.0 - Production
	Windows NT TCP/IP NT Protocol Adapter for 32-bit Windows: Version 8.1.7.4.0 - Production
  Time: 17-NOV-2003 13:20:00
  Tracing not turned on.
  Tns error struct:
    nr err code: 0
    ns main err code: 12564
    TNS-12564: TNS:connection refused
    ns secondary err code: 0
    nt main err code: 0
    nt secondary err code: 0
    nt OS err code: 0


***********************************************************************
Fatal NI connect error 12505, connecting to:
 (DESCRIPTION=(ADDRESS=(PROTOCOL=TCP)(HOST=ORCL1)(PORT=1521))(CONNECT_DATA=(SID=ORCL)(CID=(PROGRAM=C:\ParusAlert\ParusAlert.exe)(HOST=ORCL1)(USER=Administrator))))

  VERSION INFORMATION:
	TNS for 32-bit Windows: Version 8.1.7.4.0 - Production
	Windows NT TCP/IP NT Protocol Adapter for 32-bit Windows: Version 8.1.7.4.0 - Production
  Time: 17-NOV-2003 13:30:00
  Tracing not turned on.
  Tns error struct:
    nr err code: 0
    ns main err code: 12564
    TNS-12564: TNS:connection refused
    ns secondary err code: 0
    nt main err code: 0
    nt secondary err code: 0
    nt OS err code: 0


***********************************************************************
Fatal NI connect error 12505, connecting to:
 (DESCRIPTION=(ADDRESS=(PROTOCOL=TCP)(HOST=ORCL1)(PORT=1521))(CONNECT_DATA=(SID=ORCL)(CID=(PROGRAM=C:\ParusAlert\ParusAlert.exe)(HOST=ORCL1)(USER=Administrator))))

  VERSION INFORMATION:
	TNS for 32-bit Windows: Version 8.1.7.4.0 - Production
	Windows NT TCP/IP NT Protocol Adapter for 32-bit Windows: Version 8.1.7.4.0 - Production
  Time: 17-NOV-2003 13:40:00
  Tracing not turned on.
  Tns error struct:
    nr err code: 0
    ns main err code: 12564
    TNS-12564: TNS:connection refused
    ns secondary err code: 0
    nt main err code: 0
    nt secondary err code: 0
    nt OS err code: 0


***********************************************************************
Fatal NI connect error 12505, connecting to:
 (DESCRIPTION=(ADDRESS=(PROTOCOL=TCP)(HOST=ORCL1)(PORT=1521))(CONNECT_DATA=(SID=ORCL)(CID=(PROGRAM=C:\ParusAlert\ParusAlert.exe)(HOST=ORCL1)(USER=Administrator))))

  VERSION INFORMATION:
	TNS for 32-bit Windows: Version 8.1.7.4.0 - Production
	Windows NT TCP/IP NT Protocol Adapter for 32-bit Windows: Version 8.1.7.4.0 - Production
  Time: 17-NOV-2003 13:50:00
  Tracing not turned on.
  Tns error struct:
    nr err code: 0
    ns main err code: 12564
    TNS-12564: TNS:connection refused
    ns secondary err code: 0
    nt main err code: 0
    nt secondary err code: 0
    nt OS err code: 0


***********************************************************************
Fatal NI connect error 12505, connecting to:
 (DESCRIPTION=(ADDRESS=(PROTOCOL=TCP)(HOST=ORCL1)(PORT=1521))(CONNECT_DATA=(SID=ORCL)(CID=(PROGRAM=C:\ParusAlert\ParusAlert.exe)(HOST=ORCL1)(USER=Administrator))))

  VERSION INFORMATION:
	TNS for 32-bit Windows: Version 8.1.7.4.0 - Production
	Windows NT TCP/IP NT Protocol Adapter for 32-bit Windows: Version 8.1.7.4.0 - Production
  Time: 17-NOV-2003 14:00:00
  Tracing not turned on.
  Tns error struct:
    nr err code: 0
    ns main err code: 12564
    TNS-12564: TNS:connection refused
    ns secondary err code: 0
    nt main err code: 0
    nt secondary err code: 0
    nt OS err code: 0


***********************************************************************
Fatal NI connect error 12505, connecting to:
 (DESCRIPTION=(ADDRESS=(PROTOCOL=TCP)(HOST=ORCL1)(PORT=1521))(CONNECT_DATA=(SID=ORCL)(CID=(PROGRAM=C:\ParusAlert\ParusAlert.exe)(HOST=ORCL1)(USER=Administrator))))

  VERSION INFORMATION:
	TNS for 32-bit Windows: Version 8.1.7.4.0 - Production
	Windows NT TCP/IP NT Protocol Adapter for 32-bit Windows: Version 8.1.7.4.0 - Production
  Time: 17-NOV-2003 14:10:00
  Tracing not turned on.
  Tns error struct:
    nr err code: 0
    ns main err code: 12564
    TNS-12564: TNS:connection refused
    ns secondary err code: 0
    nt main err code: 0
    nt secondary err code: 0
    nt OS err code: 0


***********************************************************************
Fatal NI connect error 12505, connecting to:
 (DESCRIPTION=(ADDRESS=(PROTOCOL=TCP)(HOST=ORCL1)(PORT=1521))(CONNECT_DATA=(SID=ORCL)(CID=(PROGRAM=C:\ParusAlert\ParusAlert.exe)(HOST=ORCL1)(USER=Administrator))))

  VERSION INFORMATION:
	TNS for 32-bit Windows: Version 8.1.7.4.0 - Production
	Windows NT TCP/IP NT Protocol Adapter for 32-bit Windows: Version 8.1.7.4.0 - Production
  Time: 17-NOV-2003 14:20:00
  Tracing not turned on.
  Tns error struct:
    nr err code: 0
    ns main err code: 12564
    TNS-12564: TNS:connection refused
    ns secondary err code: 0
    nt main err code: 0
    nt secondary err code: 0
    nt OS err code: 0


***********************************************************************
Fatal NI connect error 12505, connecting to:
 (DESCRIPTION=(ADDRESS=(PROTOCOL=TCP)(HOST=ORCL1)(PORT=1521))(CONNECT_DATA=(SID=ORCL)(CID=(PROGRAM=C:\ParusAlert\ParusAlert.exe)(HOST=ORCL1)(USER=Administrator))))

  VERSION INFORMATION:
	TNS for 32-bit Windows: Version 8.1.7.4.0 - Production
	Windows NT TCP/IP NT Protocol Adapter for 32-bit Windows: Version 8.1.7.4.0 - Production
  Time: 17-NOV-2003 14:30:00
  Tracing not turned on.
  Tns error struct:
    nr err code: 0
    ns main err code: 12564
    TNS-12564: TNS:connection refused
    ns secondary err code: 0
    nt main err code: 0
    nt secondary err code: 0
    nt OS err code: 0


***********************************************************************
Fatal NI connect error 12505, connecting to:
 (DESCRIPTION=(ADDRESS=(PROTOCOL=TCP)(HOST=ORCL1)(PORT=1521))(CONNECT_DATA=(SID=ORCL)(CID=(PROGRAM=C:\ParusAlert\ParusAlert.exe)(HOST=ORCL1)(USER=Administrator))))

  VERSION INFORMATION:
	TNS for 32-bit Windows: Version 8.1.7.4.0 - Production
	Windows NT TCP/IP NT Protocol Adapter for 32-bit Windows: Version 8.1.7.4.0 - Production
  Time: 17-NOV-2003 14:40:00
  Tracing not turned on.
  Tns error struct:
    nr err code: 0
    ns main err code: 12564
    TNS-12564: TNS:connection refused
    ns secondary err code: 0
    nt main err code: 0
    nt secondary err code: 0
    nt OS err code: 0


***********************************************************************
Fatal NI connect error 12505, connecting to:
 (DESCRIPTION=(ADDRESS=(PROTOCOL=TCP)(HOST=ORCL1)(PORT=1521))(CONNECT_DATA=(SID=ORCL)(CID=(PROGRAM=C:\ParusAlert\ParusAlert.exe)(HOST=ORCL1)(USER=Administrator))))

  VERSION INFORMATION:
	TNS for 32-bit Windows: Version 8.1.7.4.0 - Production
	Windows NT TCP/IP NT Protocol Adapter for 32-bit Windows: Version 8.1.7.4.0 - Production
  Time: 17-NOV-2003 14:50:00
  Tracing not turned on.
  Tns error struct:
    nr err code: 0
    ns main err code: 12564
    TNS-12564: TNS:connection refused
    ns secondary err code: 0
    nt main err code: 0
    nt secondary err code: 0
    nt OS err code: 0


***********************************************************************
Fatal NI connect error 12505, connecting to:
 (DESCRIPTION=(ADDRESS=(PROTOCOL=TCP)(HOST=ORCL1)(PORT=1521))(CONNECT_DATA=(SID=ORCL)(CID=(PROGRAM=C:\ParusAlert\ParusAlert.exe)(HOST=ORCL1)(USER=Administrator))))

  VERSION INFORMATION:
	TNS for 32-bit Windows: Version 8.1.7.4.0 - Production
	Windows NT TCP/IP NT Protocol Adapter for 32-bit Windows: Version 8.1.7.4.0 - Production
  Time: 17-NOV-2003 15:00:00
  Tracing not turned on.
  Tns error struct:
    nr err code: 0
    ns main err code: 12564
    TNS-12564: TNS:connection refused
    ns secondary err code: 0
    nt main err code: 0
    nt secondary err code: 0
    nt OS err code: 0


***********************************************************************
Fatal NI connect error 12505, connecting to:
 (DESCRIPTION=(ADDRESS=(PROTOCOL=TCP)(HOST=ORCL1)(PORT=1521))(CONNECT_DATA=(SID=ORCL)(CID=(PROGRAM=C:\ParusAlert\ParusAlert.exe)(HOST=ORCL1)(USER=Administrator))))

  VERSION INFORMATION:
	TNS for 32-bit Windows: Version 8.1.7.4.0 - Production
	Windows NT TCP/IP NT Protocol Adapter for 32-bit Windows: Version 8.1.7.4.0 - Production
  Time: 17-NOV-2003 15:10:00
  Tracing not turned on.
  Tns error struct:
    nr err code: 0
    ns main err code: 12564
    TNS-12564: TNS:connection refused
    ns secondary err code: 0
    nt main err code: 0
    nt secondary err code: 0
    nt OS err code: 0


***********************************************************************
Fatal NI connect error 12505, connecting to:
 (DESCRIPTION=(ADDRESS=(PROTOCOL=TCP)(HOST=ORCL1)(PORT=1521))(CONNECT_DATA=(SID=ORCL)(CID=(PROGRAM=C:\ParusAlert\ParusAlert.exe)(HOST=ORCL1)(USER=Administrator))))

  VERSION INFORMATION:
	TNS for 32-bit Windows: Version 8.1.7.4.0 - Production
	Windows NT TCP/IP NT Protocol Adapter for 32-bit Windows: Version 8.1.7.4.0 - Production
  Time: 24-NOV-2003 14:30:01
  Tracing not turned on.
  Tns error struct:
    nr err code: 0
    ns main err code: 12564
    TNS-12564: TNS:connection refused
    ns secondary err code: 0
    nt main err code: 0
    nt secondary err code: 0
    nt OS err code: 0


***********************************************************************
Fatal NI connect error 12505, connecting to:
 (DESCRIPTION=(ADDRESS=(PROTOCOL=TCP)(HOST=ORCL1)(PORT=1521))(CONNECT_DATA=(SID=ORCL)(CID=(PROGRAM=C:\ParusAlert\ParusAlert.exe)(HOST=ORCL1)(USER=Administrator))))

  VERSION INFORMATION:
	TNS for 32-bit Windows: Version 8.1.7.4.0 - Production
	Windows NT TCP/IP NT Protocol Adapter for 32-bit Windows: Version 8.1.7.4.0 - Production
  Time: 24-NOV-2003 14:40:00
  Tracing not turned on.
  Tns error struct:
    nr err code: 0
    ns main err code: 12564
    TNS-12564: TNS:connection refused
    ns secondary err code: 0
    nt main err code: 0
    nt secondary err code: 0
    nt OS err code: 0


***********************************************************************
Fatal NI connect error 12505, connecting to:
 (DESCRIPTION=(ADDRESS=(PROTOCOL=TCP)(HOST=ORCL1)(PORT=1521))(CONNECT_DATA=(SID=ORCL)(CID=(PROGRAM=C:\ParusAlert\ParusAlert.exe)(HOST=ORCL1)(USER=Administrator))))

  VERSION INFORMATION:
	TNS for 32-bit Windows: Version 8.1.7.4.0 - Production
	Windows NT TCP/IP NT Protocol Adapter for 32-bit Windows: Version 8.1.7.4.0 - Production
  Time: 09-DEC-2003 13:50:00
  Tracing not turned on.
  Tns error struct:
    nr err code: 0
    ns main err code: 12564
    TNS-12564: TNS:connection refused
    ns secondary err code: 0
    nt main err code: 0
    nt secondary err code: 0
    nt OS err code: 0


***********************************************************************
Fatal NI connect error 12505, connecting to:
 (DESCRIPTION=(ADDRESS=(PROTOCOL=TCP)(HOST=ORCL1)(PORT=1521))(CONNECT_DATA=(SID=ORCL)(CID=(PROGRAM=C:\ParusAlert\ParusAlert.exe)(HOST=ORCL1)(USER=Administrator))))

  VERSION INFORMATION:
	TNS for 32-bit Windows: Version 8.1.7.4.0 - Production
	Windows NT TCP/IP NT Protocol Adapter for 32-bit Windows: Version 8.1.7.4.0 - Production
  Time: 09-DEC-2003 14:00:00
  Tracing not turned on.
  Tns error struct:
    nr err code: 0
    ns main err code: 12564
    TNS-12564: TNS:connection refused
    ns secondary err code: 0
    nt main err code: 0
    nt secondary err code: 0
    nt OS err code: 0
