
STATSPACK report for

DB Name         DB Id    Instance     Inst Num Release     OPS Host
------------ ----------- ------------ -------- ----------- --- ------------
ORACLE        1307164038 orcl                1 8.1.7.4.1   NO  ORCL2

                Snap Id     Snap Time      Sessions
                ------- ------------------ --------
 Begin Snap:        137 05-Mar-04 08:00:00       19
   End Snap:        138 05-Mar-04 08:10:00       19
    Elapsed:                  10.00 (mins)

Cache Sizes
~~~~~~~~~~~
           db_block_buffers:     131072          log_buffer:    1048576
              db_block_size:       8192    shared_pool_size:  367001600

Load Profile
~~~~~~~~~~~~                            Per Second       Per Transaction
                                   ---------------       ---------------
                  Redo size:              2,390.10              2,920.69
              Logical reads:              3,113.05              3,804.13
              Block changes:                 13.70                 16.74
             Physical reads:                 25.22                 30.82
            Physical writes:                  2.18                  2.66
                 User calls:                  6.78                  8.29
                     Parses:                 10.40                 12.71
                Hard parses:                  0.43                  0.53
                      Sorts:                  6.91                  8.45
                     Logons:                  0.02                  0.03
                   Executes:                 51.25                 62.63
               Transactions:                  0.82

  % Blocks changed per Read:    0.44    Recursive Call %:   96.69
 Rollback per transaction %:    0.61       Rows per Sort:   13.12

Instance Efficiency Percentages (Target 100%)
~~~~~~~~~~~~~~~~~~~~~~~~~~~~~~~~~~~~~~~~~~~~~
            Buffer Nowait %:  100.00       Redo NoWait %:  100.00
            Buffer  Hit   %:   99.19    In-memory Sort %:   99.95
            Library Hit   %:   97.53        Soft Parse %:   95.87
         Execute to Parse %:   79.70         Latch Hit %:  100.00
Parse CPU to Parse Elapsd %:   67.57     % Non-Parse CPU:   93.71

 Shared Pool Statistics        Begin   End
                               ------  ------
             Memory Usage %:   12.60   16.52
    % SQL with executions>1:   72.67   67.54
  % Memory for SQL w/exec>1:   60.55   51.97

Top 5 Wait Events
~~~~~~~~~~~~~~~~~                                             Wait     % Total
Event                                               Waits  Time (cs)   Wt Time
-------------------------------------------- ------------ ------------ -------
db file sequential read                            13,083        3,966   93.08
SQL*Net more data to client                         2,549          221    5.19
db file scattered read                                 32           21     .49
direct path read                                       46           19     .45
control file sequential read                           77            8     .19
          -------------------------------------------------------------
Wait Events for DB: ORACLE  Instance: orcl  Snaps: 137 -138
-> cs - centisecond -  100th of a second
-> ms - millisecond - 1000th of a second
-> ordered by wait time desc, waits desc (idle events last)

                                                                    Avg
                                                     Total Wait    wait  Waits
Event                               Waits   Timeouts  Time (cs)    (ms)   /txn
---------------------------- ------------ ---------- ----------- ------ ------
db file sequential read            13,083          0       3,966      3   26.6
SQL*Net more data to client         2,549          0         221      1    5.2
db file scattered read                 32          0          21      7    0.1
direct path read                       46          0          19      4    0.1
control file sequential read           77          0           8      1    0.2
log file sync                          34          0           8      2    0.1
refresh controlfile command            10          0           5      5    0.0
log file parallel write               595          0           4      0    1.2
file open                              50          0           4      1    0.1
direct path write                      47          0           3      1    0.1
SQL*Net break/reset to clien            8          0           2      3    0.0
control file parallel write           195          0           0      0    0.4
latch free                              3          3           0      0    0.0
SQL*Net message from client         3,222          0     172,589    536    6.6
SQL*Net more data from clien            9          0           2      2    0.0
SQL*Net message to client           3,232          0           0      0    6.6
          -------------------------------------------------------------
Background Wait Events for DB: ORACLE  Instance: orcl  Snaps: 137 -138
-> ordered by wait time desc, waits desc (idle events last)

                                                                    Avg
                                                     Total Wait    wait  Waits
Event                               Waits   Timeouts  Time (cs)    (ms)   /txn
---------------------------- ------------ ---------- ----------- ------ ------
control file sequential read           40          0           5      1    0.1
log file parallel write               595          0           4      0    1.2
control file parallel write           195          0           0      0    0.4
rdbms ipc message                   2,447        779     269,631   1102    5.0
pmon timer                            195        195      59,716   3062    0.4
smon timer                              2          2      30,721 ######    0.0
          -------------------------------------------------------------
SQL ordered by Gets for DB: ORACLE  Instance: orcl  Snaps: 137 -138
-> End Buffer Gets Threshold:   10000
-> Note that resources reported for PL/SQL includes the resources used by
   all SQL statements called within the PL/SQL code.  As individual SQL
   statements are also reported, it is possible and valid for the summed
   total % to exceed 100

  Buffer Gets    Executions  Gets per Exec  % Total  Hash Value
--------------- ------------ -------------- ------- ------------
        731,809            1      731,809.0    39.2   1347341186
BEGIN "P_VALTURNS_CREATE" (COMPANY => :COMPANY,IDENT => :IDENT,B
LANK => :BLANK,DELIMITER => :DELIMITER,DATE_FROM => :DATE_FROM,D
ATE_TO => :DATE_TO,PRM_ACCOUNT => :PRM_ACCOUNT,PRM_BALUNIT => :P
RM_BALUNIT,PRM_JUR_PERS => :PRM_JUR_PERS,PRM_CURRENCY => :PRM_CU
RRENCY,PRM_AGN_CRN => :PRM_AGN_CRN,PRM_AGENT => :PRM_AGENT,PRM_N

        365,022            1      365,022.0    19.5   3052810209
SELECT M.ACCOUNT,M.BALUNIT,M.AGENT,M.NOMENCLATURE,M.NOMEN_PARTNO
,M.NOMEN_INDATE,M.CURRENCY,M.REMN_DATE OPERATION_DATE,M.JUR_PERS
 JUR_PERS   FROM VALREMNS M  WHERE M.COMPANY = :b1  AND M.REMN_D
ATE = :b2  AND (RTRIM(:b3) IS NULL  OR STRIN(:b4,:b3,:b6) = 1  A
ND M.ACCOUNT IS NULL  OR M.ACCOUNT IN (SELECT AC.RN   FROM DICAC

        295,876            4       73,969.0    15.8   1371831789
SELECT SUM(INV.SUMMWITHNDS)   FROM V_LINKSALL L,SHEEPDIRSDEPT SH
D,TRANSINVDEPT INV  WHERE SHD.COMPANY = :b1  AND SHD.RN = L.NIN_
DOCUMENT  AND SIN_UNITCODE = :b2  AND NIN_PRN_DOCUMENT IS NULL
AND SOUT_UNITCODE = 'GoodsTransInvoicesToDepts'  AND NOUT_PRN_DO
CUMENT IS NULL  AND NOUT_DOCUMENT = INV.RN  AND NIN_DOCUMENT = :

        215,026            5       43,005.2    11.5   3732318464
select UNITCODE, UNITNAME, SIGN_SHARE, SIGN_ACCREG, SIGN_HIER, U
SE_DOCPROPS  from V_UNITUSERPRIV  where COMPANY1=:1 or COMPANY2=
:2

        150,690            2       75,345.0     8.1    343025956
BEGIN "P_TRANSINVDEPTBUF_MAKEINVBUF" (NCOMPANY => :NCOMPANY,NIDE
NT => :NIDENT); END;

        147,951            2       73,975.5     7.9   1362658791
BEGIN "P_TRANSINVDEPTBUF_CHECKINVSUMS" (NCOMPANY => :NCOMPANY,NR
N => :NRN,NWARRNING => :NWARRNING); END;

        130,317          145          898.7     7.0   3884025518
SELECT * FROM V_TRANSINVDEPTSPECS S where NPRN=:1 order by NRN


        122,871          459          267.7     6.6   1823540188
SELECT SUM(SP.ACNT_QUANT),SUM(SP.ACNT_ALT_QUANT),SUM(SP.ACNT_SUM
),SUM(SP.ACNT_BASE_SUM),SUM(SP.CTRL_QUANT),SUM(SP.CTRL_ALT_QUANT
),SUM(SP.CTRL_SUM),SUM(SP.CTRL_BASE_SUM)   FROM OPRSPECS SP  WHE
RE SP.COMPANY = :b1  AND ((SP.VALUES_TO = :b2 ) OR (:b2 IS NULL
)) AND SP.NOMENCLATURE = :b4  AND SP.ACCOUNT_DEBIT = :b5  AND SP

        122,844          459          267.6     6.6   1280140241
SELECT SUM(SP.ACNT_QUANT),SUM(SP.ACNT_ALT_QUANT),SUM(SP.ACNT_SUM
),SUM(SP.ACNT_BASE_SUM),SUM(SP.CTRL_QUANT),SUM(SP.CTRL_ALT_QUANT
),SUM(SP.CTRL_SUM),SUM(SP.CTRL_BASE_SUM)   FROM OPRSPECS SP  WHE
RE SP.COMPANY = :b1  AND SP.ACCOUNT_CREDIT = :b2  AND ((SP.VALUE
S_FROM = :b3 ) OR (:b3 IS NULL )) AND SP.NOMENCLATURE = :b5  AND
SQL ordered by Gets for DB: ORACLE  Instance: orcl  Snaps: 137 -138
-> End Buffer Gets Threshold:   10000
-> Note that resources reported for PL/SQL includes the resources used by
   all SQL statements called within the PL/SQL code.  As individual SQL
   statements are also reported, it is possible and valid for the summed
   total % to exceed 100

  Buffer Gets    Executions  Gets per Exec  % Total  Hash Value
--------------- ------------ -------------- ------- ------------

        109,846            5       21,969.2     5.9    411726044
BEGIN "P_USERPRIV_LOGIN" (SAPPCODE => :SAPPCODE,SCOMPANY => :SCO
MPANY,NCOMPANY => :NCOMPANY,NCURRENCY => :NCURRENCY,SCURRENCY =>
 :SCURRENCY,SFULLUSERNAME => :SFULLUSERNAME,SAPPNAME => :SAPPNAM
E,SCOMPANYFULLNAME => :SCOMPANYFULLNAME); END;

        108,848          624          174.4     5.8    192186321
SELECT /*+ ORDERED  */P.RN,N.UMEAS_ALT   FROM RLPRICES P,DICNOMN
S N  WHERE N.RN = :b1  AND N.GROUP_CODE = P.NOMEN_GROUP  AND P.P
RICEDATE <= :b2  AND (:b3 IS NULL  OR (P.TARIF = :b3 )) AND (P.E
NDDATE >= :b2  OR P.ENDDATE IS NULL ) AND ROWNUM = 1   ORDER BY
P.PRICEDATE DESC

        104,060            5       20,812.0     5.6   3403591446
SELECT COUNT(*)   FROM USERPRIV UP  WHERE UP.COMPANY = :b1  AND
(UP.AUTHID = USER  OR EXISTS  (SELECT *   FROM USERROLES UR  WHE
RE UR.ROLEID = UP.ROLEID  AND UR.AUTHID = USER ) )

         59,599        1,591           37.5     3.2   3471874685
SELECT /*+ ORDERED  */MAX(O.IN_DATE)   FROM DOCINPT I,DOCLINKS L
,DOCOUTPT O  WHERE I.DOCUMENT = :b1  AND I.UNITCODE = :b2  AND I
.RN = L.IN_DOC  AND L.OUT_DOC = O.RN  AND (O.UNITCODE = :b3  OR
:b3 IS NULL )

         40,023        1,481           27.0     2.1   3035777367
SELECT *   FROM UNITLIST  WHERE UNITCODE = :b1

         32,970            3       10,990.0     1.8   3787423333
BEGIN "P_SHEEPDIRSDEPT_SET_STATUS" (NCOMPANY => :NCOMPANY,NRN =>
 :NRN,NSTATUS => :NSTATUS,DWORK_DATE => :DWORK_DATE,SCONFIRM =>
:SCONFIRM,SMSG => :SMSG); END;

         31,200           38          821.1     1.7    975282160
SELECT * FROM V_SALESREPORTDETAIL S where NPRN=:1 order by DOPER
_DATE

         30,425            1       30,425.0     1.6   2752078188
SELECT * FROM V_TRANSINVDEPT M where NCRN=:1 and NCOMPANY = :2 a
nd (DDOCDATE>=TO_DATE('01/02/2004','dd/mm/yyyy')) and (DDOCDATE<
=TO_DATE('31/03/2004','dd/mm/yyyy')) order by DDOCDATE, SPREF, S
NUMB

         29,517            2       14,758.5     1.6    171007912
SELECT * FROM V_TRANSINVCUST M where NCRN=:1 and NCOMPANY=:2 and
 (DDOCDATE>=TO_DATE('04/03/2004','dd/mm/yyyy'))

         28,044            3        9,348.0     1.5   2809083951
SELECT * FROM V_SALESREPORTMAIN M where NCRN=:1 and NCOMPANY=:2
 and (DRPT_DATE>=TO_DATE('01/02/2004','dd/mm/yyyy')) order by SR

SQL ordered by Gets for DB: ORACLE  Instance: orcl  Snaps: 137 -138
-> End Buffer Gets Threshold:   10000
-> Note that resources reported for PL/SQL includes the resources used by
   all SQL statements called within the PL/SQL code.  As individual SQL
   statements are also reported, it is possible and valid for the summed
   total % to exceed 100

  Buffer Gets    Executions  Gets per Exec  % Total  Hash Value
--------------- ------------ -------------- ------- ------------
          -------------------------------------------------------------
SQL ordered by Reads for DB: ORACLE  Instance: orcl  Snaps: 137 -138
-> End Disk Reads Threshold:    1000

 Physical Reads  Executions  Reads per Exec % Total  Hash Value
--------------- ------------ -------------- ------- ------------
          8,686            1        8,686.0    57.4   1347341186
BEGIN "P_VALTURNS_CREATE" (COMPANY => :COMPANY,IDENT => :IDENT,B
LANK => :BLANK,DELIMITER => :DELIMITER,DATE_FROM => :DATE_FROM,D
ATE_TO => :DATE_TO,PRM_ACCOUNT => :PRM_ACCOUNT,PRM_BALUNIT => :P
RM_BALUNIT,PRM_JUR_PERS => :PRM_JUR_PERS,PRM_CURRENCY => :PRM_CU
RRENCY,PRM_AGN_CRN => :PRM_AGN_CRN,PRM_AGENT => :PRM_AGENT,PRM_N

          6,509          459           14.2    43.0   1823540188
SELECT SUM(SP.ACNT_QUANT),SUM(SP.ACNT_ALT_QUANT),SUM(SP.ACNT_SUM
),SUM(SP.ACNT_BASE_SUM),SUM(SP.CTRL_QUANT),SUM(SP.CTRL_ALT_QUANT
),SUM(SP.CTRL_SUM),SUM(SP.CTRL_BASE_SUM)   FROM OPRSPECS SP  WHE
RE SP.COMPANY = :b1  AND ((SP.VALUES_TO = :b2 ) OR (:b2 IS NULL
)) AND SP.NOMENCLATURE = :b4  AND SP.ACCOUNT_DEBIT = :b5  AND SP

          1,321            1        1,321.0     8.7   3052810209
SELECT M.ACCOUNT,M.BALUNIT,M.AGENT,M.NOMENCLATURE,M.NOMEN_PARTNO
,M.NOMEN_INDATE,M.CURRENCY,M.REMN_DATE OPERATION_DATE,M.JUR_PERS
 JUR_PERS   FROM VALREMNS M  WHERE M.COMPANY = :b1  AND M.REMN_D
ATE = :b2  AND (RTRIM(:b3) IS NULL  OR STRIN(:b4,:b3,:b6) = 1  A
ND M.ACCOUNT IS NULL  OR M.ACCOUNT IN (SELECT AC.RN   FROM DICAC

          1,255            3          418.3     8.3   1544282338
select NRN, SNAME from V_DOCTEMPLATE where NCOMPANY=2 and nIS_EX
CEL <> 1 and SUNITCODE='GoodsTransInvoicesToDepts'  and NOFFICET
YPE =3   group by  NRN,SNAME order by SNAME

            824            3          274.7     5.4   3787423333
BEGIN "P_SHEEPDIRSDEPT_SET_STATUS" (NCOMPANY => :NCOMPANY,NRN =>
 :NRN,NSTATUS => :NSTATUS,DWORK_DATE => :DWORK_DATE,SCONFIRM =>
:SCONFIRM,SMSG => :SMSG); END;

            563            3          187.7     3.7   2809083951
SELECT * FROM V_SALESREPORTMAIN M where NCRN=:1 and NCOMPANY=:2
 and (DRPT_DATE>=TO_DATE('01/02/2004','dd/mm/yyyy')) order by SR
PT_PREFIX, SRPT_NUMBER

            537        1,591            0.3     3.5   3471874685
SELECT /*+ ORDERED  */MAX(O.IN_DATE)   FROM DOCINPT I,DOCLINKS L
,DOCOUTPT O  WHERE I.DOCUMENT = :b1  AND I.UNITCODE = :b2  AND I
.RN = L.IN_DOC  AND L.OUT_DOC = O.RN  AND (O.UNITCODE = :b3  OR
:b3 IS NULL )

            525          600            0.9     3.5    744000718
SELECT /*+ ORDERED  */MAX(I.IN_DATE)   FROM DOCOUTPT O,DOCLINKS
L,DOCINPT I  WHERE O.DOCUMENT = :b1  AND O.UNITCODE = :b2  AND O
.RN = L.OUT_DOC  AND L.IN_DOC = I.RN  AND (I.UNITCODE = :b3  OR
:b3 IS NULL )

            417           10           41.7     2.8   2451484873
INSERT INTO STOREOPERJOURN ( RN,COMPANY,UNITCODE,GOODSSUPPLY,ART
ICLE,DOCTYPE,STOPER,OPER_TYPE,DOCPREF,DOCNUMB,DOCDATE,OPERDATE,S
IGNPLAN,FACEACC,QUANT,QUANTALT )  VALUES ( :b1,:b2,:b3,:b4,:b5,:
b6,:b7,:b8,:b9,:b10,:b11,:b12,:b13,:b14,:b15,:b16  )

            411          459            0.9     2.7   3415126846
SQL ordered by Reads for DB: ORACLE  Instance: orcl  Snaps: 137 -138
-> End Disk Reads Threshold:    1000

 Physical Reads  Executions  Reads per Exec % Total  Hash Value
--------------- ------------ -------------- ------- ------------
SELECT SUM(ACNT_REMN_QUANT),SUM(ACNT_ALT_QUANT),SUM(ACNT_REMN_SU
M),SUM(ACNT_REMN_BASE_SUM),SUM(CTRL_REMN_QUANT),SUM(CTRL_ALT_QUA
NT),SUM(CTRL_REMN_SUM),SUM(CTRL_REMN_BASE_SUM)   FROM VALREMNS
WHERE COMPANY = :b1  AND REMN_DATE = :b2  AND ACCOUNT = :b3  AND
 CURRENCY = :b4  AND ((AGENT = :b5 ) OR (:b5 IS NULL )) AND NOME

            363           10           36.3     2.4    192652675
UPDATE GOODSSUPPLY SET RESTPLAN=:b1,RESTPLANALT=:b2,RESTFACT=:b3
,RESTFACTALT=:b4 WHERE RN = :b5

            343          145            2.4     2.3   3884025518
SELECT * FROM V_TRANSINVDEPTSPECS S where NPRN=:1 order by NRN


            334            1          334.0     2.2   2752078188
SELECT * FROM V_TRANSINVDEPT M where NCRN=:1 and NCOMPANY = :2 a
nd (DDOCDATE>=TO_DATE('01/02/2004','dd/mm/yyyy')) and (DDOCDATE<
=TO_DATE('31/03/2004','dd/mm/yyyy')) order by DDOCDATE, SPREF, S
NUMB

            180          301            0.6     1.2   3677259327
SELECT * FROM V_SHEEPDIRSDEPTSPECS S where NPRN=:1 order by NRN


            165          219            0.8     1.1   3111103299
select /*+ index(idl_ub1$ i_idl_ub11) +*/ piece#,length,piece fr
om idl_ub1$ where obj#=:1 and part=:2 and version=:3 order by pi
ece#

            106          165            0.6     0.7   4049165760
select order#,columns,types from access$ where d_obj#=:1

            100          219            0.5     0.7   1428100621
select /*+ index(idl_ub2$ i_idl_ub21) +*/ piece#,length,piece fr
om idl_ub2$ where obj#=:1 and part=:2 and version=:3 order by pi
ece#

             89           38            2.3     0.6    975282160
SELECT * FROM V_SALESREPORTDETAIL S where NPRN=:1 order by DOPER
_DATE

             73          165            0.4     0.5   1737259834
select owner#,name,namespace,remoteowner,linkname,p_timestamp,p_
obj#, d_owner#, nvl(property,0) from dependency$,obj$ where d_ob
j#=:1 and p_obj#=obj#(+) order by order#

             72          219            0.3     0.5   3218356218
select /*+ index(idl_sb4$ i_idl_sb41) +*/ piece#,length,piece fr

          -------------------------------------------------------------
SQL ordered by Executions for DB: ORACLE  Instance: orcl  Snaps: 137 -138
-> End Executions Threshold:     100

 Executions   Rows Processed    Rows per Exec   Hash Value
------------ ---------------- ---------------- ------------
       1,591            1,591              1.0   3471874685
SELECT /*+ ORDERED  */MAX(O.IN_DATE)   FROM DOCINPT I,DOCLINKS L
,DOCOUTPT O  WHERE I.DOCUMENT = :b1  AND I.UNITCODE = :b2  AND I
.RN = L.IN_DOC  AND L.OUT_DOC = O.RN  AND (O.UNITCODE = :b3  OR
:b3 IS NULL )

       1,506            1,506              1.0   1641953811
SELECT RN   FROM COMPANIES  WHERE RN = :b1

       1,498               39              0.0   2192127498
SELECT RN,STR_VALUE,NUM_VALUE,DATE_VALUE   FROM OPTIONS  WHERE C
ODE = :b1  AND OPT_LOAD = 0  AND (:b2 IS NULL  OR AUTHID = :b2 )
 AND (:b4 IS NULL  OR COMPANY = :b4 ) AND (:b6 IS NULL  OR VERSI
ON = :b6 )

       1,498            1,498              1.0   3660810936
SELECT *   FROM OPTIONS  WHERE CODE = :b1  AND OPT_LOAD = 1

       1,481            1,481              1.0   3035777367
SELECT *   FROM UNITLIST  WHERE UNITCODE = :b1

       1,377            1,377              1.0   4035468951
SELECT COUNT(*)   FROM ACCTFORM  WHERE IS_MATERIALSMIDL = 1  AND
 NUMB = :b1

       1,119            1,248              1.1   2085632044
select intcol#,nvl(pos#,0),col# from ccol$ where con#=:1

       1,019            1,019              1.0   3631718398
SELECT ACC_CURRENCY,BALUNIT   FROM DICACCS  WHERE RN = :b1

         918              918              1.0   4079775770
SELECT ACC_FORM   FROM DICACCS  WHERE RN = :b1

         909                0              0.0   1595526224
select u.name, o.name                                    from as
sociation$ a, user$ u, obj$ o                     where a.obj# =
 :1                                          and a.property = :2
                                      and a.statstype# = o.obj#
                               and u.user# = o.owner#

         784                0              0.0    773772297
select a.default_selectivity                        from associa
tion$ a                                 where a.obj# = :1
                              and a.property = :2

         742              742              1.0   2642531420
SELECT SIGN_SHARE,SIGN_ACCREG,PARENTCODE   FROM UNITLIST  WHERE
UNITCODE = :b1

         742              742              1.0   3149130616
SELECT VERSION   FROM COMPVERLIST  WHERE COMPANY = :b1  AND UNIT
CODE = :b2

         625              625              1.0   3599081998
SQL ordered by Executions for DB: ORACLE  Instance: orcl  Snaps: 137 -138
-> End Executions Threshold:     100

 Executions   Rows Processed    Rows per Exec   Hash Value
------------ ---------------- ---------------- ------------
SELECT RN   FROM DICTARIF  WHERE CODE = :b1  AND COMPANY = :b2

         624                0              0.0    192186321
SELECT /*+ ORDERED  */P.RN,N.UMEAS_ALT   FROM RLPRICES P,DICNOMN
S N  WHERE N.RN = :b1  AND N.GROUP_CODE = P.NOMEN_GROUP  AND P.P
RICEDATE <= :b2  AND (:b3 IS NULL  OR (P.TARIF = :b3 )) AND (P.E
NDDATE >= :b2  OR P.ENDDATE IS NULL ) AND ROWNUM = 1   ORDER BY
P.PRICEDATE DESC

         624              624              1.0    453448637
SELECT BASETARIF   FROM DICTARIF  WHERE RN = :b1

         624              624              1.0   1432187675
SELECT T.COMPANY,T.DOCDATE,S.NOMMODIF,S.QUANT,S.QUANTALT   FROM
TRANSINVDEPTSPECS S,TRANSINVDEPT T  WHERE S.RN = :b1  AND S.PRN
= T.RN

         600              600              1.0    744000718
SELECT /*+ ORDERED  */MAX(I.IN_DATE)   FROM DOCOUTPT O,DOCLINKS
L,DOCINPT I  WHERE O.DOCUMENT = :b1  AND O.UNITCODE = :b2  AND O
.RN = L.OUT_DOC  AND L.IN_DOC = I.RN  AND (I.UNITCODE = :b3  OR
:b3 IS NULL )

         600              593              1.0    787810128
select /*+ rule */ bucket_cnt, row_cnt, cache_cnt, null_cnt, tim
estamp#, sample_size, minimum, maximum, distcnt, lowval, hival,
density, col#, spare1, spare2, avgcln from hist_head$ where obj#
=:1 and intcol#=:2

         570              570              1.0   2016510618
SELECT USER   FROM SYS.DUAL

         566              566              1.0   3720616768
SELECT SEQ_IDENT.NEXTVAL   FROM DUAL

         511              511              1.0   3549168818
SELECT CURRENCY   FROM CURBASE  WHERE VERSION = :b1

         459              459              1.0    593467309
SELECT ACC_CURRENCY,ACC_FORM   FROM DICACCS  WHERE RN = :b1

         459              459              1.0   1280140241
SELECT SUM(SP.ACNT_QUANT),SUM(SP.ACNT_ALT_QUANT),SUM(SP.ACNT_SUM
),SUM(SP.ACNT_BASE_SUM),SUM(SP.CTRL_QUANT),SUM(SP.CTRL_ALT_QUANT
),SUM(SP.CTRL_SUM),SUM(SP.CTRL_BASE_SUM)   FROM OPRSPECS SP  WHE
RE SP.COMPANY = :b1  AND SP.ACCOUNT_CREDIT = :b2  AND ((SP.VALUE
S_FROM = :b3 ) OR (:b3 IS NULL )) AND SP.NOMENCLATURE = :b5  AND

         459              459              1.0   1349152980
INSERT INTO VALTURNS ( RN,IDENT,DATE_FROM,DATE_TO,COMPANY,ACCOUN
T,BALUNIT,JUR_PERS,CURRENCY,BCURRENCY,AGENT,NOMENCLATURE,NOMEN_P
ARTNO,NOMEN_INDATE,DIFF_SIGN,ACNT_REMN_QUANT,ACNT_REMN_AQUANT,AC
NT_REMN_SUM,ACNT_REMN_BASE_SUM,CTRL_REMN_QUANT,CTRL_REMN_AQUANT,
CTRL_REMN_SUM,CTRL_REMN_BASE_SUM,ACNT_DEBIT_TURN_QUANT,ACNT_DEBI

SQL ordered by Executions for DB: ORACLE  Instance: orcl  Snaps: 137 -138
-> End Executions Threshold:     100

 Executions   Rows Processed    Rows per Exec   Hash Value
------------ ---------------- ---------------- ------------
         459              459              1.0   1823540188
SELECT SUM(SP.ACNT_QUANT),SUM(SP.ACNT_ALT_QUANT),SUM(SP.ACNT_SUM
),SUM(SP.ACNT_BASE_SUM),SUM(SP.CTRL_QUANT),SUM(SP.CTRL_ALT_QUANT
),SUM(SP.CTRL_SUM),SUM(SP.CTRL_BASE_SUM)   FROM OPRSPECS SP  WHE
RE SP.COMPANY = :b1  AND ((SP.VALUES_TO = :b2 ) OR (:b2 IS NULL

          -------------------------------------------------------------
SQL ordered by Sharable Memory for DB: ORACLE  Instance: orcl  Snaps: 137 -138
-> End Sharable Memory Threshold:   1048576

Sharable Mem (b)  Executions  % Total  Hash Value
---------------- ------------ ------- ------------
       1,239,705            1     0.3   3052810209
SELECT M.ACCOUNT,M.BALUNIT,M.AGENT,M.NOMENCLATURE,M.NOMEN_PARTNO
,M.NOMEN_INDATE,M.CURRENCY,M.REMN_DATE OPERATION_DATE,M.JUR_PERS
 JUR_PERS   FROM VALREMNS M  WHERE M.COMPANY = :b1  AND M.REMN_D
ATE = :b2  AND (RTRIM(:b3) IS NULL  OR STRIN(:b4,:b3,:b6) = 1  A
ND M.ACCOUNT IS NULL  OR M.ACCOUNT IN (SELECT AC.RN   FROM DICAC

          -------------------------------------------------------------
Instance Activity Stats for DB: ORACLE  Instance: orcl  Snaps: 137 -138

Statistic                                    Total   per Second    per Trans
--------------------------------- ---------------- ------------ ------------
CPU used by this session                     3,180          5.3          6.5
CPU used when call started                   3,176          5.3          6.5
CR blocks created                               53          0.1          0.1
DBWR checkpoint buffers written                  0          0.0          0.0
DBWR transaction table writes                    0          0.0          0.0
DBWR undo block writes                           0          0.0          0.0
SQL*Net roundtrips to/from client            3,203          5.3          6.5
background timeouts                            781          1.3          1.6
buffer is not pinned count               1,616,968      2,695.0      3,293.2
buffer is pinned count                   8,836,831     14,728.1     17,997.6
bytes received via SQL*Net from c          526,179        877.0      1,071.7
bytes sent via SQL*Net to client         7,472,238     12,453.7     15,218.4
calls to get snapshot scn: kcmgss           42,537         70.9         86.6
calls to kcmgas                                634          1.1          1.3
calls to kcmgcs                                 26          0.0          0.1
change write time                                7          0.0          0.0
cleanouts only - consistent read                22          0.0          0.0
cluster key scan block gets                  5,276          8.8         10.8
cluster key scans                              799          1.3          1.6
commit cleanout failures: block l               25          0.0          0.1
commit cleanouts                             1,975          3.3          4.0
commit cleanouts successfully com            1,950          3.3          4.0
consistent changes                             118          0.2          0.2
consistent gets                          1,809,837      3,016.4      3,686.0
cursor authentications                         187          0.3          0.4
data blocks consistent reads - un              118          0.2          0.2
db block changes                             8,220         13.7         16.7
db block gets                               57,991         96.7        118.1
deferred (CURRENT) block cleanout            1,044          1.7          2.1
enqueue conversions                              9          0.0          0.0
enqueue releases                             2,111          3.5          4.3
enqueue requests                             2,111          3.5          4.3
execute count                               30,750         51.3         62.6
free buffer requested                       14,104         23.5         28.7
immediate (CR) block cleanout app               22          0.0          0.0
immediate (CURRENT) block cleanou               80          0.1          0.2
index fast full scans (full)                    14          0.0          0.0
leaf node splits                                 9          0.0          0.0
logons cumulative                               13          0.0          0.0
logons current
messages received                              599          1.0          1.2
messages sent                                  599          1.0          1.2
no buffer to keep pinned count                   0          0.0          0.0
no work - consistent read gets             771,018      1,285.0      1,570.3
opened cursors cumulative                    5,326          8.9         10.9
opened cursors current
parse count (hard)                             258          0.4          0.5
parse count (total)                          6,241         10.4         12.7
parse time cpu                                 200          0.3          0.4
parse time elapsed                             296          0.5          0.6
physical reads                              15,133         25.2         30.8
physical reads direct                        1,308          2.2          2.7
physical writes                              1,308          2.2          2.7
physical writes direct                       1,308          2.2          2.7
physical writes non checkpoint               1,308          2.2          2.7
prefetched blocks                              719          1.2          1.5
Instance Activity Stats for DB: ORACLE  Instance: orcl  Snaps: 137 -138

Statistic                                    Total   per Second    per Trans
--------------------------------- ---------------- ------------ ------------
process last non-idle time          14,020,161,062 ############ ############
recursive calls                            118,737        197.9        241.8
recursive cpu usage                          1,845          3.1          3.8
redo blocks written                          3,174          5.3          6.5
redo entries                                 4,170          7.0          8.5
redo ordering marks                              0          0.0          0.0
redo size                                1,434,060      2,390.1      2,920.7
redo synch time                                  8          0.0          0.0
redo synch writes                               37          0.1          0.1
redo wastage                               116,772        194.6        237.8
redo write time                                 19          0.0          0.0
redo writes                                    595          1.0          1.2
rollback changes - undo records a              358          0.6          0.7
rollbacks only - consistent read                54          0.1          0.1
rows fetched via callback                  421,307        702.2        858.1
session connect time                14,020,161,062 ############ ############
session cursor cache count                     123          0.2          0.3
session cursor cache hits                    4,292          7.2          8.7
session logical reads                    1,867,828      3,113.1      3,804.1
session pga memory                      40,007,796     66,679.7     81,482.3
session pga memory max                  43,807,292     73,012.2     89,220.6
session uga memory                       3,521,240      5,868.7      7,171.6
session uga memory max                  17,555,740     29,259.6     35,755.1
sorts (disk)                                     2          0.0          0.0
sorts (memory)                               4,145          6.9          8.4
sorts (rows)                                54,390         90.7        110.8
switch current to new buffer
table fetch by rowid                     4,867,894      8,113.2      9,914.2
table fetch continued row                      359          0.6          0.7
table scan blocks gotten                   123,388        205.7        251.3
table scan rows gotten                   7,072,440     11,787.4     14,404.2
table scans (long tables)                        1          0.0          0.0
table scans (short tables)                   6,708         11.2         13.7
total file opens                                50          0.1          0.1
transaction rollbacks                            2          0.0          0.0
user calls                                   4,070          6.8          8.3
user commits                                   488          0.8          1.0
user rollbacks                                   3          0.0          0.0
write clones created in backgroun                0          0.0          0.0
          -------------------------------------------------------------
Tablespace IO Stats for DB: ORACLE  Instance: orcl  Snaps: 137 -138
->ordered by IOs (Reads + Writes) desc

Tablespace
------------------------------
                 Av      Av     Av                    Av        Buffer Av Buf
         Reads Reads/s Rd(ms) Blks/Rd       Writes Writes/s      Waits Wt(ms)
-------------- ------- ------ ------- ------------ -------- ---------- ------
PARUS3
         8,500      14    2.7     1.0            0        0          0    0.0
PARIDX5
         1,508       3    3.0     1.1            0        0          0    0.0
PARIDX4
           896       1    3.1     1.0            0        0          0    0.0
SYSTEM
           760       1    5.4     1.0            0        0          0    0.0
PARUS5
           746       1    2.3     1.1            0        0          0    0.0
PARUSTMP
           275       0    4.2     1.7            0        0          0    0.0
PARIDX
           185       0    7.0     1.0            0        0          0    0.0
TOOLS
           131       0    4.7     1.0            0        0          0    0.0
TEMP
            47       0    5.5    27.8           51        0          0    0.0
PARUS
            54       0    4.4     1.0            0        0          0    0.0
PARIDX2
            52       0    9.4     1.0            0        0          0    0.0
PARIDXTMP
            52       0    7.3     6.4            0        0          0    0.0
PRSRLB
             3       0   13.3     1.0            0        0          0    0.0
          -------------------------------------------------------------
File IO Stats for DB: ORACLE  Instance: orcl  Snaps: 137 -138
->ordered by Tablespace, File

Tablespace               Filename
------------------------ ----------------------------------------------------
                 Av      Av     Av                    Av        Buffer Av Buf
         Reads Reads/s Rd(ms) Blks/Rd       Writes Writes/s      Waits Wt(ms)
-------------- ------- ------ ------- ------------ -------- ---------- ------
PARIDX                   H:\DB_ORCL\PARIDX.ORA
           185       0    7.0     1.0            0        0          0

PARIDX2                  H:\DB_ORCL\PARIDX2.ORA
            52       0    9.4     1.0            0        0          0

PARIDX4                  H:\DB_ORCL\PARIDX4.ORA
           896       1    3.1     1.0            0        0          0

PARIDX5                  J:\DB_ORCL\PARIDX5.ORA
         1,508       3    3.0     1.1            0        0          0

PARIDXTMP                H:\DB_ORCL\PARIDXTMP.ORA
            52       0    7.3     6.4            0        0          0

PARUS                    F:\DB_ORCL\PARUS.ORA
            54       0    4.4     1.0            0        0          0

PARUS3                   L:\DB_ORCL\PARUS3.ORA
         8,500      14    2.7     1.0            0        0          0

PARUS5                   F:\DB_ORCL\PARUS5.ORA
           746       1    2.3     1.1            0        0          0

PARUSTMP                 F:\DB_ORCL\PARUSTMP.ORA
           275       0    4.2     1.7            0        0          0

PRSRLB                   G:\DB_ORCL\PRSRLB1.ORA
             3       0   13.3     1.0            0        0          0

SYSTEM                   G:\DB_ORCL\SYSTEM1.ORA
           760       1    5.4     1.0            0        0          0

TEMP                     I:\DB_ORCL\TEMP3.ORA
            47       0    5.5    27.8           51        0          0

TOOLS                    N:\DB_ORCL\TOOLS1.ORA
           131       0    4.7     1.0            0        0          0

          -------------------------------------------------------------
Buffer Pool Statistics for DB: ORACLE  Instance: orcl  Snaps: 137 -138
-> Pools   D: default pool,  K: keep pool,  R: recycle pool

                                                      Free    Write     Buffer
       Buffer    Consistent    Physical   Physical  Buffer Complete       Busy
P        Gets          Gets       Reads     Writes   Waits    Waits      Waits
- ----------- ------------- ----------- ---------- ------- -------- ----------
D      14,158       835,269      13,863          0       0        0          0
          -------------------------------------------------------------
Rollback Segment Stats for DB: ORACLE  Instance: orcl  Snaps: 137 -138
->A high value for "Pct Waits" suggests more rollback segments may be required

       Trans Table      Pct   Undo Bytes
RBS No     Gets       Waits     Written        Wraps  Shrinks  Extends
------ ------------ ------- --------------- -------- -------- --------
     0          3.0    0.00               0        0        0        0
     1         23.0    0.00           3,910        0        0        0
     2         46.0    0.00           4,858        0        0        0
     3         23.0    0.00           3,792        0        0        0
     4         31.0    0.00          14,632        0        0        0
     5         24.0    0.00           4,774        0        0        0
     6         23.0    0.00           2,380        0        0        0
     7         35.0    0.00           3,020        0        0        0
     8         23.0    0.00           3,020        0        0        0
     9         23.0    0.00           3,020        0        0        0
    10         43.0    0.00           3,020        0        0        0
    11         23.0    0.00           2,780        0        0        0
    12         63.0    0.00           2,460        0        0        0
    13         23.0    0.00           3,020        0        0        0
    14         23.0    0.00           3,020        0        0        0
    15         23.0    0.00           3,020        0        0        0
    16      9,647.0    0.00           3,020        0        0        0
    17         23.0    0.00           2,780        0        0        0
    18         23.0    0.00           3,264        0        0        0
    19         23.0    0.00           2,940        0        0        0
    20         23.0    0.00           4,638        0        0        0
    21         22.0    0.00           4,974        0        0        0
    22         21.0    0.00           2,718        0        0        0
    23         21.0    0.00           2,478        0        0        0
    24         21.0    0.00           2,238        0        0        0
    25         23.0    0.00           3,712        0        0        0
    26         21.0    0.00           2,718        0        0        0
    27         21.0    0.00           2,718        0        0        0
    28         21.0    0.00           2,718        0        0        0
    29         21.0    0.00           2,558        0        0        0
    30         21.0    0.00           2,158        0        0        0
    31         21.0    0.00           2,718        0        0        0
    32         71.0    0.00         110,248        0        0        0
    33         23.0    0.00           2,940        0        0        0
    34         23.0    0.00           4,638        0        0        0
    35         43.0    0.00           3,774        0        0        0
    36        175.0    0.00           4,078        0        0        0
    37         23.0    0.00           3,934        0        0        0
    38         23.0    0.00           2,940        0        0        0
    39        688.0    0.00          15,530        0        0        0
    40         39.0    0.00          34,682        0        0        0
    41         39.0    0.00          10,294        0        0        0
    42         23.0    0.00           2,372        0        0        0
    43         23.0    0.00           4,388        0        0        0
    44         23.0    0.00           2,940        0        0        0
    45         23.0    0.00           3,808        0        0        0
    46         25.0    0.00           4,396        0        0        0
    47         35.0    0.00          27,832        0        0        0
    48         27.0    0.00           4,504        0        0        0
    49         23.0    0.00           3,226        0        0        0
    50         32.0    0.00          17,464        0        0        0
    51         25.0    0.00           7,222        0        0        0
    52         23.0    0.00           3,402        0        0        0
    53         28.0    0.00          12,512        0        0        0
Rollback Segment Stats for DB: ORACLE  Instance: orcl  Snaps: 137 -138
->A high value for "Pct Waits" suggests more rollback segments may be required

       Trans Table      Pct   Undo Bytes
RBS No     Gets       Waits     Written        Wraps  Shrinks  Extends
------ ------------ ------- --------------- -------- -------- --------
    54         23.0    0.00           4,794        0        0        0
    55         24.0    0.00           2,940        0        0        0
    56         23.0    0.00           3,450        0        0        0
    57        163.0    0.00           4,638        0        0        0
    58         23.0    0.00           4,638        0        0        0
    59         49.0    0.00          12,666        0        0        0
    60         23.0    0.00           2,380        0        0        0
          -------------------------------------------------------------
Rollback Segment Storage for DB: ORACLE  Instance: orcl  Snaps: 137 -138
->Optimal Size should be larger than Avg Active

RBS No    Segment Size      Avg Active    Optimal Size    Maximum Size
------ --------------- --------------- --------------- ---------------
     0         401,408               0                         401,408
     1      20,963,328               0                      20,963,328
     2      20,963,328               0                      20,963,328
     3      20,963,328               0                      20,963,328
     4      20,963,328               0                      20,963,328
     5      20,963,328               0                      20,963,328
     6      20,963,328               0                      20,963,328
     7      20,963,328               0                      20,963,328
     8      20,963,328               0                      20,963,328
     9      20,963,328               0                      20,963,328
    10      20,963,328               0                      20,963,328
    11      20,963,328               0                      20,963,328
    12      20,963,328               0                      20,963,328
    13      20,963,328               0                      20,963,328
    14      20,963,328               0                      20,963,328
    15      20,963,328               0                      20,963,328
    16      20,963,328               0                      20,963,328
    17      20,963,328               0                      20,963,328
    18      20,963,328               0                      20,963,328
    19      20,963,328               0                      20,963,328
    20      20,963,328               0                      20,963,328
    21      20,963,328               0                      20,963,328
    22      20,963,328               0                      20,963,328
    23      20,963,328               0                      20,963,328
    24      20,963,328               0                      20,963,328
    25      20,963,328               0                      20,963,328
    26      20,963,328               0                      20,963,328
    27      20,963,328               0                      20,963,328
    28      20,963,328               0                      20,963,328
    29      20,963,328               0                      20,963,328
    30      20,963,328               0                      20,963,328
    31      20,963,328               0                      20,963,328
    32      20,963,328               0                      20,963,328
    33      20,963,328               0                      20,963,328
    34      20,963,328               0                      20,963,328
    35      20,963,328               0                      20,963,328
    36      20,963,328               0                      20,963,328
    37      20,963,328               0                      20,963,328
    38      20,963,328               0                      20,963,328
    39      20,963,328               0                      20,963,328
    40      20,963,328               0                      20,963,328
    41      20,963,328               0                      20,963,328
    42      20,963,328               0                      20,963,328
    43      20,963,328               0                      20,963,328
    44      20,963,328               0                      20,963,328
    45      20,963,328               0                      20,963,328
    46      20,963,328               0                      20,963,328
    47      20,963,328               0                      20,963,328
    48      20,963,328               0                      20,963,328
    49      20,963,328               0                      20,963,328
    50      20,963,328               0                      20,963,328
    51      20,963,328               0                      20,963,328
    52      20,963,328               0                      20,963,328
    53      20,963,328               0                      20,963,328
    54      20,963,328               0                      20,963,328
Rollback Segment Storage for DB: ORACLE  Instance: orcl  Snaps: 137 -138
->Optimal Size should be larger than Avg Active

RBS No    Segment Size      Avg Active    Optimal Size    Maximum Size
------ --------------- --------------- --------------- ---------------
    55      20,963,328               0                      20,963,328
    56      20,963,328               0                      20,963,328
    57      20,963,328               0                      20,963,328
    58      20,963,328               0                      20,963,328
    59      20,963,328               0                      20,963,328
    60      20,963,328               0                      20,963,328
          -------------------------------------------------------------
Latch Activity for DB: ORACLE  Instance: orcl  Snaps: 137 -138
->"Get Requests", "Pct Get Miss" and "Avg Slps/Miss" are statistics for
  willing-to-wait latch get requests
->"NoWait Requests", "Pct NoWait Miss" are for no-wait latch get requests
->"Pct Misses" for both should be very close to 0.0

                                                Pct    Avg                 Pct
                                   Get          Get   Slps       NoWait NoWait
Latch Name                       Requests      Miss  /Miss     Requests   Miss
----------------------------- -------------- ------ ------ ------------ ------
Token Manager                             50    0.0                   0
active checkpoint queue latch            388    0.0                   0
cache buffer handles                   7,323    0.0                   0
cache buffers chains               2,795,198    0.0    0.0       14,740    0.0
cache buffers lru chain                4,343    0.0              13,952    0.0
channel handle pool latch                 16    0.0                   0
channel operations parent lat             29    0.0                   0
checkpoint queue latch                 2,403    0.0                   0
dml lock allocation                    1,466    0.0                   0
enqueue hash chains                    4,221    0.0                   0
enqueues                               6,578    0.0                   0
event group latch                         13    0.0                   0
file number translation table              5    0.0                   0
job_queue_processes parameter              9    0.0                   0
ktm global data                            2    0.0                   0
latch wait list                            3    0.0                   3    0.0
library cache                        141,685    0.0    0.3            0
library cache load lock                1,226    0.0                   0
list of block allocation               1,304    0.0                   0
loader state object freelist               4    0.0                   0
longop free list                         192    0.0                   0
messages                               5,500    0.0    0.0            0
multiblock read objects                   64    0.0                   0
ncodef allocation latch                    9    0.0                   0
process allocation                        13    0.0                  13    0.0
process group creation                    16    0.0                   0
redo allocation                        5,492    0.0                   0
redo writing                           2,778    0.0    0.0            0
row cache objects                    297,198    0.0                   0
sequence cache                         2,269    0.0                   0
session allocation                    28,342    0.0                   0
session idle bit                       9,302    0.0                   0
session switching                          9    0.0                   0
shared pool                           33,471    0.0                   0
sort extent pool                          44    0.0                   0
transaction allocation                 1,914    0.0                   0
transaction branch allocation              9    0.0                   0
undo global data                      13,103    0.0                   0
user lock                                 32    0.0                   0
          -------------------------------------------------------------
Latch Sleep breakdown for DB: ORACLE  Instance: orcl  Snaps: 137 -138
-> ordered by misses desc

                                Get                                  Spin &
Latch Name                    Requests         Misses      Sleeps Sleeps 1->4
-------------------------- -------------- ----------- ----------- ------------
library cache                     141,685          12           3 9/3/0/0/0
          -------------------------------------------------------------
Latch Miss Sources for DB: ORACLE  Instance: orcl  Snaps: 137 -138
-> only latches with sleeps are shown
-> ordered by name, sleeps desc

                                                     NoWait             Waiter
Latch Name               Where                       Misses     Sleeps  Sleeps
------------------------ -------------------------- ------- ---------- -------
library cache            kglrtl                           0          1       0
library cache            kglpnal: child: alloc spac       0          1       1
library cache            kglhdgn: child:                  0          1       0
          -------------------------------------------------------------
Dictionary Cache Stats for DB: ORACLE  Instance: orcl  Snaps: 137 -138
->"Pct Misses"  should be very low (< 2% in most cases)
->"Cache Usage" is the number of cache entries being used
->"Pct SGA"     is the ratio of usage to allocated size for that cache

                           Get         Pct     Scan   Pct      Mod  Final  Pct
Cache                    Requests     Miss Requests  Miss      Req  Usage  SGA
---------------------- ------------ ------ -------- ----- -------- ------ ----
dc_constraints                    0               0              0      0    0
dc_database_links                 0               0              0      0    0
dc_files                          0               0              0      0    0
dc_free_extents                  21    9.5        1   0.0        3     10   50
dc_global_oids                    0               0              0      0    0
dc_histogram_data                 0               0              0      0    0
dc_histogram_data_valu            0               0              0      0    0
dc_histogram_defs             4,841   12.4        0              0  1,618   99
dc_object_ids                67,825    0.4        0              0  1,243   99
dc_objects                    2,293   19.7        0              0  1,481  100
dc_outlines                       0               0              0      0    0
dc_profiles                      13    0.0        0              0      1   33
dc_rollback_segments            260    0.0        0              0     66   92
dc_segments                  10,973    2.9        0              1  1,363   99
dc_sequence_grants                0               0              0      0    0
dc_sequences                    136    0.7        0            134      8   42
dc_synonyms                     205   14.1        0              0    121   98
dc_tablespace_quotas              4   50.0        0              1      2   50
dc_tablespaces                  371    2.7        0              0     11   52
dc_used_extents                   1  100.0        0              1      1    6
dc_user_grants                6,770    0.1        0              0     23   85
dc_usernames                    572    1.0        0              0     19   90
dc_users                      8,771    0.1        0              0     26   93
ifs_acl_cache_entries             0               0              0      0    0
          -------------------------------------------------------------


Library Cache Activity for DB: ORACLE  Instance: orcl  Snaps: 137 -138
->"Pct Misses"  should be very low

                    Get       Pct        Pin        Pct               Invali-
Namespace         Requests    Miss     Requests     Miss     Reloads  dations
--------------- ------------ ------ -------------- ------ ---------- --------
SQL AREA               1,657   19.1         40,415    1.3          0        0
TABLE/PROCEDURE        6,140    7.1          9,184    7.3          0        0
BODY                      62    3.2             62    3.2          0        0
TRIGGER                   72   34.7             72   34.7          0        0
INDEX                      0                     0                 0        0
CLUSTER                   23    0.0             35    0.0          0        0
OBJECT                     0                     0                 0        0
PIPE                       0                     0                 0        0
          -------------------------------------------------------------
SGA Memory Summary for DB: ORACLE  Instance: orcl  Snaps: 137 -138

SGA regions                       Size in Bytes
------------------------------ ----------------
Database Buffers                  1,073,741,824
Fixed Size                               75,804
Redo Buffers                          1,056,768
Variable Size                       396,447,744
                               ----------------
sum                               1,471,322,140
          -------------------------------------------------------------


SGA breakdown difference for DB: ORACLE  Instance: orcl  Snaps: 137 -138

Pool        Name                        Begin value      End value  Difference
----------- ------------------------ -------------- -------------- -----------
java pool   free memory                   1,519,616      1,519,616           0
java pool   memory in use                 2,981,888      2,981,888           0
shared pool Checkpoint queue                147,528        147,528           0
shared pool DML locks                       176,640        176,640           0
shared pool KGFF heap                        17,636         17,636           0
shared pool KGK heap                         17,560         17,560           0
shared pool KQLS heap                     5,732,664      8,607,752   2,875,088
shared pool PL/SQL DIANA                  1,229,116      1,860,916     631,800
shared pool PL/SQL MPCODE                   992,124      1,611,764     619,640
shared pool PL/SQL PPCODE                     6,072          6,072           0
shared pool PLS non-lib hp                    2,096          2,096           0
shared pool State objects                   418,960        418,960           0
shared pool db_block_buffers             17,825,792     17,825,792           0
shared pool db_block_hash_buckets         2,228,248      2,228,248           0
shared pool db_files                        370,988        370,988           0
shared pool db_handles                      150,000        150,000           0
shared pool dictionary cache              1,774,424      2,424,620     650,196
shared pool enqueue_resources               181,152        181,152           0
shared pool event statistics per ses      1,152,400      1,152,400           0
shared pool fixed allocation callbac            640            640           0
shared pool free memory                 342,561,872    327,174,748 -15,387,124
shared pool joxlod: in ehe                   56,880         56,880           0
shared pool joxlod: in phe                    4,144          4,144           0
shared pool joxs heap init                    4,248          4,248           0
shared pool ktlbk state objects             157,504        157,504           0
shared pool library cache                 3,957,948      5,841,224   1,883,276
shared pool message pool freequeue          124,552        124,552           0
shared pool miscellaneous                 1,192,192      1,237,900      45,708
shared pool processes                       242,400        242,400           0
shared pool sessions                        722,260        722,260           0
shared pool sql area                     10,108,140     18,751,924   8,643,784
shared pool table columns                    22,704         25,392       2,688
shared pool table definiti                    5,904         15,000       9,096
shared pool transactions                    328,256        328,256           0
shared pool trigger defini                   12,112         37,600      25,488
shared pool trigger inform                      944          1,304         360
shared pool trigger source                       88             88           0
            db_block_buffers          1,073,741,824  1,073,741,824           0
            fixed_sga                        75,804         75,804           0
            log_buffer                    1,048,576      1,048,576           0
          -------------------------------------------------------------
init.ora Parameters for DB: ORACLE  Instance: orcl  Snaps: 137 -138

                                                                  End value
Parameter Name                Begin value                       (if different)
----------------------------- --------------------------------- --------------
processes                     300
timed_statistics              TRUE
shared_pool_size              367001600
shared_pool_reserved_size     50000
large_pool_size               0
java_pool_size                4500000
control_files                 g:\db_orcl\ctl1orcl.ora, f:\db_or
db_block_buffers              131072
db_block_size                 8192
db_block_lru_latches          2
db_writer_processes           2
compatible                    8.1.7
log_archive_start             TRUE
log_archive_dest_1            LOCATION=I:\ARCHIVE
log_archive_dest_state_1      ENABLE
log_buffer                    1048576
log_checkpoint_interval       100000
log_checkpoint_timeout        1800
db_files                      1024
db_file_multiblock_read_count 32
transaction_auditing          FALSE
max_enabled_roles             30
remote_login_passwordfile     SHARED
db_domain                     world
global_names                  FALSE
service_names                 oracle.WORLD
sort_area_size                819200
sort_area_retained_size       204800
db_name                       oracle
open_cursors                  1500
session_cached_cursors        150
hash_multiblock_io_count      32
background_dump_dest          %RDBMS80%\trace
user_dump_dest                I:\userdump
max_dump_file_size            10240
          -------------------------------------------------------------

End of Report

