
STATSPACK report for

DB Name         DB Id    Instance     Inst Num Release     OPS Host
------------ ----------- ------------ -------- ----------- --- ------------
ORACLE        1307164038 orcl                1 8.1.7.4.1   NO  ORCL2

                Snap Id     Snap Time      Sessions
                ------- ------------------ --------
 Begin Snap:        116 04-Mar-04 09:24:18      206
   End Snap:        117 04-Mar-04 09:40:51      206
    Elapsed:                  16.55 (mins)

Cache Sizes
~~~~~~~~~~~
           db_block_buffers:     131072          log_buffer:    1048576
              db_block_size:       8192    shared_pool_size:  314572800

Load Profile
~~~~~~~~~~~~                            Per Second       Per Transaction
                                   ---------------       ---------------
                  Redo size:             64,942.11             10,878.46
              Logical reads:            102,175.70             17,115.46
              Block changes:                372.54                 62.40
             Physical reads:                578.37                 96.88
            Physical writes:                175.36                 29.38
                 User calls:                201.93                 33.82
                     Parses:                180.61                 30.25
                Hard parses:                  0.72                  0.12
                      Sorts:                 24.66                  4.13
                     Logons:                  0.04                  0.01
                   Executes:                623.97                104.52
               Transactions:                  5.97

  % Blocks changed per Read:    0.36    Recursive Call %:   84.45
 Rollback per transaction %:    0.10       Rows per Sort:  309.11

Instance Efficiency Percentages (Target 100%)
~~~~~~~~~~~~~~~~~~~~~~~~~~~~~~~~~~~~~~~~~~~~~
            Buffer Nowait %:  100.00       Redo NoWait %:   99.99
            Buffer  Hit   %:   99.43    In-memory Sort %:   99.87
            Library Hit   %:   99.89        Soft Parse %:   99.60
         Execute to Parse %:   71.05         Latch Hit %:   99.98
Parse CPU to Parse Elapsd %:   57.07     % Non-Parse CPU:   99.59

 Shared Pool Statistics        Begin   End
                               ------  ------
             Memory Usage %:   99.82   99.84
    % SQL with executions>1:   69.44   70.18
  % Memory for SQL w/exec>1:   52.76   56.77

Top 5 Wait Events
~~~~~~~~~~~~~~~~~                                             Wait     % Total
Event                                               Waits  Time (cs)   Wt Time
-------------------------------------------- ------------ ------------ -------
db file sequential read                           141,356       46,400   60.55
db file scattered read                             18,307       10,580   13.81
direct path read                                   15,859        8,276   10.80
control file sequential read                       21,884        3,306    4.31
direct path write                                  12,079        2,736    3.57
          -------------------------------------------------------------
Wait Events for DB: ORACLE  Instance: orcl  Snaps: 116 -117
-> cs - centisecond -  100th of a second
-> ms - millisecond - 1000th of a second
-> ordered by wait time desc, waits desc (idle events last)

                                                                    Avg
                                                     Total Wait    wait  Waits
Event                               Waits   Timeouts  Time (cs)    (ms)   /txn
---------------------------- ------------ ---------- ----------- ------ ------
db file sequential read           141,356          0      46,400      3   23.8
db file scattered read             18,307          0      10,580      6    3.1
direct path read                   15,859          0       8,276      5    2.7
control file sequential read       21,884          0       3,306      2    3.7
direct path write                  12,079          0       2,736      2    2.0
latch free                          1,835      1,681       1,455      8    0.3
log file sequential read            1,105          0         903      8    0.2
log file parallel write             3,757          0         826      2    0.6
SQL*Net more data to client        20,191          0         724      0    3.4
refresh controlfile command           400          0         395     10    0.1
db file parallel write                466          0         335      7    0.1
log file sync                         572          0         332      6    0.1
control file parallel write           466          0          80      2    0.1
file open                           1,296          0          74      1    0.2
log file switch completion             15          0          63     42    0.0
file identify                          88          0          60      7    0.0
enqueue                                17          0          29     17    0.0
switch logfile command                  4          0          28     70    0.0
buffer busy waits                      21          0           9      4    0.0
SQL*Net break/reset to clien           76          0           8      1    0.0
LGWR wait for redo copy                31          1           5      2    0.0
log file single write                  44          0           2      0    0.0
log buffer space                        2          0           0      0    0.0
SQL*Net message from client       112,409          0   3,634,182    323   19.0
SQL*Net message to client         112,414          0          26      0   19.0
SQL*Net more data from clien          900          0           9      0    0.2
          -------------------------------------------------------------
Background Wait Events for DB: ORACLE  Instance: orcl  Snaps: 116 -117
-> ordered by wait time desc, waits desc (idle events last)

                                                                    Avg
                                                     Total Wait    wait  Waits
Event                               Waits   Timeouts  Time (cs)    (ms)   /txn
---------------------------- ------------ ---------- ----------- ------ ------
log file sequential read            1,105          0         903      8    0.2
log file parallel write             3,757          0         826      2    0.6
control file sequential read        2,090          0         433      2    0.4
db file parallel write                466          0         335      7    0.1
control file parallel write           466          0          80      2    0.1
file identify                          88          0          60      7    0.0
direct path read                      220          0          55      3    0.0
file open                             968          0          38      0    0.2
db file sequential read                44          0          12      3    0.0
latch free                              9          8          12     13    0.0
db file scattered read                 46          0           9      2    0.0
LGWR wait for redo copy                31          1           5      2    0.0
direct path write                     220          0           2      0    0.0
log file single write                  44          0           2      0    0.0
enqueue                                 2          0           1      5    0.0
rdbms ipc message                   9,924      1,273     641,984    647    1.7
pmon timer                            320        320      98,704   3085    0.1
smon timer                              3          3      61,442 ######    0.0
          -------------------------------------------------------------
SQL ordered by Gets for DB: ORACLE  Instance: orcl  Snaps: 116 -117
-> End Buffer Gets Threshold:   10000
-> Note that resources reported for PL/SQL includes the resources used by
   all SQL statements called within the PL/SQL code.  As individual SQL
   statements are also reported, it is possible and valid for the summed
   total % to exceed 100

  Buffer Gets    Executions  Gets per Exec  % Total  Hash Value
--------------- ------------ -------------- ------- ------------
     15,910,739           10    1,591,073.9    15.7   1669247656
BEGIN "P_ACCTURNS_CREATE" (COMPANY => :COMPANY,IDENT => :IDENT,B
LANK => :BLANK,DELIMITER => :DELIMITER,DATE_FROM => :DATE_FROM,D
ATE_TO => :DATE_TO,PRM_ACCOUNT => :PRM_ACCOUNT,PRM_BALUNIT => :P
RM_BALUNIT,SJUR_PERS => :SJUR_PERS,PRM_CURRENCY => :PRM_CURRENCY
,NZERO_SUMS => :NZERO_SUMS,SBAL_ELEMENT => :SBAL_ELEMENT,RESULT

     15,780,044           10    1,578,004.4    15.6    467856073
SELECT M.ACCOUNT ACCOUNT,M.JUR_PERS JUR_PERS,M.BALUNIT BALUNIT,M
.CURRENCY CURRENCY   FROM ACCREMNS M,DICACCS AC  WHERE M.COMPANY
 = :b1  AND M.REMN_DATE = :b2  AND M.ACCOUNT IS NOT NULL   AND M
.ACCOUNT = AC.RN  AND (RTRIM(:b3) IS NULL  OR STRIN(:b4,:b3,:b6)
 = 1  AND AC.BALUNIT IS NULL  OR AC.BALUNIT IN (SELECT BE.RN   F

     11,352,152            1   11,352,152.0    11.2   1377561374
SELECT "V_SHEEPDIR_OUT"."SPREF", "V_SHEEPDIR_OUT"."SNUMB", "V_SH
EEPDIR_OUT"."DDOCDATE", "V_SHEEPDIR_OUT"."SAGENT", "V_SHEEPDIR_O
UT"."SFACEACC", "V_SHEEPDIR_OUT"."NSUMMS", "V_SHEEPDIR_OUT"."NSU
MMOUT", "V_SHEEPDIR_OUT"."NSTATUS" FROM "V_SHEEPDIR_OUT" "V_SHEE
PDIR_OUT"   WHERE (NRN in (225719286,225669154))

      9,281,457            4    2,320,364.3     9.1   1347341186
BEGIN "P_VALTURNS_CREATE" (COMPANY => :COMPANY,IDENT => :IDENT,B
LANK => :BLANK,DELIMITER => :DELIMITER,DATE_FROM => :DATE_FROM,D
ATE_TO => :DATE_TO,PRM_ACCOUNT => :PRM_ACCOUNT,PRM_BALUNIT => :P
RM_BALUNIT,PRM_JUR_PERS => :PRM_JUR_PERS,PRM_CURRENCY => :PRM_CU
RRENCY,PRM_AGN_CRN => :PRM_AGN_CRN,PRM_AGENT => :PRM_AGENT,PRM_N

      9,196,086            1    9,196,086.0     9.1   3662192527
SELECT * FROM V_ECONOPRS M where COMPANY=:1 and (M.OPERATION_DAT
E<=TO_DATE('04/03/2004','dd/mm/yyyy')) and (M.AGENT_TO_RN in (se
lect RN from AGNLIST where AGNABBR like 'Коротков Н.С.%') ) orde
r by M.operation_date,M.operation_pref,M.operation_numb

      9,194,435            1    9,194,435.0     9.1    680719213
SELECT * FROM V_ECONOPRS M where COMPANY=:1 and (M.OPERATION_DAT
E<=TO_DATE('04/03/2004','dd/mm/yyyy')) and (M.AGENT_TO_RN in (se
lect RN from AGNLIST where AGNABBR like 'Корниенко Е.Г.%') ) ord
er by M.operation_date,M.operation_pref,M.operation_numb

      9,194,401            1    9,194,401.0     9.1   1818426731
SELECT * FROM V_ECONOPRS M where COMPANY=:1 and (M.OPERATION_DAT
E<=TO_DATE('04/03/2004','dd/mm/yyyy')) and (M.AGENT_TO_RN in (se
lect RN from AGNLIST where AGNABBR like 'Короткова Л.И.%') ) ord
er by M.operation_date,M.operation_pref,M.operation_numb

      6,623,210           10      662,321.0     6.5   2058605756
BEGIN "P_TRANSINVDEPT_SET_STATUS" (NCOMPANY => :NCOMPANY,NRN =>
:NRN,NSTATUS => :NSTATUS,NIN_STATUS => :NIN_STATUS,DIN_WORK_DATE
 => :DIN_WORK_DATE,DWORK_DATE => :DWORK_DATE,SMSG => :SMSG,SCONF
IRM => :SCONFIRM); END;
SQL ordered by Gets for DB: ORACLE  Instance: orcl  Snaps: 116 -117
-> End Buffer Gets Threshold:   10000
-> Note that resources reported for PL/SQL includes the resources used by
   all SQL statements called within the PL/SQL code.  As individual SQL
   statements are also reported, it is possible and valid for the summed
   total % to exceed 100

  Buffer Gets    Executions  Gets per Exec  % Total  Hash Value
--------------- ------------ -------------- ------- ------------

      6,513,710            5    1,302,742.0     6.4     18364316
declare NCOMPANY NUMBER; NRN NUMBER; begin NCOMPANY := :COMPANY;
 NRN := :DOCUMENT; pr_snp_tids_party_fas_osv(nRn,nCompany); end;


      3,752,620            4      938,155.0     3.7   3052810209
SELECT M.ACCOUNT,M.BALUNIT,M.AGENT,M.NOMENCLATURE,M.NOMEN_PARTNO
,M.NOMEN_INDATE,M.CURRENCY,M.REMN_DATE OPERATION_DATE,M.JUR_PERS
 JUR_PERS   FROM VALREMNS M  WHERE M.COMPANY = :b1  AND M.REMN_D
ATE = :b2  AND (RTRIM(:b3) IS NULL  OR STRIN(:b4,:b3,:b6) = 1  A
ND M.ACCOUNT IS NULL  OR M.ACCOUNT IN (SELECT AC.RN   FROM DICAC

      3,542,372            1    3,542,372.0     3.5   4051272895
SELECT "V_DICACCFO_PP_NL"."NRN", "V_DICACCFO_PP_NL"."SPREF_NUMB"
, "V_DICACCFO_PP_NL"."SREG_NUMB", "V_DICACCFO_PP_NL"."DACC_DATE"
, "V_DICACCFO_PP_NL"."SPR_NAME", "V_DICACCFO_PP_NL"."SPR_AGNIDNU
MB", "V_DICACCFO_PP_NL"."SCS_NAME", "V_DICACCFO_PP_NL"."SCS_ADDR
_CITY", "V_DICACCFO_PP_NL"."SCS_ADDR_STREET", "V_DICACCFO_PP_NL"

      3,533,457            1    3,533,457.0     3.5    953062510
SELECT "V_DICACCFO_PP_NL"."NRN", "V_DICACCFO_PP_NL"."SPREF_NUMB"
, "V_DICACCFO_PP_NL"."SREG_NUMB", "V_DICACCFO_PP_NL"."DACC_DATE"
, "V_DICACCFO_PP_NL"."SPR_NAME", "V_DICACCFO_PP_NL"."SPR_AGNIDNU
MB", "V_DICACCFO_PP_NL"."SPR_REASON", "V_DICACCFO_PP_NL"."SCS_NA
ME", "V_DICACCFO_PP_NL"."SCS_ADDR_CITY", "V_DICACCFO_PP_NL"."SCS

      3,533,455            1    3,533,455.0     3.5   3273089305
SELECT "V_DICACCFO_PP_NL"."NRN", "V_DICACCFO_PP_NL"."SPREF_NUMB"
, "V_DICACCFO_PP_NL"."SREG_NUMB", "V_DICACCFO_PP_NL"."DACC_DATE"
, "V_DICACCFO_PP_NL"."SPR_NAME", "V_DICACCFO_PP_NL"."SPR_AGNIDNU
MB", "V_DICACCFO_PP_NL"."SCS_NAME", "V_DICACCFO_PP_NL"."SCS_ADDR
_CITY", "V_DICACCFO_PP_NL"."SCS_ADDR_STREET", "V_DICACCFO_PP_NL"

      2,757,655            5      551,531.0     2.7   3845691050
BEGIN "KOMI_P_DCACNTS_DCACT" (NCOMPANY => :NCOMPANY,DDATE_FROM =
> :DDATE_FROM,DDATE_TO => :DDATE_TO,SAGENT => :SAGENT,NIDENT =>
:NIDENT); END;

      2,665,612          787        3,387.1     2.6   1280140241
SELECT SUM(SP.ACNT_QUANT),SUM(SP.ACNT_ALT_QUANT),SUM(SP.ACNT_SUM
),SUM(SP.ACNT_BASE_SUM),SUM(SP.CTRL_QUANT),SUM(SP.CTRL_ALT_QUANT

          -------------------------------------------------------------
SQL ordered by Reads for DB: ORACLE  Instance: orcl  Snaps: 116 -117
-> End Disk Reads Threshold:    1000

 Physical Reads  Executions  Reads per Exec % Total  Hash Value
--------------- ------------ -------------- ------- ------------
         87,393            1       87,393.0    15.2   1377561374
SELECT "V_SHEEPDIR_OUT"."SPREF", "V_SHEEPDIR_OUT"."SNUMB", "V_SH
EEPDIR_OUT"."DDOCDATE", "V_SHEEPDIR_OUT"."SAGENT", "V_SHEEPDIR_O
UT"."SFACEACC", "V_SHEEPDIR_OUT"."NSUMMS", "V_SHEEPDIR_OUT"."NSU
MMOUT", "V_SHEEPDIR_OUT"."NSTATUS" FROM "V_SHEEPDIR_OUT" "V_SHEE
PDIR_OUT"   WHERE (NRN in (225719286,225669154))

         53,121           10        5,312.1     9.2   2058605756
BEGIN "P_TRANSINVDEPT_SET_STATUS" (NCOMPANY => :NCOMPANY,NRN =>
:NRN,NSTATUS => :NSTATUS,NIN_STATUS => :NIN_STATUS,DIN_WORK_DATE
 => :DIN_WORK_DATE,DWORK_DATE => :DWORK_DATE,SMSG => :SMSG,SCONF
IRM => :SCONFIRM); END;

         52,777            5       10,555.4     9.2     18364316
declare NCOMPANY NUMBER; NRN NUMBER; begin NCOMPANY := :COMPANY;
 NRN := :DOCUMENT; pr_snp_tids_party_fas_osv(nRn,nCompany); end;


         28,532           13        2,194.8     5.0   3398126271
select * from azsrepout, files where  files.rn = azsrepout.prn a
nd files.azs = :azs and rep_date >= :st and rep_date <= :en and
mech <> 0  order by rep_date

         21,719            5        4,343.8     3.8   3845691050
BEGIN "KOMI_P_DCACNTS_DCACT" (NCOMPANY => :NCOMPANY,DDATE_FROM =
> :DDATE_FROM,DDATE_TO => :DDATE_TO,SAGENT => :SAGENT,NIDENT =>
:NIDENT); END;

         21,420            1       21,420.0     3.7   3662192527
SELECT * FROM V_ECONOPRS M where COMPANY=:1 and (M.OPERATION_DAT
E<=TO_DATE('04/03/2004','dd/mm/yyyy')) and (M.AGENT_TO_RN in (se
lect RN from AGNLIST where AGNABBR like 'Коротков Н.С.%') ) orde
r by M.operation_date,M.operation_pref,M.operation_numb

         21,204            6        3,534.0     3.7   2284139128
select min(b.rn) rn,  min(b.rep_date) d, b.snomen, c.rezno, sum(
b.volume)/100 vol from files a, azsrepout b, mech c  where a.rn
<> :id1 and c.prn = :id2 and c.kolno = b.mech and numb = (select
 numb from files where rn = :id3) and fileName like 'P%' and azs
 =  (select azs from files where rn = :id4) and b.prn = a.rn and

         21,076           10        2,107.6     3.7    992472405
SELECT /*+ RULE  */SUM(TZ.QUANT),SUM(TZ.QUANTPACK)   FROM V_SNP_
TOV_ZAP_OSV2 TZ  WHERE TZ.NNOMNMODIFPACK = :b1  AND TZ.NNOMMODIF
 = :b2  AND TZ.NSTORE = :b3

         19,742            1       19,742.0     3.4    680719213
SELECT * FROM V_ECONOPRS M where COMPANY=:1 and (M.OPERATION_DAT
E<=TO_DATE('04/03/2004','dd/mm/yyyy')) and (M.AGENT_TO_RN in (se
lect RN from AGNLIST where AGNABBR like 'Корниенко Е.Г.%') ) ord
er by M.operation_date,M.operation_pref,M.operation_numb

         19,679           10        1,967.9     3.4   1669247656
BEGIN "P_ACCTURNS_CREATE" (COMPANY => :COMPANY,IDENT => :IDENT,B
LANK => :BLANK,DELIMITER => :DELIMITER,DATE_FROM => :DATE_FROM,D
SQL ordered by Reads for DB: ORACLE  Instance: orcl  Snaps: 116 -117
-> End Disk Reads Threshold:    1000

 Physical Reads  Executions  Reads per Exec % Total  Hash Value
--------------- ------------ -------------- ------- ------------
ATE_TO => :DATE_TO,PRM_ACCOUNT => :PRM_ACCOUNT,PRM_BALUNIT => :P
RM_BALUNIT,SJUR_PERS => :SJUR_PERS,PRM_CURRENCY => :PRM_CURRENCY
,NZERO_SUMS => :NZERO_SUMS,SBAL_ELEMENT => :SBAL_ELEMENT,RESULT

         19,529            9        2,169.9     3.4   4077086596
SELECT MAX(OPERATION_NUMB)   FROM ECONOPRS  WHERE COMPANY = :b1
 AND OPERATION_PREF = :b2

         18,052            1       18,052.0     3.1   3273089305
SELECT "V_DICACCFO_PP_NL"."NRN", "V_DICACCFO_PP_NL"."SPREF_NUMB"
, "V_DICACCFO_PP_NL"."SREG_NUMB", "V_DICACCFO_PP_NL"."DACC_DATE"
, "V_DICACCFO_PP_NL"."SPR_NAME", "V_DICACCFO_PP_NL"."SPR_AGNIDNU
MB", "V_DICACCFO_PP_NL"."SCS_NAME", "V_DICACCFO_PP_NL"."SCS_ADDR
_CITY", "V_DICACCFO_PP_NL"."SCS_ADDR_STREET", "V_DICACCFO_PP_NL"

         17,314            1       17,314.0     3.0   4051272895
SELECT "V_DICACCFO_PP_NL"."NRN", "V_DICACCFO_PP_NL"."SPREF_NUMB"
, "V_DICACCFO_PP_NL"."SREG_NUMB", "V_DICACCFO_PP_NL"."DACC_DATE"
, "V_DICACCFO_PP_NL"."SPR_NAME", "V_DICACCFO_PP_NL"."SPR_AGNIDNU
MB", "V_DICACCFO_PP_NL"."SCS_NAME", "V_DICACCFO_PP_NL"."SCS_ADDR
_CITY", "V_DICACCFO_PP_NL"."SCS_ADDR_STREET", "V_DICACCFO_PP_NL"

         16,981            1       16,981.0     3.0    953062510
SELECT "V_DICACCFO_PP_NL"."NRN", "V_DICACCFO_PP_NL"."SPREF_NUMB"
, "V_DICACCFO_PP_NL"."SREG_NUMB", "V_DICACCFO_PP_NL"."DACC_DATE"
, "V_DICACCFO_PP_NL"."SPR_NAME", "V_DICACCFO_PP_NL"."SPR_AGNIDNU
MB", "V_DICACCFO_PP_NL"."SPR_REASON", "V_DICACCFO_PP_NL"."SCS_NA
ME", "V_DICACCFO_PP_NL"."SCS_ADDR_CITY", "V_DICACCFO_PP_NL"."SCS

         16,691            1       16,691.0     2.9   1818426731
SELECT * FROM V_ECONOPRS M where COMPANY=:1 and (M.OPERATION_DAT
E<=TO_DATE('04/03/2004','dd/mm/yyyy')) and (M.AGENT_TO_RN in (se
lect RN from AGNLIST where AGNABBR like 'Короткова Л.И.%') ) ord
er by M.operation_date,M.operation_pref,M.operation_numb

         14,173            5        2,834.6     2.5    373788245
SELECT LN.JUR_PERS,LN.ACCOUNT,LN.BALUNIT,LN.CURRENCY,LN.AGENT,LN
.VALID_DOCTYPE,LN.SPECIAL_MARK,LN.VALID_DOCNUMB,LN.VALID_DOCDATE
,LN.OPEN_DATE,LN.RN,LN.ANALYTIC1,LN.ANALYTIC2,LN.ANALYTIC3,LN.AN
ALYTIC4,LN.ANALYTIC5,LN.ACNT_REMN_SUM,LN.ACNT_REMN_BASE_SUM,LN.C

          -------------------------------------------------------------
SQL ordered by Executions for DB: ORACLE  Instance: orcl  Snaps: 116 -117
-> End Executions Threshold:     100

 Executions   Rows Processed    Rows per Exec   Hash Value
------------ ---------------- ---------------- ------------
      75,097           75,096              1.0   3471874685
SELECT /*+ ORDERED  */MAX(O.IN_DATE)   FROM DOCINPT I,DOCLINKS L
,DOCOUTPT O  WHERE I.DOCUMENT = :b1  AND I.UNITCODE = :b2  AND I
.RN = L.IN_DOC  AND L.OUT_DOC = O.RN  AND (O.UNITCODE = :b3  OR
:b3 IS NULL )

      74,497           74,497              1.0    110978667
begin azsbuffer.get_parentObj(:r, :res); end;

      74,497           74,497              1.0   1330235356
select prn from hierarchy_org where rn = :rrr

      26,874           26,874              1.0   1208389272
SELECT /*+ ORDERED  */MAX(O.DOCUMENT)   FROM DOCINPT I,DOCLINKS
L,DOCOUTPT O  WHERE I.DOCUMENT = :b1  AND I.UNITCODE = :b2  AND
I.RN = L.IN_DOC  AND L.OUT_DOC = O.RN  AND (O.UNITCODE = :b3  OR
 :b3 IS NULL )

      24,746            8,872              0.4   2192127498
SELECT RN,STR_VALUE,NUM_VALUE,DATE_VALUE   FROM OPTIONS  WHERE C
ODE = :b1  AND OPT_LOAD = 0  AND (:b2 IS NULL  OR AUTHID = :b2 )
 AND (:b4 IS NULL  OR COMPANY = :b4 ) AND (:b6 IS NULL  OR VERSI
ON = :b6 )

      24,746           24,746              1.0   3660810936
SELECT *   FROM OPTIONS  WHERE CODE = :b1  AND OPT_LOAD = 1

      21,113           21,113              1.0   2642531420
SELECT SIGN_SHARE,SIGN_ACCREG,PARENTCODE   FROM UNITLIST  WHERE
UNITCODE = :b1

      21,108           21,108              1.0   3149130616
SELECT VERSION   FROM COMPVERLIST  WHERE COMPANY = :b1  AND UNIT
CODE = :b2

      16,075           16,075              1.0   3035777367
SELECT *   FROM UNITLIST  WHERE UNITCODE = :b1

      12,928           12,928              1.0   1641953811
SELECT RN   FROM COMPANIES  WHERE RN = :b1

      12,063           12,063              1.0    744000718
SELECT /*+ ORDERED  */MAX(I.IN_DATE)   FROM DOCOUTPT O,DOCLINKS
L,DOCINPT I  WHERE O.DOCUMENT = :b1  AND O.UNITCODE = :b2  AND O
.RN = L.OUT_DOC  AND L.IN_DOC = I.RN  AND (I.UNITCODE = :b3  OR
:b3 IS NULL )

       9,421            9,421              1.0   3037017896
SELECT REG_INS,REG_UPD,REG_DEL   FROM TABLELIST  WHERE TABLENAME
 = :b1

       6,918            6,918              1.0   2016510618
SELECT USER   FROM SYS.DUAL

       6,342            6,342              1.0   3720616768
SQL ordered by Executions for DB: ORACLE  Instance: orcl  Snaps: 116 -117
-> End Executions Threshold:     100

 Executions   Rows Processed    Rows per Exec   Hash Value
------------ ---------------- ---------------- ------------
SELECT SEQ_IDENT.NEXTVAL   FROM DUAL

       5,412            5,412              1.0   2008158620
SELECT /*+ ORDERED */COUNT(*)   FROM DOCINPT I,DOCLINKS L,DOCOUT
PT O,STRPLRESJRNL JRNL  WHERE I.DOCUMENT = :b1  AND I.UNITCODE =
 :b2  AND L.IN_DOC = I.RN  AND L.OUT_DOC = O.RN  AND O.UNITCODE
= 'StoragePlacesResJournal'  AND O.DOCUMENT = JRNL.RN  AND JRNL.
FREE_DATE IS NOT NULL

       5,150            5,150              1.0   3549168818
SELECT CURRENCY   FROM CURBASE  WHERE VERSION = :b1

       3,686            3,686              1.0   1379738296
SELECT SEQ_RN.NEXTVAL   FROM DUAL

       3,633            3,633              1.0   1425443843
update seq$ set increment$=:2,minvalue=:3,maxvalue=:4,cycle#=:5,
order$=:6,cache=:7,highwater=:8,audit$=:9 where obj#=:1

       3,419            3,419              1.0    767676440
SELECT COUNT(*)   FROM ACATALOG  WHERE RN = :b1  AND DOCNAME = :
b2  AND (:b3 IS NULL  AND COMPANY IS NULL  OR :b3 IS NOT NULL
AND COMPANY = :b3 ) AND (:b6 IS NULL  AND VERSION IS NULL  OR :b
6 IS NOT NULL   AND VERSION = :b6 )

       3,418            3,418              1.0    375459926
SELECT COUNT(*)   FROM COMPANIES  WHERE RN = :b1

       3,198            1,491              0.5   2642839222
SELECT FA.RN,FA.NUMB,FA.CREDIT_SUM,(FA.CURRENT_SUM + FA.SERV_SUM
 ) SUMM   FROM FACEACC FA  WHERE FA.COMPANY = :b1  AND FA.AGENT
= :b2  AND FA.FACT_CLOSE_DATE IS NULL  AND FA.ACC_CLASS = :b3  A
ND FA.FCACGR IN (SELECT FC.RN   FROM FCACGR FC  WHERE FC.COMPANY
 = :b1  AND STRINLIKE(FC.CODE,:b5,:b6,:b7) = 1 ) AND EXISTS  (SE

       3,149            3,149              1.0    992411186
SELECT /*+ ORDERED  */COUNT(*)   FROM UNITPRIV CP,USERPRIV UP  W
HERE UP.RN = CP.PRN  AND CP.FUNC = :b1  AND UP.UNITCODE = :b2  A
ND UP.CATALOG = :b3  AND (UP.AUTHID = USER  OR EXISTS  (SELECT *
   FROM USERROLES UR  WHERE UR.ROLEID = UP.ROLEID  AND UR.AUTHID
 = USER ) )

       2,936            1,465              0.5   1331673518
SELECT FA.RN,FA.NUMB,FA.CREDIT_SUM,(FA.CURRENT_SUM + FA.SERV_SUM
 )   FROM FACEACC FA  WHERE FA.RN = :b1  AND FA.COMPANY = :b2  A
ND FA.ACC_CLASS = :b3  AND FA.FACT_CLOSE_DATE IS NULL  AND EXIST
S  (SELECT CL.FACEACC   FROM AZSCLIENTS CL  WHERE CL.COMPANY = :
b2  AND CL.AGENT = :b5  AND CL.FACEACC = FA.RN )

       2,863            2,863              1.0   1006126218
SELECT SEQ_UPDATELIST.NEXTVAL   FROM DUAL

       2,863            2,863              1.0   2989693110
INSERT INTO UPDATELIST ( TABLENAME,COMPANY,VERSION,TABLERN,MODIF
DATE,OPERATION,BUSPROCHIST,BUSPROCACTHIST,AUTHID,OSUSER,MACHINE,
SQL ordered by Executions for DB: ORACLE  Instance: orcl  Snaps: 116 -117
-> End Executions Threshold:     100

 Executions   Rows Processed    Rows per Exec   Hash Value
------------ ---------------- ---------------- ------------
TERMINAL,PROGRAM,NOTE )  VALUES ( :b1,:b2,:b3,:b4,SYSDATE,:b5,PK
G_BPH.RN_PROCESS,PKG_BPH.RN_ACTION,GET_SESSION_AUTHID,GET_SESSIO
N_OSUSER,GET_SESSION_MACHINE,GET_SESSION_TERMINAL,GET_SESSION_PR

          -------------------------------------------------------------
SQL ordered by Sharable Memory for DB: ORACLE  Instance: orcl  Snaps: 116 -117
-> End Sharable Memory Threshold:   1048576

Sharable Mem (b)  Executions  % Total  Hash Value
---------------- ------------ ------- ------------
       4,894,780            4     1.4   3052810209
SELECT M.ACCOUNT,M.BALUNIT,M.AGENT,M.NOMENCLATURE,M.NOMEN_PARTNO
,M.NOMEN_INDATE,M.CURRENCY,M.REMN_DATE OPERATION_DATE,M.JUR_PERS
 JUR_PERS   FROM VALREMNS M  WHERE M.COMPANY = :b1  AND M.REMN_D
ATE = :b2  AND (RTRIM(:b3) IS NULL  OR STRIN(:b4,:b3,:b6) = 1  A
ND M.ACCOUNT IS NULL  OR M.ACCOUNT IN (SELECT AC.RN   FROM DICAC

          -------------------------------------------------------------
Instance Activity Stats for DB: ORACLE  Instance: orcl  Snaps: 116 -117

Statistic                                    Total   per Second    per Trans
--------------------------------- ---------------- ------------ ------------
CPU used by this session                   264,794        266.7         44.7
CPU used when call started                 260,155        262.0         43.9
CR blocks created                              952          1.0          0.2
DBWR buffers scanned                        91,562         92.2         15.5
DBWR checkpoint buffers written             11,113         11.2          1.9
DBWR checkpoints                                11          0.0          0.0
DBWR free buffers found                     89,821         90.5         15.2
DBWR lru scans                                 121          0.1          0.0
DBWR make free requests                        121          0.1          0.0
DBWR summed scan depth                      91,562         92.2         15.5
DBWR transaction table writes                  419          0.4          0.1
DBWR undo block writes                       4,283          4.3          0.7
SQL*Net roundtrips to/from client          112,318        113.1         19.0
background checkpoints completed                11          0.0          0.0
background checkpoints started                  11          0.0          0.0
background timeouts                          1,299          1.3          0.2
branch node splits                               2          0.0          0.0
buffer is not pinned count              94,064,473     94,727.6     15,867.8
buffer is pinned count                 161,685,069    162,824.8     27,274.8
bytes received via SQL*Net from c       27,590,757     27,785.3      4,654.3
bytes sent via SQL*Net to client        67,714,721     68,192.1     11,422.9
calls to get snapshot scn: kcmgss          764,115        769.5        128.9
calls to kcmgas                             10,034         10.1          1.7
calls to kcmgcs                              2,416          2.4          0.4
change write time                              333          0.3          0.1
cleanouts and rollbacks - consist              381          0.4          0.1
cleanouts only - consistent read               456          0.5          0.1
cluster key scan block gets                 67,121         67.6         11.3
cluster key scans                           15,765         15.9          2.7
commit cleanout failures: block l              348          0.4          0.1
commit cleanout failures: callbac                9          0.0          0.0
commit cleanout failures: cannot                 4          0.0          0.0
commit cleanouts                            47,599         47.9          8.0
commit cleanouts successfully com           47,238         47.6          8.0
consistent changes                           5,071          5.1          0.9
consistent gets                        100,208,586    100,915.0     16,904.3
cursor authentications                         424          0.4          0.1
data blocks consistent reads - un            5,071          5.1          0.9
db block changes                           369,931        372.5         62.4
db block gets                            1,251,835      1,260.7        211.2
deferred (CURRENT) block cleanout           21,865         22.0          3.7
dirty buffers inspected                        127          0.1          0.0
enqueue conversions                            140          0.1          0.0
enqueue releases                            26,742         26.9          4.5
enqueue requests                            26,744         26.9          4.5
enqueue timeouts                                 4          0.0          0.0
enqueue waits                                    0          0.0          0.0
execute count                              619,600        624.0        104.5
free buffer inspected                          236          0.2          0.0
free buffer requested                      509,884        513.5         86.0
hot buffers moved to head of LRU           202,099        203.5         34.1
immediate (CR) block cleanout app              837          0.8          0.1
immediate (CURRENT) block cleanou            4,433          4.5          0.8
index fast full scans (full)                    80          0.1          0.0
leaf node splits                               287          0.3          0.1
logons cumulative                               43          0.0          0.0
Instance Activity Stats for DB: ORACLE  Instance: orcl  Snaps: 116 -117

Statistic                                    Total   per Second    per Trans
--------------------------------- ---------------- ------------ ------------
logons current
messages received                            5,693          5.7          1.0
messages sent                                5,693          5.7          1.0
no buffer to keep pinned count                   0          0.0          0.0
no work - consistent read gets          15,064,731     15,170.9      2,541.3
opened cursors cumulative                  178,129        179.4         30.1
opened cursors current
parse count (hard)                             719          0.7          0.1
parse count (total)                        179,344        180.6         30.3
parse time cpu                               1,073          1.1          0.2
parse time elapsed                           1,880          1.9          0.3
physical reads                             574,325        578.4         96.9
physical reads direct                       71,270         71.8         12.0
physical writes                            174,137        175.4         29.4
physical writes direct                     161,164        162.3         27.2
physical writes non checkpoint             170,306        171.5         28.7
pinned buffers inspected                         8          0.0          0.0
prefetched blocks                          343,445        345.9         57.9
prefetched blocks aged out before               10          0.0          0.0
process last non-idle time          46,370,883,793 ############  7,822,348.8
recursive calls                          1,088,650      1,096.3        183.7
recursive cpu usage                         68,406         68.9         11.5
redo blocks written                        132,128        133.1         22.3
redo buffer allocation retries                  12          0.0          0.0
redo entries                               185,977        187.3         31.4
redo log space requests                         15          0.0          0.0
redo log space wait time                        63          0.1          0.0
redo ordering marks                              3          0.0          0.0
redo size                               64,487,516     64,942.1     10,878.5
redo synch time                                332          0.3          0.1
redo synch writes                              544          0.6          0.1
redo wastage                               903,016        909.4        152.3
redo write time                              3,082          3.1          0.5
redo writer latching time                        5          0.0          0.0
redo writes                                  3,760          3.8          0.6
rollback changes - undo records a           11,541         11.6          2.0
rollbacks only - consistent read               571          0.6          0.1
rows fetched via callback               38,227,608     38,497.1      6,448.7
session connect time                46,370,883,793 ############  7,822,348.8
session cursor cache count                     344          0.4          0.1
session cursor cache hits                  170,015        171.2         28.7
session logical reads                  101,460,467    102,175.7     17,115.5
session pga memory                      87,621,612     88,239.3     14,781.0
session pga memory max                  97,581,672     98,269.6     16,461.2
session uga memory                       7,471,868      7,524.5      1,260.4
session uga memory max                  53,891,088     54,271.0      9,090.9
sorts (disk)                                    31          0.0          0.0
sorts (memory)                              24,459         24.6          4.1
sorts (rows)                             7,570,040      7,623.4      1,277.0
summed dirty queue length                      222          0.2          0.0
switch current to new buffer
table fetch by rowid                    98,437,913     99,131.8     16,605.6
table fetch continued row                    6,278          6.3          1.1
table scan blocks gotten                 1,339,645      1,349.1        226.0
table scan rows gotten                  79,287,292     79,846.2     13,375.1
table scans (long tables)                       67          0.1          0.0
Instance Activity Stats for DB: ORACLE  Instance: orcl  Snaps: 116 -117

Statistic                                    Total   per Second    per Trans
--------------------------------- ---------------- ------------ ------------
table scans (short tables)                  95,922         96.6         16.2
total file opens                             1,299          1.3          0.2
transaction rollbacks                           26          0.0          0.0
user calls                                 200,512        201.9         33.8
user commits                                 5,922          6.0          1.0
user rollbacks                                   6          0.0          0.0
write clones created in foregroun               64          0.1          0.0
          -------------------------------------------------------------
Tablespace IO Stats for DB: ORACLE  Instance: orcl  Snaps: 116 -117
->ordered by IOs (Reads + Writes) desc

Tablespace
------------------------------
                 Av      Av     Av                    Av        Buffer Av Buf
         Reads Reads/s Rd(ms) Blks/Rd       Writes Writes/s      Waits Wt(ms)
-------------- ------- ------ ------- ------------ -------- ---------- ------
PARUS3
        95,690      96    2.6     1.3        1,213        1          1    0.0
TEMP
        18,702      19   30.7     3.8       31,636       32          0    0.0
PARIDX5
        22,944      23    5.1     3.6        2,194        2          0    0.0
PARUSTMP
        12,322      12    4.4     7.8          683        1          9    6.7
PARUS5
         9,804      10    4.8     9.4          169        0          0    0.0
PARIDX4
         6,549       7    6.2     1.0        2,752        3          0    0.0
PARUS
         4,177       4    5.4    12.2           46        0          0    0.0
PRSRLB2
           103       0   30.2     1.0        3,163        3          4    2.5
PARIDX
         2,919       3    7.4    14.6           58        0          0    0.0
SYSTEM
         2,403       2    8.1     1.5           61        0          4    5.0
PARIDX2
         1,804       2    5.8     1.0          194        0          0    0.0
PRSRLB
            61       0   47.0     1.0        1,561        2          3    0.0
PARIDXTMP
           527       1   10.7     2.1          820        1          0    0.0
TOOLS
           347       0   24.2     1.0          206        0          0    0.0
PARIDX1
            11       0  184.5     1.0           11        0          0    0.0
PARIDX3
            11       0  164.5     1.0           11        0          0    0.0
PARIDXTMP1
            11       0  113.6     1.0           11        0          0    0.0
PARUS1
            11       0  200.9     1.0           11        0          0    0.0
PARUS2
            11       0  180.0     1.0           11        0          0    0.0
PARUS4
            11       0  166.4     1.0           11        0          0    0.0
PARUSTMP1
            11       0  124.5     1.0           11        0          0    0.0
          -------------------------------------------------------------
File IO Stats for DB: ORACLE  Instance: orcl  Snaps: 116 -117
->ordered by Tablespace, File

Tablespace               Filename
------------------------ ----------------------------------------------------
                 Av      Av     Av                    Av        Buffer Av Buf
         Reads Reads/s Rd(ms) Blks/Rd       Writes Writes/s      Waits Wt(ms)
-------------- ------- ------ ------- ------------ -------- ---------- ------
PARIDX                   F:\DB_ORCL\PARIDX.ORA
         2,919       3    7.4    14.6           58        0          0

PARIDX1                  H:\DB_ORCL\PARIDX1.ORA
            11       0  184.5     1.0           11        0          0

PARIDX2                  F:\DB_ORCL\PARIDX2.ORA
         1,804       2    5.8     1.0          194        0          0

PARIDX3                  J:\DB_ORCL\PARIDX3.ORA
            11       0  164.5     1.0           11        0          0

PARIDX4                  H:\DB_ORCL\PARIDX4.ORA
         6,549       7    6.2     1.0        2,752        3          0

PARIDX5                  J:\DB_ORCL\PARIDX5.ORA
        22,944      23    5.1     3.6        2,194        2          0

PARIDXTMP                F:\DB_ORCL\PARIDXTMP.ORA
           527       1   10.7     2.1          820        1          0

PARIDXTMP1               F:\DB_ORCL\PARIDXTMP1.ORA
            11       0  113.6     1.0           11        0          0

PARUS                    D:\DB_ORCL\PARUS.ORA
         4,177       4    5.4    12.2           46        0          0

PARUS1                   E:\DB_ORCL\PARUS1.ORA
            11       0  200.9     1.0           11        0          0

PARUS2                   D:\DB_ORCL\PARUS2.ORA
            11       0  180.0     1.0           11        0          0

PARUS3                   L:\DB_ORCL\PARUS3.ORA
        95,690      96    2.6     1.3        1,213        1          1    0.0

PARUS4                   L:\DB_ORCL\PARUS4.ORA
            11       0  166.4     1.0           11        0          0

PARUS5                   E:\DB_ORCL\PARUS5.ORA
         9,804      10    4.8     9.4          169        0          0

PARUSTMP                 L:\DB_ORCL\PARUSTMP.ORA
        12,322      12    4.4     7.8          683        1          9    6.7

PARUSTMP1                L:\DB_ORCL\PARUSTMP1.ORA
            11       0  124.5     1.0           11        0          0

PRSRLB                   K:\DB_ORCL\PRSRLB1.ORA
            61       0   47.0     1.0        1,561        2          3    0.0

PRSRLB2                  M:\DB_ORCL\PRSRLB2.ORA
File IO Stats for DB: ORACLE  Instance: orcl  Snaps: 116 -117
->ordered by Tablespace, File

Tablespace               Filename
------------------------ ----------------------------------------------------
                 Av      Av     Av                    Av        Buffer Av Buf
         Reads Reads/s Rd(ms) Blks/Rd       Writes Writes/s      Waits Wt(ms)
-------------- ------- ------ ------- ------------ -------- ---------- ------
           103       0   30.2     1.0        3,163        3          4    2.5

SYSTEM                   G:\DB_ORCL\SYSTEM1.ORA
         2,403       2    8.1     1.5           61        0          4    5.0

TEMP                     G:\DB_ORCL\TEMP1.ORA
             1       0   10.0     1.0            0        0          0
                         I:\DB_ORCL\TEMP3.ORA
             3       0   10.0     1.0        3,509        4          0
                         N:\DB_ORCL\TEMP2.ORA
        18,698      19   30.7     3.8       28,127       28          0

TOOLS                    M:\DB_ORCL\TOOLS1.ORA
           347       0   24.2     1.0          206        0          0

          -------------------------------------------------------------
Buffer Pool Statistics for DB: ORACLE  Instance: orcl  Snaps: 116 -117
-> Pools   D: default pool,  K: keep pool,  R: recycle pool

                                                      Free    Write     Buffer
       Buffer    Consistent    Physical   Physical  Buffer Complete       Busy
P        Gets          Gets       Reads     Writes   Waits    Waits      Waits
- ----------- ------------- ----------- ---------- ------- -------- ----------
D     509,291    19,664,886     502,445     12,978       0        0         21
          -------------------------------------------------------------





Buffer wait Statistics for DB: ORACLE  Instance: orcl  Snaps: 116 -117
-> ordered by wait time desc, waits desc

                                 Tot Wait    Avg
Class                    Waits  Time (cs) Time (cs)
------------------ ----------- ---------- ---------
data block                  14          8         1
undo header                  6          1         0
undo block                   1          0         0
          -------------------------------------------------------------
Rollback Segment Stats for DB: ORACLE  Instance: orcl  Snaps: 116 -117
->A high value for "Pct Waits" suggests more rollback segments may be required

       Trans Table      Pct   Undo Bytes
RBS No     Gets       Waits     Written        Wraps  Shrinks  Extends
------ ------------ ------- --------------- -------- -------- --------
     0         65.0    0.00               0        0        0        0
     1        481.0    0.00         367,762        0        0        0
     2        571.0    0.00         317,020        0        0        0
     3        380.0    0.00          98,192        0        0        0
     4        398.0    0.00         177,056        0        0        0
     5        682.0    0.00         309,310        0        0        0
     6        409.0    0.00         159,942        0        0        0
     7        642.0    0.00         151,426        0        0        0
     8        463.0    0.00         114,246        0        0        0
     9      1,021.0    0.00         490,846        0        0        0
    10        441.0    0.00         188,950        0        0        0
    11        522.0    0.00         113,380        0        0        0
    12        420.0    0.00          87,412        0        0        0
    13      1,018.0    0.00         716,454        0        0        0
    14        425.0    0.00         519,608        0        0        0
    15        333.0    0.00          88,474        0        0        0
    16    164,579.0    0.00          69,850        0        0        0
    17        304.0    0.00          73,520        0        0        0
    18        381.0    0.00          70,410        0        0        0
    19        321.0    0.00         112,384        0        0        0
    20        319.0    0.00          92,146        0        0        0
    21        926.0    0.00         412,348        0        0        0
    22        892.0    0.00       1,016,608        0        0        0
    23        386.0    0.00         181,876        0        0        0
    24        375.0    0.00         234,390        0        0        0
    25        360.0    0.00         180,562        0        0        0
    26        386.0    0.00         450,600        0        0        0
    27        306.0    0.00          85,886        0        0        0
    28        404.0    0.00         576,012        0        0        0
    29        287.0    0.00          60,030        0        0        0
    30        328.0    0.00          95,062        0        0        0
    31        294.0    0.00          69,138        0        0        0
    32        327.0    0.00          58,824        0        0        0
    33        376.0    0.00         451,770        0        0        0
    34        309.0    0.00          89,378        0        0        0
    35        333.0    0.00          76,154        0        0        0
    36      1,930.0    0.00         954,804        0        0        0
    37        303.0    0.00          75,666        0        0        0
    38        603.0    0.00         630,338        0        0        0
    39     38,550.0    0.00       2,790,168        0        0        0
    40      3,450.0    0.00          87,476        0        0        0
    41        361.0    0.00         332,782        0        0        0
    42        701.0    0.00       2,623,630        0        0        0
    43        515.0    0.00         564,772        0        0        0
    44        604.0    0.00         694,470        0        0        0
    45        357.0    0.00         167,256        0        0        0
    46        669.0    0.00         983,340        0        0        0
    47        782.0    0.00         654,124        0        0        0
    48        475.0    0.00         174,492        0        0        0
    49        401.0    0.00         105,968        0        0        0
    50        501.0    0.00         727,300        0        0        0
    51        674.0    0.00       2,472,816        0        0        0
    52        677.0    0.00         859,690        0        0        0
    53        374.0    0.00         153,578        0        0        0
Rollback Segment Stats for DB: ORACLE  Instance: orcl  Snaps: 116 -117
->A high value for "Pct Waits" suggests more rollback segments may be required

       Trans Table      Pct   Undo Bytes
RBS No     Gets       Waits     Written        Wraps  Shrinks  Extends
------ ------------ ------- --------------- -------- -------- --------
    54        409.0    0.00         208,982        0        0        0
    55        649.0    0.00         583,696        0        0        0
    56        387.0    0.00         253,868        0        0        0
    57        842.0    0.00         616,604        0        0        0
    58        404.0    0.00         201,376        0        0        0
    59        565.0    0.00         472,238        0        0        0
    60        427.0    0.00         587,366        0        0        0
          -------------------------------------------------------------
Rollback Segment Storage for DB: ORACLE  Instance: orcl  Snaps: 116 -117
->Optimal Size should be larger than Avg Active

RBS No    Segment Size      Avg Active    Optimal Size    Maximum Size
------ --------------- --------------- --------------- ---------------
     0         401,408               0                         401,408
     1      20,963,328               0                      20,963,328
     2      20,963,328               0                      20,963,328
     3      20,963,328               0                      20,963,328
     4      20,963,328               0                      20,963,328
     5      20,963,328               0                      20,963,328
     6      20,963,328               0                      20,963,328
     7      20,963,328               0                      20,963,328
     8      20,963,328               0                      20,963,328
     9      20,963,328               0                      20,963,328
    10      20,963,328               0                      20,963,328
    11      20,963,328               0                      20,963,328
    12      20,963,328               0                      20,963,328
    13      20,963,328               0                      20,963,328
    14      20,963,328               0                      20,963,328
    15      20,963,328               0                      20,963,328
    16      20,963,328               0                      20,963,328
    17      20,963,328               0                      20,963,328
    18      20,963,328               0                      20,963,328
    19      20,963,328               0                      20,963,328
    20      20,963,328               0                      20,963,328
    21      20,963,328               0                      20,963,328
    22      20,963,328               0                      20,963,328
    23      20,963,328               0                      20,963,328
    24      20,963,328               0                      20,963,328
    25      20,963,328               0                      20,963,328
    26      20,963,328               0                      20,963,328
    27      20,963,328               0                      20,963,328
    28      20,963,328               0                      20,963,328
    29      20,963,328               0                      20,963,328
    30      20,963,328               0                      20,963,328
    31      20,963,328               0                      20,963,328
    32      20,963,328               0                      20,963,328
    33      20,963,328               0                      20,963,328
    34      20,963,328               0                      20,963,328
    35      20,963,328               0                      20,963,328
    36      20,963,328               0                      20,963,328
    37      20,963,328               0                      20,963,328
    38      20,963,328               0                      20,963,328
    39      20,963,328               0                      20,963,328
    40      20,963,328               0                      20,963,328
    41      20,963,328               0                      20,963,328
    42      20,963,328               0                      20,963,328
    43      20,963,328               0                      20,963,328
    44      20,963,328               0                      20,963,328
    45      31,449,088       3,040,132                      31,449,088
    46      20,963,328               0                      20,963,328
    47      20,963,328               0                      20,963,328
    48      20,963,328               0                      20,963,328
    49      20,963,328               0                      20,963,328
    50      20,963,328               0                      20,963,328
    51      20,963,328               0                      20,963,328
    52      20,963,328               0                      20,963,328
    53      20,963,328               0                      20,963,328
    54      20,963,328               0                      20,963,328
Rollback Segment Storage for DB: ORACLE  Instance: orcl  Snaps: 116 -117
->Optimal Size should be larger than Avg Active

RBS No    Segment Size      Avg Active    Optimal Size    Maximum Size
------ --------------- --------------- --------------- ---------------
    55      20,963,328               0                      20,963,328
    56      20,963,328               0                      20,963,328
    57      20,963,328               0                      20,963,328
    58      20,963,328               0                      20,963,328
    59      20,963,328               0                      20,963,328
    60      20,963,328               0                      20,963,328
          -------------------------------------------------------------
Latch Activity for DB: ORACLE  Instance: orcl  Snaps: 116 -117
->"Get Requests", "Pct Get Miss" and "Avg Slps/Miss" are statistics for
  willing-to-wait latch get requests
->"NoWait Requests", "Pct NoWait Miss" are for no-wait latch get requests
->"Pct Misses" for both should be very close to 0.0

                                                Pct    Avg                 Pct
                                   Get          Get   Slps       NoWait NoWait
Latch Name                       Requests      Miss  /Miss     Requests   Miss
----------------------------- -------------- ------ ------ ------------ ------
Token Manager                            889    0.0                 299    0.0
active checkpoint queue latch          2,206    0.0                   0
archive control                           32    0.0                   0
archive process latch                     22    0.0                   0
cache buffer handles                  93,422    0.0    0.2            0
cache buffers chains             123,206,560    0.0    0.0      872,857    0.0
cache buffers lru chain              391,402    0.0    0.1      508,100    0.1
channel handle pool latch                 82    0.0                   0
channel operations parent lat            125    0.0                   0
checkpoint queue latch                49,739    0.0    0.0            0
dml lock allocation                   22,607    0.0    0.0            0
enqueue hash chains                   53,656    0.0    0.0            0
enqueues                              68,402    0.0    0.0            0
event group latch                         43    0.0                   0
file number translation table             63    0.0                   0
global transaction                       499    0.0                   0
global tx free list                        6    0.0                   0
global tx hash mapping                    33    0.0                   0
job_queue_processes parameter             15    0.0                   0
ktm global data                            3    0.0                   0
latch wait list                          506    0.0                 506    0.0
library cache                      4,812,470    0.1    0.2        3,044    0.5
library cache load lock                1,548    0.0                   0
list of block allocation              20,986    0.0                   0
loader state object freelist             216    0.0                   0
longop free list                       2,647    0.0                   0
messages                              30,283    0.0    0.0            0
multiblock read objects               59,913    0.0    0.3            0
ncodef allocation latch                   15    0.0                   0
process allocation                        43    0.0                  43    0.0
process group creation                    82    0.0                   0
redo allocation                      193,597    0.0    0.3            0
redo writing                          18,806    0.0    0.3            0
row cache objects                  1,244,625    0.0    0.1            0
sequence cache                        46,083    0.0                   0
session allocation                    61,716    0.0    0.7            0
session idle bit                     413,962    0.0    0.0            0
session switching                         15    0.0                   0
shared pool                          285,092    0.0    0.6            0
sort extent pool                       2,431    0.0                   0
transaction allocation                30,271    0.0    0.0            0
transaction branch allocation            145    0.0                   0
undo global data                     252,283    0.0    0.0            0
user lock                                188    0.0                   0
          -------------------------------------------------------------
Latch Sleep breakdown for DB: ORACLE  Instance: orcl  Snaps: 116 -117
-> ordered by misses desc

                                Get                                  Spin &
Latch Name                    Requests         Misses      Sleeps Sleeps 1->4
-------------------------- -------------- ----------- ----------- ------------
cache buffers chains          123,206,560      23,793       1,137 22822/809/15
                                                                  8/4/0
library cache                   4,812,470       3,925         610 3447/380/66/
                                                                  32/0
cache buffers lru chain           391,402         167          21 149/15/3/0/0
row cache objects               1,244,625         138          13 126/11/1/0/0
shared pool                       285,092          56          35 33/14/7/2/0
redo allocation                   193,597          20           6 15/4/1/0/0
multiblock read objects            59,913           7           2 5/2/0/0/0
redo writing                       18,806           6           2 4/2/0/0/0
cache buffer handles               93,422           5           1 4/1/0/0/0
session allocation                 61,716           3           2 2/0/1/0/0
          -------------------------------------------------------------
Latch Miss Sources for DB: ORACLE  Instance: orcl  Snaps: 116 -117
-> only latches with sleeps are shown
-> ordered by name, sleeps desc

                                                     NoWait             Waiter
Latch Name               Where                       Misses     Sleeps  Sleeps
------------------------ -------------------------- ------- ---------- -------
cache buffer handles     kcbzgs                           0          1       1
cache buffers chains     kcbgtcr: kslbegin                0      1,078   1,075
cache buffers chains     kcbrls: kslbegin                 0         26      28
cache buffers chains     kcbgcur: kslbegin                0          8      16
cache buffers chains     kcbzib: finish free bufs         0          7       4
cache buffers chains     kcbget: pin buffer               0          5       6
cache buffers chains     kcbgtcr                          0          5       0
cache buffers chains     kcbzib: multi-block read:        0          3       0
cache buffers chains     kcbchg: kslbegin: bufs not       0          2       0
cache buffers chains     kcbzgb: scan from tail. no       0          2       0
cache buffers chains     kcbnlc                           0          1       5
cache buffers lru chain  kcbzgb: multiple sets nowa       0         16       0
cache buffers lru chain  kcbbiop: lru scan                0          2       0
cache buffers lru chain  kcbzgm                           0          2       5
cache buffers lru chain  kcbzar: KSLNBEGIN                0          1      44
library cache            kglupc: child                    0         87      90
library cache            kglhdgn: child:                  0         80      19
library cache            kglpnal: child: alloc spac       0         72      87
library cache            kglget: child: KGLDSBYD          0         54      11
library cache            kglpnc: child                    0         54     132
library cache            kglget: child: KGLDSBRD          0         38       1
library cache            kglpnal: child: before pro       0         26      75
library cache            kglpnp: child                    0         15     158
library cache            kgllkdl: child: cleanup          0         10       2
library cache            kgldti: 2child                   0          8       1
library cache            kglpndl: parent: purge           0          5       0
library cache            kglhdgc: child:                  0          4       3
library cache            kglobpn: child:                  0          3       1
library cache            kglic                            0          2       4
library cache            kgldtld: 2child                  0          1       0
multiblock read objects  kcbzib: MBRFRE                   0          1       1
multiblock read objects  kcbzib: MBRGET                   0          1       1
redo allocation          kcrfwr: redo allocation          0          4       4
redo allocation          kcrfwi: before write             0          2       2
redo writing             kcrfsr                           0          2       0
row cache objects        kqrpre: find obj                 0         10       7
row cache objects        kqreqd                           0          2       4
row cache objects        kqreqd: rel enqueue              0          1       1
session allocation       ksuprc                           0          2       0
shared pool              kghfrunp: clatch: nowait         0        150       0
shared pool              kghfrunp: alloc: clatch no       0         30       0
shared pool              kghalo                           0          4       8
shared pool              kghfnd: min scan                 0          1       0
shared pool              kghfrunp: clatch: wait           0          1       7
          -------------------------------------------------------------
Dictionary Cache Stats for DB: ORACLE  Instance: orcl  Snaps: 116 -117
->"Pct Misses"  should be very low (< 2% in most cases)
->"Cache Usage" is the number of cache entries being used
->"Pct SGA"     is the ratio of usage to allocated size for that cache

                           Get         Pct     Scan   Pct      Mod  Final  Pct
Cache                    Requests     Miss Requests  Miss      Req  Usage  SGA
---------------------- ------------ ------ -------- ----- -------- ------ ----
dc_constraints                    0               0              0      0    0
dc_database_links                 0               0              0      0    0
dc_files                         20    0.0        0              0     20   91
dc_free_extents                  30   13.3        3   0.0        9     11   32
dc_global_oids                    0               0              0      0    0
dc_histogram_data                 0               0              0     26   72
dc_histogram_data_valu            0               0              0     22   96
dc_histogram_defs            15,472    0.7        0              0  5,413  100
dc_object_ids               267,640    0.0        0              0  2,749  100
dc_objects                   13,270    4.2        0              2  7,618  100
dc_outlines                       0               0              0      0    0
dc_profiles                      43    0.0        0              0      1   11
dc_rollback_segments            390    0.0        0              0     66   92
dc_segments                  69,460    0.1        0              3  3,195  100
dc_sequence_grants                0               0              0      0    0
dc_sequences                  3,630    0.0        0          3,630     10   53
dc_synonyms                   1,547    1.0        0              0    362  100
dc_tablespace_quotas              9   11.1        0              3      5   50
dc_tablespaces               11,688    0.0        0              0     16   76
dc_used_extents                   3  100.0        0              3     12   46
dc_user_grants               13,386    0.0        0              0    115   72
dc_usernames                  2,437    0.2        0              0    106   90
dc_users                     19,991    0.0        0              0    118   97
ifs_acl_cache_entries             0               0              0      0    0
          -------------------------------------------------------------


Library Cache Activity for DB: ORACLE  Instance: orcl  Snaps: 116 -117
->"Pct Misses"  should be very low

                    Get       Pct        Pin        Pct               Invali-
Namespace         Requests    Miss     Requests     Miss     Reloads  dations
--------------- ------------ ------ -------------- ------ ---------- --------
BODY                     284    0.4            284    0.4          0        0
CLUSTER                   19    0.0             20    0.0          0        0
INDEX                      0                     0                 0        0
OBJECT                     0                     0                 0        0
PIPE                       0                     0                 0        0
SQL AREA               6,838    9.4      1,205,740    0.1         25        4
TABLE/PROCEDURE       25,571    2.2        669,518    0.1        137        0
TRIGGER                  317    4.1            317    6.6          8        0
          -------------------------------------------------------------
SGA Memory Summary for DB: ORACLE  Instance: orcl  Snaps: 116 -117

SGA regions                       Size in Bytes
------------------------------ ----------------
Database Buffers                  1,073,741,824
Fixed Size                               75,804
Redo Buffers                          1,056,768
Variable Size                       344,018,944
                               ----------------
sum                               1,418,893,340
          -------------------------------------------------------------


SGA breakdown difference for DB: ORACLE  Instance: orcl  Snaps: 116 -117

Pool        Name                        Begin value      End value  Difference
----------- ------------------------ -------------- -------------- -----------
java pool   free memory                   4,198,400      4,198,400           0
java pool   memory in use                   303,104        303,104           0
shared pool DML locks                       176,640        176,640           0
shared pool KGFF heap                        17,636         17,636           0
shared pool KGK heap                         17,520         17,520           0
shared pool KQLS heap                    25,245,812     24,262,568    -983,244
shared pool PL/SQL DIANA                  9,132,852      9,128,688      -4,164
shared pool PL/SQL MPCODE                 7,606,344      7,825,272     218,928
shared pool PL/SQL PPCODE                    25,184         25,184           0
shared pool PL/SQL SOURCE                     4,624          4,624           0
shared pool PLS non-lib hp                    2,096          2,096           0
shared pool State objects                   418,960        418,960           0
shared pool db_block_buffers             17,825,792     17,825,792           0
shared pool db_block_hash_buckets         2,228,248      2,228,248           0
shared pool db_files                        370,988        370,988           0
shared pool db_handles                      150,000        150,000           0
shared pool dictionary cache              7,847,276      8,254,584     407,308
shared pool enqueue_resources               181,152        181,152           0
shared pool event statistics per ses      1,152,400      1,152,400           0
shared pool fixed allocation callbac            640            640           0
shared pool free memory                     599,908        540,320     -59,588
shared pool joxs heap init                    4,248          4,248           0
shared pool ktlbk state objects             157,504        157,504           0
shared pool library cache                30,319,832     32,342,696   2,022,864
shared pool miscellaneous                 2,296,576      2,334,216      37,640
shared pool processes                       242,400        242,400           0
shared pool sessions                        722,260        722,260           0
shared pool sql area                    232,141,264    230,564,080  -1,577,184
shared pool table columns                    33,576         33,032        -544
shared pool table definiti                   45,696         39,428      -6,268
shared pool transactions                    328,256        328,256           0
shared pool trigger defini                  196,916        141,672     -55,244
shared pool trigger inform                    3,872          3,212        -660
shared pool view columns d                      916          1,072         156
            db_block_buffers          1,073,741,824  1,073,741,824           0
            fixed_sga                        75,804         75,804           0
            log_buffer                    1,048,576      1,048,576           0
          -------------------------------------------------------------
init.ora Parameters for DB: ORACLE  Instance: orcl  Snaps: 116 -117

                                                                  End value
Parameter Name                Begin value                       (if different)
----------------------------- --------------------------------- --------------
background_dump_dest          %RDBMS80%\trace
compatible                    8.1.7
control_files                 g:\db_orcl\ctl1orcl.ora, d:\db_or
db_block_buffers              131072
db_block_lru_latches          2
db_block_size                 8192
db_domain                     world
db_file_multiblock_read_count 32
db_files                      1024
db_name                       oracle
db_writer_processes           2
global_names                  FALSE
hash_multiblock_io_count      32
ifile                         g:\db_orcl\initorcl.ora
java_pool_size                4500000
large_pool_size               0
log_archive_dest_1            LOCATION=I:\ARCHIVE
log_archive_dest_state_1      ENABLE
log_archive_start             TRUE
log_buffer                    1048576
log_checkpoint_interval       100000
log_checkpoint_timeout        1800
max_dump_file_size            10240
max_enabled_roles             30
open_cursors                  1500
processes                     300
remote_login_passwordfile     SHARED
service_names                 oracle.WORLD
session_cached_cursors        150
shared_pool_reserved_size     50000
shared_pool_size              314572800
sort_area_retained_size       204800
sort_area_size                819200
timed_statistics              TRUE
transaction_auditing          FALSE
user_dump_dest                I:\userdump
          -------------------------------------------------------------

End of Report

