
STATSPACK report for

DB Name         DB Id    Instance     Inst Num Release     Cluster Host
------------ ----------- ------------ -------- ----------- ------- ------------
ORACLE        1398087215 orcl                1 9.2.0.4.0   NO      ORCL2

            Snap Id     Snap Time      Sessions Curs/Sess Comment
            ------- ------------------ -------- --------- -------------------
Begin Snap:      22 17-Jun-04 15:35:29      269      79.3
  End Snap:      23 17-Jun-04 15:48:13      265      80.0
   Elapsed:               12.73 (mins)

Cache Sizes (end)
~~~~~~~~~~~~~~~~~
               Buffer Cache:       904M      Std Block Size:         8K
           Shared Pool Size:       400M          Log Buffer:       733K

Load Profile
~~~~~~~~~~~~                            Per Second       Per Transaction
                                   ---------------       ---------------
                  Redo size:            126,750.09            113,392.35
              Logical reads:            101,689.85             90,973.12
              Block changes:              1,158.60              1,036.50
             Physical reads:                344.28                308.00
            Physical writes:                 55.82                 49.94
                 User calls:                 23.99                 21.46
                     Parses:                112.07                100.26
                Hard parses:                  0.76                  0.68
                      Sorts:                 93.98                 84.08
                     Logons:                  0.02                  0.02
                   Executes:              1,454.03              1,300.79
               Transactions:                  1.12

  % Blocks changed per Read:    1.14    Recursive Call %:    99.10
 Rollback per transaction %:    1.29       Rows per Sort:    21.98

Instance Efficiency Percentages (Target 100%)
~~~~~~~~~~~~~~~~~~~~~~~~~~~~~~~~~~~~~~~~~~~~~
            Buffer Nowait %:   99.99       Redo NoWait %:  100.00
            Buffer  Hit   %:   99.69    In-memory Sort %:  100.00
            Library Hit   %:   99.89        Soft Parse %:   99.32
         Execute to Parse %:   92.29         Latch Hit %:   99.97
Parse CPU to Parse Elapsd %:    8.04     % Non-Parse CPU:   98.90

 Shared Pool Statistics        Begin   End
                               ------  ------
             Memory Usage %:   91.14   91.42
    % SQL with executions>1:   81.94   82.64
  % Memory for SQL w/exec>1:   61.80   62.99

Top 5 Timed Events
~~~~~~~~~~~~~~~~~~                                                     % Total
Event                                               Waits    Time (s) Ela Time
-------------------------------------------- ------------ ----------- --------
db file sequential read                           161,357       4,732    45.46
CPU time                                                        4,063    39.03
enqueue                                               408       1,080    10.38
db file scattered read                              7,139         269     2.59
latch free                                          4,961          91      .87
          -------------------------------------------------------------
Wait Events for DB: ORACLE  Instance: orcl  Snaps: 22 -23
-> s  - second
-> cs - centisecond -     100th of a second
-> ms - millisecond -    1000th of a second
-> us - microsecond - 1000000th of a second
-> ordered by wait time desc, waits desc (idle events last)

                                                                   Avg
                                                     Total Wait   wait    Waits
Event                               Waits   Timeouts   Time (s)   (ms)     /txn
---------------------------- ------------ ---------- ---------- ------ --------
db file sequential read           161,357          0      4,732     29    188.9
enqueue                               408        341      1,080   2647      0.5
db file scattered read              7,139          0        269     38      8.4
latch free                          4,961      2,988         91     18      5.8
library cache pin                      17         16         51   3001      0.0
buffer busy waits                   6,081          0         47      8      7.1
log file sync                         461          1         31     67      0.5
db file parallel write                680          0         11     17      0.8
control file sequential read        3,295          0         10      3      3.9
log file parallel write             1,242      1,203          7      5      1.5
log file sequential read              106          0          5     48      0.1
SQL*Net more data to client         8,475          0          3      0      9.9
direct path read                    1,078          0          3      3      1.3
log file switch completion              9          0          2    269      0.0
control file parallel write           254          0          1      5      0.3
direct path write                     986          0          1      1      1.2
SQL*Net break/reset to clien           70          0          0      5      0.1
LGWR wait for redo copy                26         14          0      8      0.0
log buffer space                        6          0          0     16      0.0
direct path read (lob)                103          0          0      1      0.1
log file single write                   4          0          0      1      0.0
undo segment extension              2,556      2,556          0      0      3.0
direct path write (lob)                11          0          0      0      0.0
async disk IO                          49          0          0      0      0.1
buffer deadlock                         1          1          0      0      0.0
SQL*Net message from client        13,797          0     40,291   2920     16.2
SQL*Net more data from clien        1,024          0          1      1      1.2
SQL*Net message to client          13,797          0          0      0     16.2
          -------------------------------------------------------------
Background Wait Events for DB: ORACLE  Instance: orcl  Snaps: 22 -23
-> ordered by wait time desc, waits desc (idle events last)

                                                                   Avg
                                                     Total Wait   wait    Waits
Event                               Waits   Timeouts   Time (s)   (ms)     /txn
---------------------------- ------------ ---------- ---------- ------ --------
db file parallel write                679          0         11     17      0.8
log file parallel write             1,236      1,197          6      5      1.4
log file sequential read              106          0          5     48      0.1
control file sequential read          204          0          4     21      0.2
db file scattered read                 83          0          1     18      0.1
control file parallel write           253          0          1      6      0.3
latch free                             30         20          0     14      0.0
db file sequential read                20          0          0     16      0.0
LGWR wait for redo copy                26         14          0      8      0.0
rdbms ipc reply                         6          0          0     27      0.0
direct path read                       26          0          0      2      0.0
log file single write                   4          0          0      1      0.0
async disk IO                          49          0          0      0      0.1
direct path write                      26          0          0      0      0.0
buffer busy waits                       1          0          0      0      0.0
rdbms ipc message                   4,927      2,739      4,403    894      5.8
pmon timer                            246        241        732   2977      0.3
smon timer                              4          1        575 ######      0.0
          -------------------------------------------------------------
SQL ordered by Gets for DB: ORACLE  Instance: orcl  Snaps: 22 -23
-> End Buffer Gets Threshold:   10000
-> Note that resources reported for PL/SQL includes the resources used by
   all SQL statements called within the PL/SQL code.  As individual SQL
   statements are also reported, it is possible and valid for the summed
   total % to exceed 100

                                                     CPU      Elapsd
  Buffer Gets    Executions  Gets per Exec  %Total Time (s)  Time (s) Hash Value
--------------- ------------ -------------- ------ -------- --------- ----------
     25,055,512            3    8,351,837.3   32.3   102.47    377.51 3724878716
Module: ACCOUNT
BEGIN "P_VALTURNS_CREATE" (COMPANY => :COMPANY,IDENT => :IDENT,B
LANK => :BLANK,DELIMITER => :DELIMITER,DATE_FROM => :DATE_FROM,D
ATE_TO => :DATE_TO,PRM_ACCOUNT => :PRM_ACCOUNT,PRM_BALUNIT => :P
RM_BALUNIT,PRM_JUR_PERS => :PRM_JUR_PERS,PRM_CURRENCY => :PRM_CU
RRENCY,PRM_AGN_CRN => :PRM_AGN_CRN,PRM_AGENT => :PRM_AGENT,PRM_N

     16,625,732            3    5,541,910.7   21.4   101.19    220.98 3349596251
Module: ACCOUNT
SELECT M.ACCOUNT,M.BALUNIT,M.AGENT,M.NOMENCLATURE,M.NOMEN_PARTNO
,M.NOMEN_INDATE,M.CURRENCY,M.OPERATION_DATE, M.JUR_PERS from ( s
elect M.ACCOUNT,M.BALUNIT,M.AGENT,M.NOMENCLATURE,M.NOMEN_PARTNO,
M.NOMEN_INDATE,M.CURRENCY,M.REMN_DATE OPERATION_DATE, M.JUR_PERS
 JUR_PERS from VALREMNS M where M.COMPANY = :b16 and M.REMN_DATE

      8,281,041            8    1,035,130.1   10.7   151.19   1090.80 3256924562
Module: ACCOUNT
BEGIN "P_PAYROLLS_FILL_BUFF" (NCOMPANY => :NCOMPANY,NIDENT => :N
IDENT,SDOC_TYPE => :SDOC_TYPE,SDOC_PREF => :SDOC_PREF,SDOC_NUMB
=> :SDOC_NUMB,DDOC_DATE => :DDOC_DATE,DOPER => :DOPER,NDDATE_SIG
N => :NDDATE_SIGN,NCONSOLID_SIGN => :NCONSOLID_SIGN,NAG_TO_SIGN
=> :NAG_TO_SIGN,NVDOC_SIGN => :NVDOC_SIGN); END;

      7,963,442        1,003        7,939.6   10.3   128.89    211.78 2072576784
Module: ACCOUNT
SELECT RN, ACNT_SUM, ACNT_BASE_SUM, NOMEN_PARTNO from SPECSBUF w
here PRN = :b18 and COMPANY = :b17 and IDENT = :b16 and ( BALUNI
T_DEBIT is null and :b15 is null or BALUNIT_DEBIT is not null an
d :b15 is not null and ( BALUNIT_DEBIT = :b15 ) ) and ( ACCOUNT_
DEBIT is null and :b14 is null or ACCOUNT_DEBIT is not null and

      7,890,295          711       11,097.5   10.2    68.17    150.51 1359137415
Module: ACCOUNT
INSERT into OPRSPECS(RN,PRN, BALUNIT_DEBIT,ACCOUNT_DEBIT,ANALYTI
C_DEBIT1,ANALYTIC_DEBIT2,ANALYTIC_DEBIT3,ANALYTIC_DEBIT4,ANALYTI
C_DEBIT5, BALUNIT_CREDIT,ACCOUNT_CREDIT,ANALYTIC_CREDIT1,ANALYTI
C_CREDIT2,ANALYTIC_CREDIT3,ANALYTIC_CREDIT4,ANALYTIC_CREDIT5, CU
RRENCY, NOMENCLATURE,NOMEN_PARTNO,NOMEN_INDATE, ACNT_SUM,ACNT_BA

      7,444,277        9,378          793.8    9.6    36.63     60.61 1742865677
Module: ACCOUNT
SELECT /*+ RULE */ DATA_TYPE,DATA_LENGTH from ALL_TAB_COLUMNS wh
ere TABLE_NAME = :b2 and COLUMN_NAME = :b1

      5,466,090            1    5,466,090.0    7.0    94.95    194.61 2473421406
Module: C:\Documents and Settings\SGurina\Desktop\Áóõãàë
SELECT "V_EOSPECS"."OPERATION_PREF", "V_EOSPECS"."OPERATION_NUMB
", "V_EOSPECS"."OPERATION_CONTENTS", "V_EOSPECS"."OPERATION_DATE
", "V_EOSPECS"."VALID_DOCTYPE", "V_EOSPECS"."VALID_DOCNUMB", "V_
SQL ordered by Gets for DB: ORACLE  Instance: orcl  Snaps: 22 -23
-> End Buffer Gets Threshold:   10000
-> Note that resources reported for PL/SQL includes the resources used by
   all SQL statements called within the PL/SQL code.  As individual SQL
   statements are also reported, it is possible and valid for the summed
   total % to exceed 100

                                                     CPU      Elapsd
  Buffer Gets    Executions  Gets per Exec  %Total Time (s)  Time (s) Hash Value
--------------- ------------ -------------- ------ -------- --------- ----------
EOSPECS"."VALID_DOCDATE", "V_EOSPECS"."FACT_DOCTYPE", "V_EOSPECS
"."FACT_DOCNUMB", "V_EOSPECS"."FACT_DOCDATE", "V_EOSPECS"."AGENT

      4,588,751           10      458,875.1    5.9    45.28    399.68 2178204906
Module: REALIZ
BEGIN "P_TRANSINVDEPT_SET_STATUS" (NCOMPANY => :NCOMPANY,NRN =>
:NRN,NSTATUS => :NSTATUS,NIN_STATUS => :NIN_STATUS,DIN_WORK_DATE
 => :DIN_WORK_DATE,DWORK_DATE => :DWORK_DATE,SMSG => :SMSG,SCONF
IRM => :SCONFIRM); END;

      4,497,647       15,958          281.8    5.8    21.34    575.18 3322965193
Module: REALIZ
SELECT /*+ ORDERED */ max(O.IN_DATE) from DOCINPT I, DOCLINKS L,
 DOCOUTPT O where I.DOCUMENT = :b4 and I.UNITCODE = :b3 and I.RN
       = L.IN_DOC and L.OUT_DOC  = O.RN and (O.UNITCODE = :b2 or
 :b2 is null) and ((:b1 is null) or (:b1 = L.LINK_TYPE))

      3,142,415            8      392,801.9    4.0    24.05    201.56 4156765411
Module: REALIZ
declare NCOMPANY NUMBER; NRN NUMBER; begin NCOMPANY := :COMPANY;
 NRN := :DOCUMENT; pr_snp_tids_party_fas_osv(nRn,nCompany); end;


      3,062,191            1    3,062,191.0    3.9     0.00    406.51   32876612
Module: REALIZ
BEGIN "P_PAYNOTESPLAN_FILL" (NCOMPANY => :NCOMPANY,NIDENT => :NI
DENT,NIN_DOC_RN => :NIN_DOC_RN,SIN_UNITCODE => :SIN_UNITCODE,SPA
YER => :SPAYER,SFACEACC => :SFACEACC,NFINOPER_DIRECT => :NFINOPE
R_DIRECT,NAGENT_NULL => :NAGENT_NULL,NFACEACC_NULL => :NFACEACC_
NULL); END;

      3,051,149            7      435,878.4    3.9    41.23    101.30  568534161
Module: ACCOUNT
BEGIN "P_PAYROLLS_REPLACE" (NCOMPANY => :NCOMPANY,NIDENT => :NID
ENT,NFLAG_LINK => :NFLAG_LINK); END;

      1,996,233            1    1,996,233.0    2.6     0.00     61.45 2998645097
Module: REALIZ
BEGIN "P_KOMI_OB" (NCOMPANY => :NCOMPANY,DAT1 => :DAT1,DAT2 => :
DAT2,SCSTORE => :SCSTORE); END;

      1,929,293            1    1,929,293.0    2.5     0.00    312.61 3807287320
Module: REALIZ
BEGIN "PR_DEBT_USINSK_NL" (NCOMPANY => :NCOMPANY,SAGENT => :SAGE
NT,SFACEACC => :SFACEACC,SFACEGR => :SFACEGR,SSUBDIV => :SSUBDIV
,DDATE_FROM => :DDATE_FROM,DDATE_TO => :DDATE_TO,PRIZNAK => :PRI
ZNAK,NCREDIT => :NCREDIT,NIS_CLOSE => :NIS_CLOSE,NIS_OPER_UNP =>
 :NIS_OPER_UNP,NIS_ONLY_OPER => :NIS_ONLY_OPER,NIS_DATE_PR => :N

      1,793,701            8      224,212.6    2.3    13.19     65.61 1685013730
SQL ordered by Gets for DB: ORACLE  Instance: orcl  Snaps: 22 -23
-> End Buffer Gets Threshold:   10000
-> Note that resources reported for PL/SQL includes the resources used by
   all SQL statements called within the PL/SQL code.  As individual SQL
   statements are also reported, it is possible and valid for the summed
   total % to exceed 100

                                                     CPU      Elapsd
  Buffer Gets    Executions  Gets per Exec  %Total Time (s)  Time (s) Hash Value
--------------- ------------ -------------- ------ -------- --------- ----------
Module: REALIZ
SELECT  /*+ RULE */      sum(tz.quant),     sum(tz.quantpack)
 from     v_snp_tov_zap_osv2 TZ    where     tz.nnomnmodifpack =
 :b3     and tz.nnommodif  = :b2     and tz.nstore     = :b1


      1,746,468            3      582,156.0    2.2     6.91     52.28 3503606001
Module: AZS
select * from V_SALESREPORTMAIN M where NCRN=:1 and NCOMPANY=:2
 and   DRPT_DATE>=TO_DATE('01/05/2004','dd/mm/yyyy') and   RPT_U
NIT_RN in (select RN from AZSAZSLISTMT where AZS_NUMBER='055') a

          -------------------------------------------------------------
SQL ordered by Reads for DB: ORACLE  Instance: orcl  Snaps: 22 -23
-> End Disk Reads Threshold:    1000

                                                     CPU      Elapsd
 Physical Reads  Executions  Reads per Exec %Total Time (s)  Time (s) Hash Value
--------------- ------------ -------------- ------ -------- --------- ----------
         50,614           74          684.0   19.2    57.72    500.95 3556437314
Module: ACCOUNT
SELECT max( OPERATION_NUMB ) from ECONOPRS where COMPANY = :b2 a
nd OPERATION_PREF = :b1

         35,252            1       35,252.0   13.4     0.00    312.61 3807287320
Module: REALIZ
BEGIN "PR_DEBT_USINSK_NL" (NCOMPANY => :NCOMPANY,SAGENT => :SAGE
NT,SFACEACC => :SFACEACC,SFACEGR => :SFACEGR,SSUBDIV => :SSUBDIV
,DDATE_FROM => :DDATE_FROM,DDATE_TO => :DDATE_TO,PRIZNAK => :PRI
ZNAK,NCREDIT => :NCREDIT,NIS_CLOSE => :NIS_CLOSE,NIS_OPER_UNP =>
 :NIS_OPER_UNP,NIS_ONLY_OPER => :NIS_ONLY_OPER,NIS_DATE_PR => :N

         35,113            4        8,778.3   13.3     2.66    225.35  289161605
Module: AZS
BEGIN "P_USERPROCS_EXECUTE" (NRN => :NRN,NIDENT => :NIDENT,NCOMP
ANY => :NCOMPANY); END;

         35,019            1       35,019.0   13.3     0.00    204.00 2748891600
Module: AZS
declare NRES_r number; begin P_AZS_CREATE_SALESRPT_NL (:NCOMPANY
, :SAZS, :DS_DATE, :DE_DATE, :DRPT_DATE, :SRPT_PREF, :SRPT_CRN,
NRES_r); :NRES:=NRES_r; end;

         32,912            1       32,912.0   12.5     0.00    406.51   32876612
Module: REALIZ
BEGIN "P_PAYNOTESPLAN_FILL" (NCOMPANY => :NCOMPANY,NIDENT => :NI
DENT,NIN_DOC_RN => :NIN_DOC_RN,SIN_UNITCODE => :SIN_UNITCODE,SPA
YER => :SPAYER,SFACEACC => :SFACEACC,NFINOPER_DIRECT => :NFINOPE
R_DIRECT,NAGENT_NULL => :NAGENT_NULL,NFACEACC_NULL => :NFACEACC_
NULL); END;

         24,975            4        6,243.8    9.5     8.81    811.99  949570720
Module: AZS
select /*+ RULE */ R.RN RPT_RN,RO.RN OUT_RN,RO.FACEACC, M.PRN NO
MEN, --RO.NOMEN,                         RO.MUNIT, RO.PRICE, F.A
GENT,TO_CHAR(RO.REP_DATE,'HH24MI')  STIME,
   R.DATE_SMENA OPER_DATE, N.UMEAS_MAIN, S.STOPER, S.QUANT, S.QU
ANTALT,                          ID.CODE PARTNO,ID.ENTRY_DATE

         19,700       31,705            0.6    7.5     8.22    730.63 2322720221
Module: REALIZ
select /*+ ORDERED INDEX(O) INDEX(L) INDEX(I) */ I.DOCUMENT, I.U
NITCODE from DOCOUTPT O, DOCLINKS L, DOCINPT I where O.DOCUMENT
= :b1 and O.UNITCODE = 'PayNotes' and O.RN = L.OUT_DOC and I.RN
= L.IN_DOC

         18,261            1       18,261.0    6.9     5.91    160.89 3418395629
Module: master.exe
BEGIN   VANEEV.FOR_MASTER_NEW.DISP_AZS('01.06.2004','17.06.2004'
,'ÓÕÒÀ'); END;

         16,728            2        8,364.0    6.4     2.81    303.42 2903431640
Module: REALIZ
SQL ordered by Reads for DB: ORACLE  Instance: orcl  Snaps: 22 -23
-> End Disk Reads Threshold:    1000

                                                     CPU      Elapsd
 Physical Reads  Executions  Reads per Exec %Total Time (s)  Time (s) Hash Value
--------------- ------------ -------------- ------ -------- --------- ----------
select * from V_INORDERS M where M.NCOMPANY=:1 and   M.SFACEACC=
'045090003/1' order by SINDOCTYPE,SINDOCPREF,SINDOCNUMB,DINDOCDA
TE,SCURRENCY,NFACTSUM,SSELLER,SFACEACC,SSTORE,SSTOPERTYPE

         13,847            1       13,847.0    5.3     0.00    531.43  457933254
Module: ACCOUNT
select * from V_DICACCFI M where M.NCOMPANY=:1 and M.NCRN = :2 a
nd   M.SPREF_NUMB>='  00005030' and   M.SPREF_NUMB<='  00005040'
 and   M.DINCOME_DATE>=TO_DATE('01/01/2003','dd/mm/yyyy') and
M.DINCOME_DATE<=TO_DATE('30/04/2004','dd/mm/yyyy') and   M.DINCL
UDE_DATE is not null and   M.DONCOME_DATE is not null order by M

         10,580       15,958            0.7    4.0    21.34    575.18 3322965193
Module: REALIZ
SELECT /*+ ORDERED */ max(O.IN_DATE) from DOCINPT I, DOCLINKS L,
 DOCOUTPT O where I.DOCUMENT = :b4 and I.UNITCODE = :b3 and I.RN
       = L.IN_DOC and L.OUT_DOC  = O.RN and (O.UNITCODE = :b2 or
 :b2 is null) and ((:b1 is null) or (:b1 = L.LINK_TYPE))

          8,458            1        8,458.0    3.2     2.94    188.10 1225900233
Module: REALIZ
BEGIN "P_SALESRPTMAIN_CREATE_REAL" (NCOMPANY => :NCOMPANY,NCRN =
> :NCRN,SRPT_PREFIX => :SRPT_PREFIX,SRPT_NUMBER => :SRPT_NUMBER,
SRPT_UNIT => :SRPT_UNIT,DRPT_DATE => :DRPT_DATE,DB_DATE => :DB_D
ATE,DE_DATE => :DE_DATE,SSTOREOPER => :SSTOREOPER,SJUR_PERS => :
SJUR_PERS,NCOURSEFROM => :NCOURSEFROM,NGROUP2NOMEN => :NGROUP2NO

          7,563            1        7,563.0    2.9     1.50    229.25 3228496355
Module: ACCOUNT
select * from V_PAYNOTES M where NCOMPANY=:1 and   SPAY_NUMBER<=
'      5854' and   SPAY_NUMBER>='      5854' and   DPAY_DATE>=TO
_DATE('04/06/2004','dd/mm/yyyy') and   DPAY_DATE<=TO_DATE('04/06
/2004','dd/mm/yyyy') and   NSIGNACNT = 1

          6,293          184           34.2    2.4     1.61     57.91 4158045333
Module: REALIZ
SELECT /*+ RULE */ NVL (SUM (nACC_SUM * NFINOPER), 0)         FR
OM KOMI_VR_RLINCOMOUTCOM_NL        WHERE NFACEACC = :b3
 AND nSIGN_FROM = 1          AND DPAY_DATE >= :b1-:b2          A
ND DPAY_DATE <= :b1

          6,158          185           33.3    2.3     1.56    236.98  828964286
Module: REALIZ
SELECT /*+ RULE */ NVL (SUM (nACC_SUM * NFINOPER), 0)         FR
OM KOMI_VR_RLINCOMOUTCOM_NL        WHERE NFACEACC = :b3
 AND nSIGN_FROM = 1          AND DPAY_DATE >= :b2          AND D
PAY_DATE <= :b1

          5,834            2        2,917.0    2.2     0.00    390.27 2393896596
Module: REALIZ
select * from V_STRPLRESJRNL where NRES_TYPE= 1 and exists (sele
ct * from V_DOCLINKS_INOUT_IN DLIN where (DLIN.NIN_DOCUMENT=:1)
and (DLIN.SIN_UNITCODE=:2) and (DLIN.NDOCUMENT=NRN))

SQL ordered by Reads for DB: ORACLE  Instance: orcl  Snaps: 22 -23
-> End Disk Reads Threshold:    1000

                                                     CPU      Elapsd
 Physical Reads  Executions  Reads per Exec %Total Time (s)  Time (s) Hash Value
--------------- ------------ -------------- ------ -------- --------- ----------
          5,032            1        5,032.0    1.9     0.00     61.45 2998645097
Module: REALIZ
BEGIN "P_KOMI_OB" (NCOMPANY => :NCOMPANY,DAT1 => :DAT1,DAT2 => :
DAT2,SCSTORE => :SCSTORE); END;

          4,822            3        1,607.3    1.8   102.47    377.51 3724878716
Module: ACCOUNT
BEGIN "P_VALTURNS_CREATE" (COMPANY => :COMPANY,IDENT => :IDENT,B
LANK => :BLANK,DELIMITER => :DELIMITER,DATE_FROM => :DATE_FROM,D

          -------------------------------------------------------------
SQL ordered by Executions for DB: ORACLE  Instance: orcl  Snaps: 22 -23
-> End Executions Threshold:     100

                                                CPU per    Elap per
 Executions   Rows Processed   Rows per Exec    Exec (s)   Exec (s)  Hash Value
------------ --------------- ---------------- ----------- ---------- ----------
      43,887          43,886              1.0       0.00        0.00 3217652545
SELECT * from V$SESSION where     AUDSID = :b1 and OSUSER is not
 null and ROWNUM = 1

      39,299          39,299              1.0       0.00        0.00 3562325694
SELECT PARENTCODE       from UNITLIST       where UNITCODE = :b1


      34,236          34,236              1.0       0.00        0.00 1700805099
SELECT SIGN_SHARE,SIGN_ACCREG,PARENTCODE from UNITLIST where UNI
TCODE = :b1

      32,681          32,680              1.0       0.00        0.00  998922275
SELECT /*+ RULE */ TABLE_OWNER from ALL_SYNONYMS where     OWNER
        = 'PUBLIC' and SYNONYM_NAME = 'GET_PARUS_ADMIN' and TABL
E_NAME   = 'GET_PARUS_ADMIN'

      32,619          32,571              1.0       0.00        0.00 1270799654
SELECT /*+ RULE */ OBJECT_ID from ALL_OBJECTS where     OWNER
    = :b3 and OBJECT_NAME = upper(:b2) and OBJECT_TYPE = upper(:
b1)

      32,614               0              0.0       0.00        0.00 2861215373
select ARGUMENT_NAME,DATA_TYPE from ALL_ARGUMENTS where     OBJE
CT_ID = :b1 and IN_OUT in( 'OUT','IN/OUT' )

      32,598          65,196              2.0       0.00        0.01  755942651
select ARGUMENT_NAME from ALL_ARGUMENTS where OBJECT_ID = :b1 or
der by POSITION

      32,581          65,160              2.0       0.00        0.00 4185153891
select ARGUMENT_NAME,DATA_TYPE from ALL_ARGUMENTS where OBJECT_I
D = :b1

      31,870          31,870              1.0       0.00        0.00 1510774115
Module: REALIZ
SELECT /*+ INDEX(INORDERS)*/ CURRENCY from INORDERS where RN = :
b2 and COMPANY = :b1

      31,867          31,867              1.0       0.00        0.00 2304809387
Module: REALIZ
SELECT INTCODE From CURNAMES Where RN = :b1

      31,838          31,838              1.0       0.00        0.00   77010108
Module: REALIZ
SELECT CRN from INORDERS where RN = :b2 and COMPANY = :b1

      31,826          31,826              1.0       0.00        0.00 4280746092
Module: REALIZ
BEGIN P_INORDERS_EX_PAYNOTES(:NCOMPANY,:NRN); END;

      31,743          31,743              1.0       0.00        0.00  554285527
Module: REALIZ
SELECT /*+ORDERED */ DT.TYPOPER_DIRECT from PAYNOTES PN, DICTOPE
SQL ordered by Executions for DB: ORACLE  Instance: orcl  Snaps: 22 -23
-> End Executions Threshold:     100

                                                CPU per    Elap per
 Executions   Rows Processed   Rows per Exec    Exec (s)   Exec (s)  Hash Value
------------ --------------- ---------------- ----------- ---------- ----------
R DT where PN.COMPANY = :b2 and PN.RN = :b1 and PN.FINOPER = DT.
RN (+)

      31,705          31,706              1.0       0.00        0.02 2322720221
Module: REALIZ
select /*+ ORDERED INDEX(O) INDEX(L) INDEX(I) */ I.DOCUMENT, I.U
NITCODE from DOCOUTPT O, DOCLINKS L, DOCINPT I where O.DOCUMENT
= :b1 and O.UNITCODE = 'PayNotes' and O.RN = L.OUT_DOC and I.RN
= L.IN_DOC

      31,703          32,160              1.0       0.00        0.00 3995333107
Module: REALIZ
SELECT /*+ORDERED */ PN.RN, PN.PAY_SUM           as PAY_SUM, PN.
CURRENCY          as CURRENCY, PN.PAY_DATE          as PAY_DATE,
 DT.TYPOPER_DIRECT    as FACT_DIRECT, FA.CURRENCY          as FA
_CURRENCY, PN.PAY_SUM_ACC       as PAY_SUM_ACC, PN.PAY_SUM_TRD
     as PAY_SUM_TRD from PAYNOTES PN, DICTOPER DT, FACEACC  FA w

      29,988          29,988              1.0       0.00        0.00 4089986378
SELECT RN from COMPANIES where RN = :b1

      29,202          29,202              1.0       0.00        0.00  941767121
SELECT VERSION from COMPVERLIST where     COMPANY  = :b2 and UNI
TCODE = :b1

      24,381          24,381              1.0       0.00        0.00 1307778841
select condition from cdef$ where rowid=:1

      18,844          18,844              1.0       0.00        0.00   29333283
SELECT SIGN_SHARE,SIGN_ACCREG from UNITLIST where UNITCODE = :b1


      18,713               0              0.0       0.00        0.00 3064989019
SELECT RN from VERSIONS where     RN       = :b2 and UNITCODE =
:b1

      18,708          18,708              1.0       0.00        0.00 1174173423
Module: Account.exe
SELECT count(*) from DOCS_PROPS_LINKS where PRN          = :b2 a
nd UNITCODE = :b1

      18,702          18,702              1.0       0.00        0.00 3078746666
Module: Account.exe
SELECT RN from DOCS_PROPS where     VERSION = :b2 and CODE    =
:b1

      18,516          10,250              0.6       0.00        0.00 2624839305
Module: Account.exe
SELECT /*+ ORDERED INDEX(DPV I_DOCS_PROPS_VALS_DOC) */ DPV.STR_V
ALUE from DOCS_PROPS_VALS DPV, DOCS_PROPS      DP where     DPV.
DOCS_PROP_RN = :b1 and DPV.UNITCODE     = :b3 and DPV.UNIT_RN
   = :b2 and DP.RN            = :b1 and exists( select * from V_
USERPRIV UP where UP.CATALOG = DP.CRN )

SQL ordered by Executions for DB: ORACLE  Instance: orcl  Snaps: 22 -23
-> End Executions Threshold:     100

                                                CPU per    Elap per
 Executions   Rows Processed   Rows per Exec    Exec (s)   Exec (s)  Hash Value
------------ --------------- ---------------- ----------- ---------- ----------
      17,967          17,967              1.0       0.00        0.00  696610044
Module: AZS
SELECT UNITNAME from V_UNITLIST_SHADOW where UNITCODE = :b1

      15,958          15,957              1.0       0.00        0.04 3322965193
Module: REALIZ
SELECT /*+ ORDERED */ max(O.IN_DATE) from DOCINPT I, DOCLINKS L,
 DOCOUTPT O where I.DOCUMENT = :b4 and I.UNITCODE = :b3 and I.RN
       = L.IN_DOC and L.OUT_DOC  = O.RN and (O.UNITCODE = :b2 or
 :b2 is null) and ((:b1 is null) or (:b1 = L.LINK_TYPE))

      15,213          15,213              1.0       0.00        0.00 2546565874
SELECT PARENTCODE         from UNITLIST         where UNITCODE =
 :b1

      13,837          13,837              1.0       0.00        0.00   30720260
SELECT SEQ_RN.nextval     from dual

      13,712           4,227              0.3       0.00        0.00   76835504
SELECT RN,STR_VALUE,NUM_VALUE,DATE_VALUE from OPTIONS where
CODE     = :b4 and OPT_LOAD = 0 and (:b3  is null or AUTHID  = :
b3) and (:b2 is null or COMPANY = :b2) and (:b1 is null or VERSI
ON = :b1)

          -------------------------------------------------------------
SQL ordered by Parse Calls for DB: ORACLE  Instance: orcl  Snaps: 22 -23
-> End Parse Calls Threshold:      1000

                           % Total
 Parse Calls  Executions   Parses  Hash Value
------------ ------------ -------- ----------
      31,827       31,826    37.17 4280746092
Module: REALIZ
BEGIN P_INORDERS_EX_PAYNOTES(:NCOMPANY,:NRN); END;

      24,381       24,381    28.48 1307778841
select condition from cdef$ where rowid=:1

       4,218        4,218     4.93 3716207873
update seq$ set increment$=:2,minvalue=:3,maxvalue=:4,cycle#=:5,
order$=:6,cache=:7,highwater=:8,audit$=:9,flags=:10 where obj#=:
1

       3,998        3,998     4.67 3932814047
Module: ACCOUNT
SELECT ANL_NUMBER FROM DICANLS WHERE RN = :RN

       1,466        1,466     1.71     822923
Module: ACCOUNT
SELECT BUNIT_MNEMO FROM DICBUNTS WHERE RN = :RN

       1,460        1,460     1.71  318261406
Module: ACCOUNT
SELECT ACC_NUMBER FROM DICACCS WHERE RN = :RN

         986          986     1.15 3468666020
select text from view$ where rowid=:1

         749          714     0.87 2055900178
Module: ACCOUNT
SELECT OPERATION_PREF FROM ECONOPRS WHERE RN = :RN

         717          717     0.84  958517768
Module: ACCOUNT
SELECT OPERATION_NUMB FROM ECONOPRS WHERE RN = :RN

         713          713     0.83 3336316971
Module: ACCOUNT
SELECT INTCODE FROM CURNAMES WHERE RN = :RN

         588          588     0.69  529388723
BEGIN P_COTRACTS_SETSUMSFROMFACEACC(:NCOMPANY,:NRN); END;

         517          517     0.60 1254950678
select file# from file$ where ts#=:1

         423          427     0.49 2688724436
Module: ACCOUNT
COMMIT WORK

         290          290     0.34  386388955
select /*+ index(idl_ub2$ i_idl_ub21) +*/ piece#,length,piece fr
om idl_ub2$ where obj#=:1 and part=:2 and version=:3 order by pi
ece#

SQL ordered by Parse Calls for DB: ORACLE  Instance: orcl  Snaps: 22 -23
-> End Parse Calls Threshold:      1000

                           % Total
 Parse Calls  Executions   Parses  Hash Value
------------ ------------ -------- ----------
         290          290     0.34 2954231783
select /*+ index(idl_sb4$ i_idl_sb41) +*/ piece#,length,piece fr
om idl_sb4$ where obj#=:1 and part=:2 and version=:3 order by pi
ece#

         282          282     0.33  336764478
select /*+ index(idl_char$ i_idl_char1) +*/ piece#,length,piece
from idl_char$ where obj#=:1 and part=:2 and version=:3 order by
 piece#

         282          282     0.33 1006414593
select type#,blocks,extents,minexts,maxexts,extsize,extpct,user#
,iniexts,NVL(lists,65535),NVL(groups,65535),cachehint,hwmincr, N
VL(spare1,0) from seg$ where ts#=:1 and file#=:2 and block#=:3

         280          280     0.33  986338823
select /*+ index(idl_ub1$ i_idl_ub11) +*/ piece#,length,piece fr
om idl_ub1$ where obj#=:1 and part=:2 and version=:3 order by pi
ece#

         272          272     0.32  144789223
Module: REALIZ
select * from V_DICLACFO D where D.NPRN=:1 and D.NTYPE = 0 order
 by SFOOD_CODE

         258          258     0.30 2208846697
Module: REALIZ
select * from V_TRANSINVDEPTSPECS S where NPRN=:1 order by NRN


         257          257     0.30 2575545312
Module: ACCOUNT
SELECT NOMEN_CODE FROM DICNOMNS WHERE RN = :RN

         206          472     0.24 2703824309
select obj#,type#,ctime,mtime,stime,status,dataobj#,flags,oid$,
spare1, spare2 from obj$ where owner#=:1 and name=:2 and namespa
ce=:3 and remoteowner is null and linkname is null and subname i
s null

         162          162     0.19 4152688687
Module: REALIZ
select * from V_DOCS_PROPS_CONTENT where SUNITCODE=:1 and NCOMPA
NY=:2 order by SNAME

         155          155     0.18 1198893840
select order#,columns,types from access$ where d_obj#=:1

         155          155     0.18 4080861370
select owner#,name,namespace,remoteowner,linkname,p_timestamp,p_
obj#, d_owner#, nvl(property,0),subname from dependency$,obj$ wh
ere d_obj#=:1 and p_obj#=obj#(+) order by order#

         130          130     0.15 2410128676
SQL ordered by Parse Calls for DB: ORACLE  Instance: orcl  Snaps: 22 -23
-> End Parse Calls Threshold:      1000

                           % Total
 Parse Calls  Executions   Parses  Hash Value
------------ ------------ -------- ----------
Module: REALIZ
select * from V_GOODSSUPPLY where NPRN=:1

         122          122     0.14  340778183
select audit$,options from procedure$ where obj#=:1

         120          120     0.14 3523419294
Module: REALIZ
BEGIN "P_DOC_PROPS_VALS_SELECT" (NCOMPANY => :NCOMPANY,NUNIT_RN
=> :NUNIT_RN,SUNITCODE => :SUNITCODE,CRESULT => :CRESULT); END;

         110          110     0.13 1789117564
Module: ACCOUNT
select * from V_PAYROLLINES where NPRN=:1 order by SDEPARTMENT,
SAGENT

         106          106     0.12  688774134
Module: ACCOUNT
select * from V_OPRSPECS where PRN=:1 order by RN

         105          105     0.12 1089921544
Module: AZS
select * from V_SALESREPORTDETAIL S where NPRN=:1 order by DOPER
_DATE

          97           97     0.11 2583694267
Module: REALIZ
SELECT /*+ ORDERED */ :b4                    NUNIT_RN, D.RN
                   NRN, D.CODE                      SCODE, D.NAM
E                      SNAME, D.FORMAT                    NFORMA
T, L.DUPLICATE_VALUE           NDUPLICATE_VALUE, V.STR_VALUE
             SSTR_VALUE, V.NUM_VALUE                 NNUM_VALUE,

          95           95     0.11 2781664744
Module: REALIZ
BEGIN "PKG_DICTAXIS_CALC"."P_RESULT_CURSOR" (NFLAG_SMART => :NFL
AG_SMART,NCOMPANY => :NCOMPANY,DDATE => :DDATE,NSUMM_SIGN => :NS
UMM_SIGN,NINSUMM => :NINSUMM,STAXGR => :STAXGR,NQUANT => :NQUANT
,NNCP_SIGN => :NNCP_SIGN,CRETCUR => :CRETCUR); END;

          95           95     0.11 2954920505
Module: REALIZ
SELECT :b17 nSUMM, :b16 nSUMMWITHAXS, :b15 nSUMMWITHTAX, :b14 nS

          -------------------------------------------------------------
SQL ordered by Sharable Memory for DB: ORACLE  Instance: orcl  Snaps: 22 -23
-> End Sharable Memory Threshold:   1048576

Sharable Mem (b)  Executions  % Total  Hash Value
---------------- ------------ ------- ------------
       6,321,775            3     1.4   3349596251
Module: ACCOUNT
SELECT M.ACCOUNT,M.BALUNIT,M.AGENT,M.NOMENCLATURE,M.NOMEN_PARTNO
,M.NOMEN_INDATE,M.CURRENCY,M.OPERATION_DATE, M.JUR_PERS from ( s
elect M.ACCOUNT,M.BALUNIT,M.AGENT,M.NOMENCLATURE,M.NOMEN_PARTNO,
M.NOMEN_INDATE,M.CURRENCY,M.REMN_DATE OPERATION_DATE, M.JUR_PERS
 JUR_PERS from VALREMNS M where M.COMPANY = :b16 and M.REMN_DATE

       1,589,255            1     0.4   1340288344
Module: ACCOUNT
select * from V_OPTIONS where   (SAUTHID='LUKASHOVA' or SAUTHID
is null)   and (NCOMPANY=2 or NCOMPANY is null)

       1,539,425            1     0.3    938800642
Module: AZS
select * from V_OPTIONS where   (SAUTHID='LUTKOVA' or SAUTHID is
 null)   and (NCOMPANY=2 or NCOMPANY is null)

       1,507,293            2     0.3   2954577579
Module: Funds.exe
SELECT "VR_KAV_TOV_ZAP"."SSTORE", "VR_KAV_TOV_ZAP"."SREZER", "VR
_KAV_TOV_ZAP"."NMAXWEIGHT", "VR_KAV_TOV_ZAP"."NM_OST", "VR_KAV_T
OV_ZAP"."SNOMEN", "VR_KAV_TOV_ZAP"."CODE", "VR_KAV_TOV_ZAP"."QUA
NT", "VR_KAV_TOV_ZAP"."STOR_SIGN", "VR_KAV_TOV_ZAP"."MODIF_CODE"
, "VR_KAV_TOV_ZAP"."AGNABBR" FROM "V_SNP_TOV_ZAP_OSV4" "VR_KAV_T

       1,483,532            4     0.3    949570720
Module: AZS
select /*+ RULE */ R.RN RPT_RN,RO.RN OUT_RN,RO.FACEACC, M.PRN NO
MEN, --RO.NOMEN,                         RO.MUNIT, RO.PRICE, F.A
GENT,TO_CHAR(RO.REP_DATE,'HH24MI')  STIME,
   R.DATE_SMENA OPER_DATE, N.UMEAS_MAIN, S.STOPER, S.QUANT, S.QU
ANTALT,                          ID.CODE PARTNO,ID.ENTRY_DATE

       1,368,072           15     0.3   1953383328
Module: FUNDS
select * from V_TRANSINVDEPT M where NCRN=:1 and NCOMPANY = :2 a
nd   DDOCDATE>=TO_DATE('01/06/2004','dd/mm/yyyy') order by DDOCD
ATE, SPREF, SNUMB

       1,343,636            1     0.3   3003033945
Module: ACCOUNT
SELECT M.REC_TYPE AS REC_TYPE, M.JUR_PERS AS JUR_PERS, M.ACCOUNT
 AS ACCOUNT, M.BALUNIT AS BALUNIT, M.CURRENCY AS CURRENCY, SUM(M
.ACNT_SUM) AS ACNT_SUM, SUM(M.ACNT_BASE_SUM) AS ACNT_BASE_SUM, S
UM(M.CTRL_SUM) AS CTRL_SUM, SUM(M.CTRL_BASE_SUM) AS CTRL_BASE_SU
M FROM ( SELECT /*+ ORDERED */ 0 AS REC_TYPE, RM.JUR_PERS AS JUR

       1,092,659          272     0.2    144789223
Module: REALIZ
select * from V_DICLACFO D where D.NPRN=:1 and D.NTYPE = 0 order
 by SFOOD_CODE

       1,053,199            1     0.2   2025150349
Module: REALIZ
SQL ordered by Sharable Memory for DB: ORACLE  Instance: orcl  Snaps: 22 -23
-> End Sharable Memory Threshold:   1048576

Sharable Mem (b)  Executions  % Total  Hash Value
---------------- ------------ ------- ------------
(select /*+ RULE */ TR.RN RN_M, TRS.RN RN_S, TR.DOCTYPE UK_NTYPE
, TR.JUR_PERS, ltrim(TR.PREF) UK_PREF, ltrim(TR.NUMB) UK_NUMB, T
R.DOCDATE UK_DATE, TRS.NOMMODIF, SOJ.QUANT, SOJ.QUANTALT, TRS.QU
ANT DOCQUANT, TRS.QUANTALT DOCQUANTALT, TRS.NOMNMODIFPACK, TRS.P
RICEMEAS, SOJ.GOODSSUPPLY, TRS.SUMM, TRS.SUMMWITHNDS, TRS.TAXGR,

          -------------------------------------------------------------
Instance Activity Stats for DB: ORACLE  Instance: orcl  Snaps: 22 -23

Statistic                                      Total     per Second    per Trans
--------------------------------- ------------------ -------------- ------------
CPU used by this session                     406,316          531.8        475.8
CPU used when call started                   782,466        1,024.2        916.2
CR blocks created                            434,405          568.6        508.7
Cached Commit SCN referenced                  62,745           82.1         73.5
Commit SCN cached                                 10            0.0          0.0
DBWR buffers scanned                         227,623          297.9        266.5
DBWR checkpoint buffers written                5,899            7.7          6.9
DBWR checkpoints                                   1            0.0          0.0
DBWR free buffers found                      215,082          281.5        251.9
DBWR lru scans                                   340            0.5          0.4
DBWR make free requests                          340            0.5          0.4
DBWR revisited being-written buff                  0            0.0          0.0
DBWR summed scan depth                       227,623          297.9        266.5
DBWR transaction table writes                     34            0.0          0.0
DBWR undo block writes                         3,895            5.1          4.6
SQL*Net roundtrips to/from client             13,655           17.9         16.0
SQL*Net roundtrips to/from dblink                  0            0.0          0.0
active txn count during cleanout             607,535          795.2        711.4
background checkpoints completed                   1            0.0          0.0
background checkpoints started                     1            0.0          0.0
background timeouts                            1,110            1.5          1.3
branch node splits                                 1            0.0          0.0
buffer is not pinned count                53,899,124       70,548.6     63,113.7
buffer is pinned count                   206,110,066      269,777.6    241,346.7
bytes received via SQL*Net from c          4,819,627        6,308.4      5,643.6
bytes received via SQL*Net from d                  0            0.0          0.0
bytes sent via SQL*Net to client          24,885,189       32,572.2     29,139.6
bytes sent via SQL*Net to dblink                   0            0.0          0.0
calls to get snapshot scn: kcmgss          1,174,064        1,536.7      1,374.8
calls to kcmgas                              443,263          580.2        519.0
calls to kcmgcs                                2,583            3.4          3.0
change write time                                940            1.2          1.1
cleanout - number of ktugct calls            436,920          571.9        511.6
cleanouts and rollbacks - consist            432,967          566.7        507.0
cleanouts only - consistent read                 347            0.5          0.4
cluster key scan block gets                  282,221          369.4        330.5
cluster key scans                            130,393          170.7        152.7
commit cleanout failures: block l                110            0.1          0.1
commit cleanout failures: buffer                   4            0.0          0.0
commit cleanout failures: callbac                  0            0.0          0.0
commit cleanout failures: cannot                   6            0.0          0.0
commit cleanouts                              16,412           21.5         19.2
commit cleanouts successfully com             16,292           21.3         19.1
commit txn count during cleanout               1,971            2.6          2.3
consistent changes                        11,244,026       14,717.3     13,166.3
consistent gets                           77,003,328      100,789.7     90,167.8
consistent gets - examination             59,399,291       77,747.8     69,554.2
current blocks converted for CR                  147            0.2          0.2
cursor authentications                           155            0.2          0.2
data blocks consistent reads - un         11,242,632       14,715.5     13,164.7
db block changes                             885,173        1,158.6      1,036.5
db block gets                                687,698          900.1        805.3
deferred (CURRENT) block cleanout              9,337           12.2         10.9
dirty buffers inspected                          620            0.8          0.7
enqueue conversions                            2,876            3.8          3.4
enqueue deadlocks                                  0            0.0          0.0
Instance Activity Stats for DB: ORACLE  Instance: orcl  Snaps: 22 -23

Statistic                                      Total     per Second    per Trans
--------------------------------- ------------------ -------------- ------------
enqueue releases                              22,638           29.6         26.5
enqueue requests                              22,715           29.7         26.6
enqueue timeouts                                   0            0.0          0.0
enqueue waits                                     62            0.1          0.1
exchange deadlocks                                 1            0.0          0.0
execute count                              1,110,878        1,454.0      1,300.8
free buffer inspected                          2,390            3.1          2.8
free buffer requested                        681,950          892.6        798.5
hot buffers moved to head of LRU             142,505          186.5        166.9
immediate (CR) block cleanout app            433,314          567.2        507.4
immediate (CURRENT) block cleanou              3,509            4.6          4.1
index fast full scans (full)                      89            0.1          0.1
index fetch by key                        27,390,414       35,851.3     32,073.1
index scans kdiixs1                        5,656,935        7,404.4      6,624.1
leaf node 90-10 splits                           144            0.2          0.2
leaf node splits                                 653            0.9          0.8
logons cumulative                                 18            0.0          0.0
messages received                              2,401            3.1          2.8
messages sent                                  2,401            3.1          2.8
no buffer to keep pinned count                     0            0.0          0.0
no work - consistent read gets            12,247,620       16,030.9     14,341.5
opened cursors cumulative                     84,590          110.7         99.1
parse count (failures)                            36            0.1          0.0
parse count (hard)                               580            0.8          0.7
parse count (total)                           85,620          112.1        100.3
parse time cpu                                 4,464            5.8          5.2
parse time elapsed                            55,514           72.7         65.0
physical reads                               263,029          344.3        308.0
physical reads direct                         22,489           29.4         26.3
physical reads direct (lob)                      311            0.4          0.4
physical writes                               42,649           55.8         49.9
physical writes direct                        23,593           30.9         27.6
physical writes direct (lob)                      36            0.1          0.0
physical writes non checkpoint                40,726           53.3         47.7
pinned buffers inspected                          28            0.0          0.0
prefetched blocks                             71,919           94.1         84.2
prefetched blocks aged out before                  0            0.0          0.0
process last non-idle time            18,487,034,182   24,197,688.7 ############
recursive calls                            2,011,600        2,633.0      2,355.5
recursive cpu usage                          128,511          168.2        150.5
redo blocks written                          195,910          256.4        229.4
redo buffer allocation retries                    14            0.0          0.0
redo entries                                 660,568          864.6        773.5
redo log space requests                            9            0.0          0.0
redo log space wait time                         242            0.3          0.3
redo ordering marks                                0            0.0          0.0
redo size                                 96,837,068      126,750.1    113,392.4
redo synch time                                3,099            4.1          3.6
redo synch writes                                494            0.7          0.6
redo wastage                                 312,176          408.6        365.6
redo write time                                6,506            8.5          7.6
redo writer latching time                         24            0.0          0.0
redo writes                                    1,230            1.6          1.4
rollback changes - undo records a             13,308           17.4         15.6
rollbacks only - consistent read               1,692            2.2          2.0
rows fetched via callback                 21,172,805       27,713.1     24,792.5
Instance Activity Stats for DB: ORACLE  Instance: orcl  Snaps: 22 -23

Statistic                                      Total     per Second    per Trans
--------------------------------- ------------------ -------------- ------------
session connect time                  18,487,034,182   24,197,688.7 ############
session cursor cache hits                     77,549          101.5         90.8
session logical reads                     77,691,046      101,689.9     90,973.1
session pga memory                        26,382,032       34,531.5     30,892.3
session pga memory max                     1,043,012        1,365.2      1,221.3
session uga memory                        42,558,752       55,705.2     49,834.6
session uga memory max                    61,558,932       80,574.5     72,083.1
shared hash latch upgrades - no w          5,019,978        6,570.7      5,878.2
shared hash latch upgrades - wait                327            0.4          0.4
sorts (disk)                                       0            0.0          0.0
sorts (memory)                                71,801           94.0         84.1
sorts (rows)                               1,577,829        2,065.2      1,847.6
summed dirty queue length                     13,633           17.8         16.0
switch current to new buffer                   1,781            2.3          2.1
table fetch by rowid                     114,249,276      149,540.9    133,781.4
table fetch continued row                      4,985            6.5          5.8
table scan blocks gotten                     383,940          502.5        449.6
table scan rows gotten                    12,162,290       15,919.2     14,241.6
table scans (long tables)                          4            0.0          0.0
table scans (short tables)                    36,911           48.3         43.2
transaction rollbacks                             20            0.0          0.0
transaction tables consistent rea                  6            0.0          0.0
transaction tables consistent rea              1,340            1.8          1.6
user calls                                    18,329           24.0         21.5
user commits                                     843            1.1          1.0
user rollbacks                                    11            0.0          0.0
workarea executions - multipass                    1            0.0          0.0
workarea executions - onepass                      5            0.0          0.0
workarea executions - optimal                130,537          170.9        152.9
write clones created in backgroun                  0            0.0          0.0
write clones created in foregroun                237            0.3          0.3
          -------------------------------------------------------------
Tablespace IO Stats for DB: ORACLE  Instance: orcl  Snaps: 22 -23
->ordered by IOs (Reads + Writes) desc

Tablespace
------------------------------
                 Av      Av     Av                    Av        Buffer Av Buf
         Reads Reads/s Rd(ms) Blks/Rd       Writes Writes/s      Waits Wt(ms)
-------------- ------- ------ ------- ------------ -------- ---------- ------
PARIDX
        75,654      99   29.4     1.6        6,923        9      5,696    7.2
PARUS04
        30,040      39   29.4     1.2        2,369        3         42   32.1
PARUS05
        31,248      41   31.1     1.4          834        1         76   24.7
PARUS01
         9,781      13   35.7     1.0          648        1          5    0.0
PARUS06
        10,183      13   22.7     1.4           23        0         47    3.8
PARUS08
         6,460       8   37.0     1.0          614        1          2   15.0
PARUS03_NEW
         4,572       6   28.7     1.0        1,755        2          0    0.0
UNDOTBS3
           950       1   31.8     1.0        3,826        5         63   10.8
SYSTEM
         3,842       5   24.0     1.4           59        0         13   48.5
PARIDXTMP
           886       1   39.9     1.0        1,305        2          9   16.7
PARUSTMP
           948       1   16.6     2.1        1,116        1          1    0.0
TEMP
         1,032       1   45.5    21.5          763        1          0    0.0
TOOLS
           414       1   16.8     1.0          657        1          0    0.0
PARUS09
           117       0   19.3     1.0            1        0          0    0.0
PARUS07
            65       0   23.2     1.0            3        0          0    0.0
CWMLITE
             1       0   20.0     1.0            1        0          0    0.0
DRSYS
             1       0   20.0     1.0            1        0          0    0.0
ODM
             1       0   50.0     1.0            1        0          0    0.0
PARIDX00
             1       0   20.0     1.0            1        0          0    0.0
PARIDX03
             1       0    0.0     1.0            1        0          0    0.0
PARUS00
             1       0   20.0     1.0            1        0          0    0.0
PARUS02
             1       0   20.0     1.0            1        0          0    0.0
XDB
             1       0   50.0     1.0            1        0          0    0.0
          -------------------------------------------------------------
File IO Stats for DB: ORACLE  Instance: orcl  Snaps: 22 -23
->ordered by Tablespace, File

Tablespace               Filename
------------------------ ----------------------------------------------------
                 Av      Av     Av                    Av        Buffer Av Buf
         Reads Reads/s Rd(ms) Blks/Rd       Writes Writes/s      Waits Wt(ms)
-------------- ------- ------ ------- ------------ -------- ---------- ------
CWMLITE                  Q:\DB_ORCL\CWMLITE01.ORA
             1       0   20.0     1.0            1        0          0

DRSYS                    Q:\DB_ORCL\DRSYS01.ORA
             1       0   20.0     1.0            1        0          0

ODM                      Q:\DB_ORCL\ODM01.ORA
             1       0   50.0     1.0            1        0          0

PARIDX                   P:\DB_ORCL\PARIDX_1.ORA
        20,768      27   30.2     1.6        2,171        3      1,966    6.2
                         P:\DB_ORCL\PARIDX_2.ORA
        17,601      23   30.9     1.6        1,523        2      1,275    8.2
                         P:\DB_ORCL\PARIDX_3.ORA
        17,154      22   28.0     1.6        1,622        2        746    9.8
                         P:\DB_ORCL\PARIDX_4.ORA
        20,131      26   28.3     1.6        1,607        2      1,709    6.4

PARIDX00                 P:\DB_ORCL\PARIDX00.ORA
             1       0   20.0     1.0            1        0          0

PARIDX03                 M:\DB_ORCL\PARIDX03.ORA
             1       0    0.0     1.0            1        0          0

PARIDXTMP                P:\DB_ORCL\PARIDXTMP.ORA
           886       1   39.9     1.0        1,305        2          9   16.7

PARUS00                  O:\DB_ORCL\PARUS00.ORA
             1       0   20.0     1.0            1        0          0

PARUS01                  O:\DB_ORCL\PARUS01.ORA
         9,781      13   35.7     1.0          648        1          5    0.0

PARUS02                  L:\DB_ORCL\PARUS02.ORA
             1       0   20.0     1.0            1        0          0

PARUS03_NEW              O:\DB_ORCL\PARUS03.ORA
         4,572       6   28.7     1.0        1,755        2          0

PARUS04                  O:\DB_ORCL\PARUS04.ORA
        30,040      39   29.4     1.2        2,369        3         42   32.1

PARUS05                  L:\DB_ORCL\PARUS05.ORA
        31,248      41   31.1     1.4          834        1         76   24.7

PARUS06                  Q:\DB_ORCL\PARUS06.ORA
        10,183      13   22.7     1.4           23        0         47    3.8

PARUS07                  Q:\DB_ORCL\PARUS07.ORA
            65       0   23.2     1.0            3        0          0

PARUS08                  Q:\DB_ORCL\PARUS08.ORA
File IO Stats for DB: ORACLE  Instance: orcl  Snaps: 22 -23
->ordered by Tablespace, File

Tablespace               Filename
------------------------ ----------------------------------------------------
                 Av      Av     Av                    Av        Buffer Av Buf
         Reads Reads/s Rd(ms) Blks/Rd       Writes Writes/s      Waits Wt(ms)
-------------- ------- ------ ------- ------------ -------- ---------- ------
         6,460       8   37.0     1.0          614        1          2   15.0

PARUS09                  Q:\DB_ORCL\PARUS09.ORA
           117       0   19.3     1.0            1        0          0

PARUSTMP                 O:\DB_ORCL\PARUSTMP.ORA
           948       1   16.6     2.1        1,116        1          1    0.0

SYSTEM                   G:\DB_ORCL\SYSTEM01.ORA
         3,842       5   24.0     1.4           59        0         13   48.5

TEMP                     M:\DB_ORCL\TEMP1.ORA
            19       0   46.3    31.0           19        0          0
                         R:\DB_ORCL\TEMP2.ORA
         1,013       1   45.5    21.4          744        1          0

TOOLS                    G:\DB_ORCL\TOOLS01.ORA
           414       1   16.8     1.0          657        1          0

UNDOTBS3                 F:\DB_ORCL\UNDOTBS31.ORA
           618       1   30.3     1.0        2,317        3         44    9.5
                         K:\DB_ORCL\UNDOTBS32.ORA
           332       0   34.7     1.0        1,509        2         19   13.7

XDB                      Q:\DB_ORCL\XDB01.ORA
             1       0   50.0     1.0            1        0          0

          -------------------------------------------------------------
Buffer Pool Statistics for DB: ORACLE  Instance: orcl  Snaps: 22 -23
-> Standard block size Pools  D: default,  K: keep,  R: recycle
-> Default Pools for other block sizes: 2k, 4k, 8k, 16k, 32k

                                                           Free    Write  Buffer
     Number of Cache      Buffer    Physical   Physical  Buffer Complete    Busy
P      Buffers Hit %        Gets       Reads     Writes   Waits    Waits   Waits
--- ---------- ----- ----------- ----------- ---------- ------- --------  ------
D      113,113  99.7  78,203,745     243,694     20,280       0        0   5,983
          -------------------------------------------------------------

Instance Recovery Stats for DB: ORACLE  Instance: orcl  Snaps: 22 -23
-> B: Begin snapshot,  E: End snapshot

  Targt Estd                                    Log File   Log Ckpt   Log Ckpt
  MTTR  MTTR   Recovery    Actual     Target      Size     Timeout    Interval
   (s)   (s)   Estd IOs  Redo Blks  Redo Blks  Redo Blks  Redo Blks  Redo Blks
- ----- ----- ---------- ---------- ---------- ---------- ---------- ----------
B     0    23       4467     100510     100000     184320     437654     100000
E     0    23       5483     101379     100000     184320     426683     100000
          -------------------------------------------------------------

Buffer Pool Advisory for DB: ORACLE  Instance: orcl  End Snap: 23
-> Only rows with estimated physical reads >0 are displayed
-> ordered by Block Size, Buffers For Estimate

        Size for  Size      Buffers for  Est Physical          Estimated
P   Estimate (M) Factr         Estimate   Read Factor     Physical Reads
--- ------------ ----- ---------------- ------------- ------------------
D             88    .1           11,011         22.65        278,350,207
D            176    .2           22,022          8.98        110,346,036
D            264    .3           33,033          4.49         55,182,413
D            352    .4           44,044          2.66         32,706,302
D            440    .5           55,055          1.92         23,591,445
D            528    .6           66,066          1.56         19,110,630
D            616    .7           77,077          1.36         16,652,342
D            704    .8           88,088          1.22         15,034,343
D            792    .9           99,099          1.12         13,706,446
D            880   1.0          110,110          1.02         12,548,775
D            904   1.0          113,113          1.00         12,288,353
D            968   1.1          121,121          0.95         11,688,262
D          1,056   1.2          132,132          0.89         10,964,189
D          1,144   1.3          143,143          0.84         10,377,129
D          1,232   1.4          154,154          0.80          9,848,816
D          1,320   1.5          165,165          0.77          9,413,626
D          1,408   1.6          176,176          0.73          8,976,195
D          1,496   1.7          187,187          0.70          8,619,741
D          1,584   1.8          198,198          0.67          8,265,213
D          1,672   1.8          209,209          0.65          7,938,712
D          1,760   1.9          220,220          0.62          7,669,681
          -------------------------------------------------------------


Buffer wait Statistics for DB: ORACLE  Instance: orcl  Snaps: 22 -23
-> ordered by wait time desc, waits desc

                                 Tot Wait    Avg
Class                    Waits   Time (s) Time (ms)
------------------ ----------- ---------- ---------
data block               6,307         47         7
undo header                 46          1        14
segment header               7          0         9
undo block                  20          0         1
          -------------------------------------------------------------
PGA Aggr Target Stats for DB: ORACLE  Instance: orcl  Snaps: 22 -23
-> B: Begin snap   E: End snap (rows dentified with B or E contain data
   which is absolute i.e. not diffed over the interval)
-> PGA cache hit % - percentage of W/A (WorkArea) data processed only in-memory
-> Auto PGA Target - actual workarea memory target
-> W/A PGA Used    - amount of memory used for all Workareas (manual + auto)
-> %PGA W/A Mem    - percentage of PGA memory allocated to workareas
-> %Auto W/A Mem   - percentage of workarea memory controlled by Auto Mem Mgmt
-> %Man W/A Mem    - percentage of workarea memory under manual control

PGA Cache Hit % W/A MB Processed Extra W/A MB Read/Written
--------------- ---------------- -------------------------
           87.3            2,228                       324

                                             %PGA  %Auto   %Man
  PGA Aggr  Auto PGA   PGA Mem    W/A PGA    W/A    W/A    W/A   Global Mem
  Target(M) Target(M)  Alloc(M)   Used(M)    Mem    Mem    Mem    Bound(K)
- --------- --------- ---------- ---------- ------ ------ ------ ----------
B       600       327      500.3      138.8   27.7  100.0     .0     30,720
E       600       307      546.5      147.8   27.0  100.0     .0     30,720
          -------------------------------------------------------------

PGA Aggr Target Histogram for DB: ORACLE  Instance: orcl  Snaps: 22 -23
-> Optimal Executions are purely in-memory operations

    Low    High
Optimal Optimal    Total Execs Optimal Execs 1-Pass Execs M-Pass Execs
------- ------- -------------- ------------- ------------ ------------
     8K     16K        125,089       125,089            0            0
    16K     32K            361           361            0            0
    32K     64K            328           328            0            0
    64K    128K            213           213            0            0
   128K    256K             90            90            0            0
   256K    512K             60            60            0            0
   512K   1024K            359           359            0            0
     1M      2M             44            44            0            0
     2M      4M             26            26            0            0
     4M      8M             11            11            0            0
     8M     16M              7             7            0            0
    16M     32M              7             7            0            0
    32M     64M              6             0            5            1
          -------------------------------------------------------------

PGA Memory Advisory for DB: ORACLE  Instance: orcl  End Snap: 23
-> When using Auto Memory Mgmt, minimally choose a pga_aggregate_target value
   where Estd PGA Overalloc Count is 0

                                       Estd Extra    Estd PGA   Estd PGA
PGA Target    Size           W/A MB   W/A MB Read/      Cache  Overalloc
  Est (MB)   Factr        Processed Written to Disk     Hit %      Count
---------- ------- ---------------- ---------------- -------- ----------
        75     0.1         78,935.3         28,786.4     73.0      1,285
       150     0.3         78,935.3         26,475.0     75.0      1,183
       300     0.5         78,935.3          9,473.0     89.0          0
       450     0.8         78,935.3          7,435.3     91.0          0
       600     1.0         78,935.3          3,931.3     95.0          0
       720     1.2         78,935.3          2,158.4     97.0          0
       840     1.4         78,935.3          1,962.1     98.0          0
       960     1.6         78,935.3          1,919.4     98.0          0
     1,080     1.8         78,935.3          1,705.9     98.0          0
     1,200     2.0         78,935.3          1,253.8     98.0          0
     1,800     3.0         78,935.3            698.5     99.0          0
     2,400     4.0         78,935.3            600.9     99.0          0
     3,600     6.0         78,935.3            600.9     99.0          0
     4,800     8.0         78,935.3            600.9     99.0          0
          -------------------------------------------------------------
Enqueue activity for DB: ORACLE  Instance: orcl  Snaps: 22 -23
-> Enqueue stats gathered prior to 9i should not be compared with 9i data
-> ordered by Wait Time desc, Waits desc

                                                        Avg Wt         Wait
Eq     Requests    Succ Gets Failed Gets       Waits   Time (ms)     Time (s)
-- ------------ ------------ ----------- ----------- ------------- ------------
TX        5,950        5,950           0          14     24,348.00          341
SQ        4,259        4,259           0          48         41.69            2
          -------------------------------------------------------------
Rollback Segment Stats for DB: ORACLE  Instance: orcl  Snaps: 22 -23
->A high value for "Pct Waits" suggests more rollback segments may be required
->RBS stats may not be accurate between begin and end snaps when using Auto Undo
  managment, as RBS may be dynamically created and dropped as needed

        Trans Table       Pct   Undo Bytes
RBS No      Gets        Waits     Written        Wraps  Shrinks  Extends
------ -------------- ------- --------------- -------- -------- --------
     0            8.0    0.00               0        0        0        0
     1          207.0    0.00         105,188        0        0        0
     2            8.0    0.00               0        0        0        0
     3          643.0    0.00       1,043,500        1        0        0
     4          257.0    0.00         200,216        1        0        1
     5            9.0    0.00               0        0        0        0
     6        2,237.0    0.00       3,406,668        9        0        3
     7           20.0    0.00           5,986        0        0        0
     8          984.0    0.00       1,936,748        4        0        3
     9        4,904.0    0.00       7,803,486       14        0       10
    10          515.0    0.00       1,333,484        7        0        2
    11          348.0    0.00         353,006        0        0        0
    12          810.0    0.00       2,012,708        3        0        3
    13          711.0    0.00       1,574,724        2        0        2
    14        1,211.0    0.00       2,213,520        2        0        2
    24          196.0    0.00         369,794        0        0        0
    25          158.0    0.00          83,556        0        0        0
    26           11.0    0.00               0        0        0        0
    27        2,316.0    0.00       3,901,232        0        0        0
    28           46.0    0.00          13,042        0        0        0
    29        8,065.0    0.02         583,630        3        1        1
    30           85.0    0.00         198,588        0        0        0
    31           51.0    0.00          13,768        0        0        0
    32          207.0    0.00         227,332        0        0        0
    33          841.0    0.00       1,448,284        0        0        0
          -------------------------------------------------------------
Rollback Segment Storage for DB: ORACLE  Instance: orcl  Snaps: 22 -23
->Optimal Size should be larger than Avg Active

RBS No    Segment Size      Avg Active    Optimal Size    Maximum Size
------ --------------- --------------- --------------- ---------------
     0         385,024           6,553                         385,024
     1      38,789,120       1,460,828                      38,789,120
     2      46,129,152       2,267,464                      46,129,152
     3      58,187,776       2,723,348                      73,392,128
     4      83,877,888       2,182,169                      83,877,888
     5      23,060,480       2,895,839                      23,060,480
     6      44,032,000       1,246,429                      44,032,000
     7      71,294,976       5,002,604                      71,294,976
     8      50,388,992       2,562,713                      50,388,992
     9      54,583,296       3,931,262                      54,583,296
    10      30,400,512       1,647,624                      30,400,512
    11       9,428,992         828,576                       9,428,992
    12       7,331,840         565,684                       7,331,840
    13       6,283,264         733,187                       6,283,264
    14       6,283,264         697,330                       6,283,264
    24      46,522,368      34,799,108                     179,691,520
    25     290,447,360     191,197,588                     290,447,360
    26      23,060,480       1,775,637                      23,060,480
    27     484,171,776     166,921,190                     511,434,752
    28     257,941,504      42,389,090                     327,147,520
    29      88,006,656       5,475,376                     134,209,536
    30      66,052,096       5,738,762                      83,877,888
    31      80,535,552       2,872,131                     125,624,320
    32      66,052,096       4,363,396                     142,598,144
    33      78,438,400       9,550,515                     125,624,320
          -------------------------------------------------------------
Undo Segment Summary for DB: ORACLE  Instance: orcl  Snaps: 22 -23
-> Undo segment block stats:
-> uS - unexpired Stolen,   uR - unexpired Released,   uU - unexpired reUsed
-> eS - expired   Stolen,   eR - expired   Released,   eU - expired   reUsed

Undo           Undo        Num  Max Qry     Max Tx Snapshot Out of uS/uR/uU/
 TS#         Blocks      Trans  Len (s)   Concurcy  Too Old  Space eS/eR/eU
---- -------------- ---------- -------- ---------- -------- ------ -------------
  39          5,282    991,308   13,804         17        0      0 0/0/0/0/0/0
          -------------------------------------------------------------


Undo Segment Stats for DB: ORACLE  Instance: orcl  Snaps: 22 -23
-> ordered by Time desc

                     Undo      Num Max Qry   Max Tx  Snap   Out of uS/uR/uU/
End Time           Blocks    Trans Len (s)    Concy Too Old  Space eS/eR/eU
------------ ------------ -------- ------- -------- ------- ------ -------------
17-Jun 15:46        3,368  497,748  13,804       15       0      0 0/0/0/0/0/0
17-Jun 15:36        1,914  493,560  10,534       17       0      0 0/0/0/0/0/0
          -------------------------------------------------------------
Latch Activity for DB: ORACLE  Instance: orcl  Snaps: 22 -23
->"Get Requests", "Pct Get Miss" and "Avg Slps/Miss" are statistics for
  willing-to-wait latch get requests
->"NoWait Requests", "Pct NoWait Miss" are for no-wait latch get requests
->"Pct Misses" for both should be very close to 0.0

                                           Pct    Avg   Wait                 Pct
                              Get          Get   Slps   Time       NoWait NoWait
Latch                       Requests      Miss  /Miss    (s)     Requests   Miss
------------------------ -------------- ------ ------ ------ ------------ ------
Consistent RBA                    1,226    0.0             0            0
FAL request queue                     2    0.0             0            0
FIB s.o chain latch                  14    0.0             0            0
FOB s.o list latch                  302    0.0             0            0
SQL memory manager latch              1    0.0             0          237    0.0
SQL memory manager worka         27,377    0.0             0            0
active checkpoint queue           1,631    0.1    0.0      0            0
alert log latch                       4    0.0             0            0
archive control                     125    0.0             0            0
archive process latch                20    0.0             0            0
begin backup scn array               11    0.0             0            0
cache buffer handles             91,240    0.0    0.0      0            0
cache buffers chains        120,844,449    0.0    0.1      0      554,272    0.3
cache buffers lru chain          34,606    0.1    0.0      0    1,148,312    0.1
channel handle pool latc             40    0.0             0            0
channel operations paren            548    0.0             0            0
checkpoint queue latch          102,726    0.0             0       19,082    0.0
child cursor hash table           7,283    0.0             0            0
dml lock allocation              17,851    0.0    1.0      0            0
dummy allocation                     40    0.0             0            0
enqueue hash chains              48,455    0.0    0.3      0            0
enqueues                         16,454    0.0             0            0
event group latch                    18    0.0             0            0
global tx hash mapping            1,598    0.0             0            0
hash table column usage               0                    0      491,414    0.0
job_queue_processes para             12    0.0             0            0
ktm global data                       6    0.0             0            0
lgwr LWN SCN                      1,224    0.0             0            0
library cache                 4,722,905    0.4    0.1      9        2,165    9.7
library cache load lock           2,012    0.0             0            0
library cache pin             3,852,328    0.0    0.1      1            0
library cache pin alloca        497,541    0.0    0.2      0            0
list of block allocation            697    0.0             0            0
loader state object free             98    0.0             0            0
longop free list parent             282    0.0             0           39    0.0
messages                         13,213    0.0    0.0      0            0
mostly latch-free SCN             1,229    0.0             0            0
multiblock read objects          28,292    0.0             0            0
ncodef allocation latch              14    0.0             0            0
post/wait queue                     726    0.0             0          467    0.0
process allocation                   18    0.0             0           18    0.0
process group creation               39    0.0             0            0
redo allocation                 661,816    0.0    0.0      0            0
redo copy                             0                    0      659,416    0.0
redo writing                      5,819    0.0             0            0
row cache enqueue latch       1,104,190    0.0    0.0      0            0
row cache objects             1,162,233    0.0    0.0      0          345    0.3
sequence cache                   71,644    0.0    0.4      0            0
session allocation              281,130    0.1    0.0      0            0
session idle bit                 45,816    0.0    0.0      0            0
Latch Activity for DB: ORACLE  Instance: orcl  Snaps: 22 -23
->"Get Requests", "Pct Get Miss" and "Avg Slps/Miss" are statistics for
  willing-to-wait latch get requests
->"NoWait Requests", "Pct NoWait Miss" are for no-wait latch get requests
->"Pct Misses" for both should be very close to 0.0

                                           Pct    Avg   Wait                 Pct
                              Get          Get   Slps   Time       NoWait NoWait
Latch                       Requests      Miss  /Miss    (s)     Requests   Miss
------------------------ -------------- ------ ------ ------ ------------ ------
session switching                    28    0.0             0            0
session timer                       244    0.0             0            0
shared pool                   2,394,108    0.2    0.1      2            0
simulator hash latch          3,293,285    0.0    0.1      0            0
simulator lru latch              52,852    0.0    0.5      0       21,372    2.1
sort extent pool                    264    0.0             0            0
transaction allocation               77    0.0             0            0
transaction branch alloc          1,610    0.0             0            0
undo global data              1,160,228    0.0    0.0      0            0
user lock                           310    0.0             0            0
          -------------------------------------------------------------
Latch Sleep breakdown for DB: ORACLE  Instance: orcl  Snaps: 22 -23
-> ordered by misses desc

                                      Get                            Spin &
Latch Name                       Requests      Misses      Sleeps Sleeps 1->4
-------------------------- -------------- ----------- ----------- ------------
cache buffers chains          120,844,449      21,167       2,964 0/0/0/0/0
library cache                   4,722,905      17,250       1,402 15910/1283/5
                                                                  2/5/0
shared pool                     2,394,108       4,199         419 3794/391/14/
                                                                  0/0
library cache pin               3,852,328       1,489          84 1408/78/3/0/
                                                                  0
row cache objects               1,162,233         250           3 248/1/1/0/0
redo allocation                   661,816         191           9 183/7/1/0/0
session allocation                281,130         181           6 175/6/0/0/0
undo global data                1,160,228         167           6 161/6/0/0/0
cache buffers lru chain            34,606          29           1 28/1/0/0/0
library cache pin allocati        497,541          24           4 20/4/0/0/0
simulator lru latch                52,852          13           6 7/6/0/0/0
simulator hash latch            3,293,285           9           1 8/1/0/0/0
sequence cache                     71,644           7           3 4/3/0/0/0
enqueue hash chains                48,455           4           1 3/1/0/0/0
dml lock allocation                17,851           1           1 0/1/0/0/0
          -------------------------------------------------------------
Latch Miss Sources for DB: ORACLE  Instance: orcl  Snaps: 22 -23
-> only latches with sleeps are shown
-> ordered by name, sleeps desc

                                                     NoWait              Waiter
Latch Name               Where                       Misses     Sleeps   Sleeps
------------------------ -------------------------- ------- ---------- --------
cache buffers chains     kcbgtcr: fast path               0      1,870    1,379
cache buffers chains     kcbchg: kslbegin: bufs not       0        426       76
cache buffers chains     kcbgtcr: kslbegin excl           0        340    1,207
cache buffers chains     kcbrls: kslbegin                 0         92       91
cache buffers chains     kcbgcur: kslbegin                0         57       61
cache buffers chains     kcbzib: finish free bufs         0         29       34
cache buffers chains     kcbchg: kslbegin: call CR        0         29       30
cache buffers chains     kcbgtcr: kslbegin shared         0         27        6
cache buffers chains     kcbzgb: scan from tail. no       0         26        0
cache buffers chains     kcbgtcr                          0         25        0
cache buffers chains     kcbget: pin buffer               0         16       52
cache buffers chains     kcbzwb                           0         11        0
cache buffers chains     kcbcge                           0          9        0
cache buffers chains     kcbzib: multi-block read:        0          4        0
cache buffers chains     kcbzsc                           0          3        4
cache buffers chains     kcbget: exchange                 0          3        1
cache buffers chains     kcbkzs                           0          2       18
cache buffers lru chain  kcbzgb: multiple sets nowa      41          1        0
dml lock allocation      ktaiam                           0          1        0
enqueue hash chains      ksqrcl                           0          1        0
library cache            kglupc: child                    0        555      477
library cache            kglpnc: child                    0        304      488
library cache            kglpndl: child: before pro       0         99       61
library cache            kglpin: child: heap proces       0         56       37
library cache            kglic                            0         54        7
library cache            kglpnp: child                    0         52       89
library cache            kgllkdl: child: cleanup          0         31        7
library cache            kgldti: 2child                   0         19        5
library cache            kglpndl: child: after proc       0         18        3
library cache            kgldte: child 0                  0         15       14
library cache            kglhdgc: child:                  0         12        6
library cache            kglobpn: child:                  0          6       19
library cache            kglhdgn: child:                  0          5       58
library cache            kglpin                           0          2        7
library cache            kglget: child: KGLDSBRD          0          2        2
library cache pin        kglpnc: child                    0         32       35
library cache pin        kglupc                           0         28       28
library cache pin        kglpndl                          0         18        8
library cache pin        kglpnp: child                    0          4        7
library cache pin        kglpnal: child: alloc spac       0          2        5
library cache pin alloca kglpnal                          0          3        2
library cache pin alloca kgllkdl                          0          1        2
redo allocation          kcrfwr                           0          9        6
row cache objects        kqrpre: find obj                 0          2        3
row cache objects        kqrpfl: not dirty                0          1        0
sequence cache           kdnnxt: cached seq               0          2        0
sequence cache           kdnssd                           0          1        0
session allocation       ksudlc                           0          5        0
session allocation       ksuprc                           0          1        3
shared pool              kghupr1                          0        195      400
shared pool              kghalo                           0        123       13
shared pool              kghfrunp: clatch: nowait         0        120        0
shared pool              kghfrunp: alloc: wait            0         97        1
Latch Miss Sources for DB: ORACLE  Instance: orcl  Snaps: 22 -23
-> only latches with sleeps are shown
-> ordered by name, sleeps desc

                                                     NoWait              Waiter
Latch Name               Where                       Misses     Sleeps   Sleeps
------------------------ -------------------------- ------- ---------- --------
shared pool              kghfrunp: clatch: wait           0         48      112
shared pool              kghalp                           0          4        4
simulator hash latch     kcbsacc: lookup dba              0          1        1
simulator lru latch      kcbs_simulate: simulate se       0          6        6
undo global data         ktudba: KSLBEGIN                 0          6        6
          -------------------------------------------------------------
Dictionary Cache Stats for DB: ORACLE  Instance: orcl  Snaps: 22 -23
->"Pct Misses"  should be very low (< 2% in most cases)
->"Cache Usage" is the number of cache entries being used
->"Pct SGA"     is the ratio of usage to allocated size for that cache

                                   Get    Pct    Scan   Pct      Mod      Final
Cache                         Requests   Miss    Reqs  Miss     Reqs      Usage
------------------------- ------------ ------ ------- ----- -------- ----------
dc_files                           572    0.0       0              0         26
dc_histogram_defs               14,926    3.1       0              0      3,434
dc_object_ids                  134,324    0.1       0              0      2,512
dc_objects                       9,444    5.6       0              1      2,545
dc_profiles                         18    0.0       0              0          1
dc_rollback_segments               176    0.0       0              0         35
dc_segments                     58,061    0.5       0              0      2,834
dc_sequences                     4,250    0.0       0          4,250          6
dc_tablespace_quotas                16   18.8       0              7          5
dc_tablespaces                 134,084    0.0       0              0         23
dc_user_grants                   9,257    0.0       0              0        102
dc_usernames                     1,293    0.4       0              0        100
dc_users                       210,468    0.0       0              0        125
          -------------------------------------------------------------


Library Cache Activity for DB: ORACLE  Instance: orcl  Snaps: 22 -23
->"Pct Misses"  should be very low

                         Get  Pct        Pin        Pct               Invali-
Namespace           Requests  Miss     Requests     Miss     Reloads  dations
--------------- ------------ ------ -------------- ------ ---------- --------
BODY                      86    0.0             87    2.3          2        0
CLUSTER                   27    0.0             44    0.0          0        0
SQL AREA               7,523    6.1      1,696,065    0.1        182        1
TABLE/PROCEDURE       91,692    0.4        314,601    0.4        431        0
TRIGGER                  214    6.5            214   14.0         16        0
          -------------------------------------------------------------
Shared Pool Advisory for DB: ORACLE  Instance: orcl  End Snap: 23
-> Note there is often a 1:Many correlation between a single logical object
   in the Library Cache, and the physical number of memory objects associated
   with it.  Therefore comparing the number of Lib Cache objects (e.g. in
   v$librarycache), with the number of Lib Cache Memory Objects is invalid

                                                          Estd
Shared Pool    SP       Estd         Estd     Estd Lib LC Time
   Size for  Size  Lib Cache    Lib Cache   Cache Time   Saved  Estd Lib Cache
  Estim (M) Factr   Size (M)      Mem Obj    Saved (s)   Factr    Mem Obj Hits
----------- ----- ---------- ------------ ------------ ------- ---------------
        200    .5        211       11,364      108,696      .9      27,668,329
        240    .6        250       12,737      110,123      .9      27,674,134
        280    .7        290       14,532      110,817     1.0      27,678,055
        320    .8        329       16,173      111,438     1.0      27,681,326
        360    .9        368       17,502      115,724     1.0      27,683,868
        400   1.0        407       18,984      116,151     1.0      27,685,840
        440   1.1        446       20,624      116,989     1.0      27,687,455
        480   1.2        485       22,531      117,421     1.0      27,688,601
        520   1.3        524       24,275      117,580     1.0      27,689,537
        560   1.4        563       26,087      117,753     1.0      27,690,311
        600   1.5        602       27,587      118,226     1.0      27,691,072
        640   1.6        641       29,151      118,324     1.0      27,691,617
        680   1.7        680       30,145      118,383     1.0      27,692,195
        720   1.8        719       30,911      118,680     1.0      27,692,588
        760   1.9        758       32,768      118,739     1.0      27,692,989
        800   2.0        798       37,199      118,755     1.0      27,693,205
          -------------------------------------------------------------
SGA Memory Summary for DB: ORACLE  Instance: orcl  Snaps: 22 -23

SGA regions                       Size in Bytes
------------------------------ ----------------
Database Buffers                    947,912,704
Fixed Size                              457,236
Redo Buffers                            827,392
Variable Size                       478,150,656
                               ----------------
sum                               1,427,347,988
          -------------------------------------------------------------


SGA breakdown difference for DB: ORACLE  Instance: orcl  Snaps: 22 -23

Pool   Name                                Begin value        End value  % Diff
------ ------------------------------ ---------------- ---------------- -------
java   free memory                          33,554,432       33,554,432    0.00
shared 1M buffer                             2,098,176        2,098,176    0.00
shared Checkpoint queue                        846,208          846,208    0.00
shared FileIdentificatonBlock                  484,852          484,852    0.00
shared FileOpenBlock                         2,023,580        2,023,580    0.00
shared KGK heap                                  5,356            5,356    0.00
shared KGLS heap                            22,001,412       26,442,040   20.18
shared KQR M PO                              5,169,844        5,200,052    0.58
shared KQR S PO                                787,860          787,860    0.00
shared KQR S SO                                 36,124           36,124    0.00
shared KQR X PO                                  4,864            4,864    0.00
shared KSXR pending messages que               841,036          841,036    0.00
shared KSXR receive buffers                  1,033,000        1,033,000    0.00
shared OUTLNCACHE                               18,008           18,008    0.00
shared PL/SQL DIANA                          3,531,344        3,442,660   -2.51
shared PL/SQL MPCODE                         6,499,056        6,676,164    2.73
shared PL/SQL PPCODE                            11,316           11,316    0.00
shared PLS non-lib hp                            3,576            3,576    0.00
shared dictionary cache                      1,614,976        1,614,976    0.00
shared errors                                   71,256           70,428   -1.16
shared event statistics per sess             3,742,620        3,742,620    0.00
shared fixed allocation callback                   228              228    0.00
shared free memory                          39,373,512       38,126,872   -3.17
shared joxs heap init                            3,128            3,128    0.00
shared library cache                        45,185,996       45,740,672    1.23
shared message pool freequeue                  834,752          834,752    0.00
shared miscellaneous                        27,533,064       27,451,896   -0.29
shared parameters                              324,824          307,976   -5.19
shared sessions                                809,360          809,360    0.00
shared sim memory hea                          516,776          516,776    0.00
shared sql area                            278,657,704      274,882,460   -1.35
shared table definiti                           20,024           23,648   18.10
shared transaction                             451,648          451,648    0.00
shared trigger defini                           58,128           61,248    5.37
shared trigger inform                            2,516            2,564    1.91
shared trigger source                              100              100    0.00
       buffer_cache                        947,912,704      947,912,704    0.00
       fixed_sga                               457,236          457,236    0.00
       log_buffer                              817,152          817,152    0.00
          -------------------------------------------------------------
Resource Limit Stats for DB: ORACLE  Instance: orcl  End Snap: 23
-> only rows with Current or Maximum Utilization > 80% of Limit are shown
-> ordered by resource name

                                 Current      Maximum     Initial
Resource Name                  Utilization  Utilization  Allocation      Limit
------------------------------ ------------ ------------ ---------- ----------
processes                               267          276        300        300
sessions                                270          284        335        335
          -------------------------------------------------------------
init.ora Parameters for DB: ORACLE  Instance: orcl  Snaps: 22 -23

                                                                  End value
Parameter Name                Begin value                       (if different)
----------------------------- --------------------------------- --------------
processes                     300
sessions                      335
timed_statistics              TRUE
shared_pool_size              419430400
sga_max_size                  1427347988
shared_pool_reserved_size     33554432
large_pool_size               0
java_pool_size                33554432
spfile                        C:\DB_ORCL\spfileORCL.ora
control_files                 c:\DB_ORCL\control01.ora, h:\DB_O
db_block_size                 8192
db_writer_processes           2
db_cache_size                 947912704
db_cache_advice               ON
compatible                    9.2.0
log_archive_start             TRUE
log_archive_dest_1            LOCATION=R:\ARCHIVE
log_archive_dest_state_1      enable
log_archive_format            arc%S.%T
log_buffer                    750080
log_checkpoint_interval       100000
log_checkpoint_timeout        1800
db_files                      300
db_file_multiblock_read_count 32
undo_management               AUTO
undo_tablespace               UNDOTBS3
undo_retention                18000
max_enabled_roles             30
remote_login_passwordfile     SHARED
db_domain                     WORLD
global_names                  TRUE
instance_name                 ORCL
session_cached_cursors        300
utl_file_dir
job_queue_processes           10
cursor_sharing                EXACT
background_dump_dest          C:\DB_ORCL\bdump
user_dump_dest                C:\DB_ORCL\udump
max_dump_file_size            10240
core_dump_dest                C:\DB_ORCL\cdump
open_links                    4
db_name                       ORACLE
open_cursors                  1500
optimizer_mode                CHOOSE
star_transformation_enabled   FALSE
pga_aggregate_target          629145600
          -------------------------------------------------------------

End of Report

