
STATSPACK report for

DB Name         DB Id    Instance     Inst Num Release     OPS Host
------------ ----------- ------------ -------- ----------- --- ------------
ORACLE        1307164038 orcl                1 8.1.7.4.1   NO  ORCL2

                Snap Id     Snap Time      Sessions
                ------- ------------------ --------
 Begin Snap:        463 23-Mar-04 10:00:00      204
   End Snap:        464 23-Mar-04 10:10:01      204
    Elapsed:                  10.02 (mins)

Cache Sizes
~~~~~~~~~~~
           db_block_buffers:     131072          log_buffer:    1048576
              db_block_size:       8192    shared_pool_size:  262144000

Load Profile
~~~~~~~~~~~~                            Per Second       Per Transaction
                                   ---------------       ---------------
                  Redo size:             86,214.65             11,583.95
              Logical reads:            137,374.00             18,457.81
              Block changes:                311.19                 41.81
             Physical reads:                364.56                 48.98
            Physical writes:                 22.48                  3.02
                 User calls:                 23.19                  3.12
                     Parses:                 22.60                  3.04
                Hard parses:                  0.62                  0.08
                      Sorts:                 17.61                  2.37
                     Logons:                  0.04                  0.01
                   Executes:                466.05                 62.62
               Transactions:                  7.44

  % Blocks changed per Read:    0.23    Recursive Call %:   96.68
 Rollback per transaction %:    0.16       Rows per Sort:   70.26

Instance Efficiency Percentages (Target 100%)
~~~~~~~~~~~~~~~~~~~~~~~~~~~~~~~~~~~~~~~~~~~~~
            Buffer Nowait %:  100.00       Redo NoWait %:   99.99
            Buffer  Hit   %:   99.73    In-memory Sort %:   99.88
            Library Hit   %:   99.67        Soft Parse %:   97.24
         Execute to Parse %:   95.15         Latch Hit %:   99.96
Parse CPU to Parse Elapsd %:   29.67     % Non-Parse CPU:   98.87

 Shared Pool Statistics        Begin   End
                               ------  ------
             Memory Usage %:   99.67   99.75
    % SQL with executions>1:   81.76   81.34
  % Memory for SQL w/exec>1:   73.90   73.82

Top 5 Wait Events
~~~~~~~~~~~~~~~~~                                             Wait     % Total
Event                                               Waits  Time (cs)   Wt Time
-------------------------------------------- ------------ ------------ -------
db file sequential read                           152,238       97,617   76.11
log file parallel write                             4,202       10,490    8.18
db file scattered read                              2,473        6,660    5.19
enqueue                                                36        6,215    4.85
log file sync                                         397        2,160    1.68
          -------------------------------------------------------------
Wait Events for DB: ORACLE  Instance: orcl  Snaps: 463 -464
-> cs - centisecond -  100th of a second
-> ms - millisecond - 1000th of a second
-> ordered by wait time desc, waits desc (idle events last)

                                                                    Avg
                                                     Total Wait    wait  Waits
Event                               Waits   Timeouts  Time (cs)    (ms)   /txn
---------------------------- ------------ ---------- ----------- ------ ------
db file sequential read           152,238          0      97,617      6   34.0
log file parallel write             4,202          0      10,490     25    0.9
db file scattered read              2,473          0       6,660     27    0.6
enqueue                                36         20       6,215   1726    0.0
log file sync                         397          0       2,160     54    0.1
latch free                            638        542       1,640     26    0.1
file open                             390          0         967     25    0.1
db file parallel write                317          0         629     20    0.1
SQL*Net more data to client         6,685          0         383      1    1.5
direct path read                      617          0         378      6    0.1
log file sequential read              972          0         290      3    0.2
buffer busy waits                     222          0         221     10    0.0
SQL*Net break/reset to clien           42          0         191     45    0.0
control file sequential read          199          0          90      5    0.0
log buffer space                       24          0          86     36    0.0
direct path write                     419          0          81      2    0.1
control file parallel write           226          0          68      3    0.1
log file switch completion              9          0          54     60    0.0
LGWR wait for redo copy                 7          1          22     31    0.0
refresh controlfile command            10          0          12     12    0.0
file identify                          24          0          10      4    0.0
log file single write                  12          0           2      2    0.0
SQL*Net message from client        10,316          0   1,972,086   1912    2.3
SQL*Net more data from clien        2,730          0         171      1    0.6
SQL*Net message to client          10,311          0           1      0    2.3
          -------------------------------------------------------------
Background Wait Events for DB: ORACLE  Instance: orcl  Snaps: 463 -464
-> ordered by wait time desc, waits desc (idle events last)

                                                                    Avg
                                                     Total Wait    wait  Waits
Event                               Waits   Timeouts  Time (cs)    (ms)   /txn
---------------------------- ------------ ---------- ----------- ------ ------
log file parallel write             4,204          0      10,490     25    0.9
file open                             215          0         708     33    0.0
db file parallel write                317          0         629     20    0.1
direct path read                       48          0         312     65    0.0
log file sequential read              972          0         290      3    0.2
db file scattered read                 52          0         137     26    0.0
db file sequential read                26          0          76     29    0.0
control file parallel write           226          0          68      3    0.1
control file sequential read          162          0          64      4    0.0
LGWR wait for redo copy                 7          1          22     31    0.0
file identify                          24          0          10      4    0.0
direct path write                      48          0           9      2    0.0
latch free                              1          1           3     30    0.0
log file single write                  12          0           2      2    0.0
rdbms ipc message                  10,848        721     278,296    257    2.4
pmon timer                            194        194      60,301   3108    0.0
smon timer                              2          2      30,730 ######    0.0
          -------------------------------------------------------------
SQL ordered by Gets for DB: ORACLE  Instance: orcl  Snaps: 463 -464
-> End Buffer Gets Threshold:   10000
-> Note that resources reported for PL/SQL includes the resources used by
   all SQL statements called within the PL/SQL code.  As individual SQL
   statements are also reported, it is possible and valid for the summed
   total % to exceed 100

  Buffer Gets    Executions  Gets per Exec  % Total  Hash Value
--------------- ------------ -------------- ------- ------------
     23,821,632            2   11,910,816.0    28.9   1347341186
BEGIN "P_VALTURNS_CREATE" (COMPANY => :COMPANY,IDENT => :IDENT,B
LANK => :BLANK,DELIMITER => :DELIMITER,DATE_FROM => :DATE_FROM,D
ATE_TO => :DATE_TO,PRM_ACCOUNT => :PRM_ACCOUNT,PRM_BALUNIT => :P
RM_BALUNIT,PRM_JUR_PERS => :PRM_JUR_PERS,PRM_CURRENCY => :PRM_CU
RRENCY,PRM_AGN_CRN => :PRM_AGN_CRN,PRM_AGENT => :PRM_AGENT,PRM_N

     22,893,871            2   11,446,935.5    27.7   3052810209
SELECT M.ACCOUNT,M.BALUNIT,M.AGENT,M.NOMENCLATURE,M.NOMEN_PARTNO
,M.NOMEN_INDATE,M.CURRENCY,M.REMN_DATE OPERATION_DATE,M.JUR_PERS
 JUR_PERS   FROM VALREMNS M  WHERE M.COMPANY = :b1  AND M.REMN_D
ATE = :b2  AND (RTRIM(:b3) IS NULL  OR STRIN(:b4,:b3,:b6) = 1  A
ND M.ACCOUNT IS NULL  OR M.ACCOUNT IN (SELECT AC.RN   FROM DICAC

     14,458,661            6    2,409,776.8    17.5     52766030
BEGIN "P_ANLTURNS_CREATE" (COMPANY => :COMPANY,IDENT => :IDENT,B
LANK => :BLANK,DELIMITER => :DELIMITER,DATE_FROM => :DATE_FROM,D
ATE_TO => :DATE_TO,PRM_ACCOUNT => :PRM_ACCOUNT,PRM_BALUNIT => :P
RM_BALUNIT,SJUR_PERS => :SJUR_PERS,PRM_CURRENCY => :PRM_CURRENCY
,SBAL_ELEMENT => :SBAL_ELEMENT,RESULT => :RESULT); END;

      6,390,087        2,706        2,361.5     7.7   2278746118
SELECT /*+ INDEX(I_OPRSPECS_COMPDATDB)  */SUM(SP.ACNT_SUM),SUM(S
P.ACNT_BASE_SUM),SUM(SP.CTRL_SUM),SUM(SP.CTRL_BASE_SUM)   FROM O
PRSPECS SP  WHERE SP.COMPANY = :b1  AND SP.OPERATION_DATE >= :b2
  AND SP.OPERATION_DATE <= :b3  AND SP.ACCOUNT_DEBIT = :b4  AND
SP.JUR_PERS = :b5  AND (:b6 IS NULL  AND SP.BALUNIT_DEBIT IS NUL

      4,145,154          509        8,143.7     5.0    916246221
SELECT /*+ RULE  */NVL(SUM(NACC_SUM * NFINOPER ),0)   FROM KOMI_
VR_RLINCOMOUTCOM_NL  WHERE NFACEACC = :b1  AND DPAY_DATE >= :b2

      4,145,146          509        8,143.7     5.0    223690702
SELECT /*+ RULE  */NVL(SUM(NACC_SUM * NFINOPER ),0)   FROM KOMI_
VR_RLINCOMOUTCOM_NL  WHERE NFACEACC = :b1  AND DPAY_DATE > :b2

      4,138,230          509        8,130.1     5.0   1203046857
SELECT /*+ RULE  */NVL(SUM(NACC_SUM * NFINOPER ),0)   FROM KOMI_
VR_RLINCOMOUTCOM_NL  WHERE NFACEACC = :b1  AND NSIGN_FROM = 1  A
ND DPAY_DATE >= :b2 - :b3   AND DPAY_DATE < :b2

      4,138,230          509        8,130.1     5.0   2414925139
SELECT /*+ RULE  */NVL(SUM(NACC_SUM * NFINOPER ),0)   FROM KOMI_
VR_RLINCOMOUTCOM_NL  WHERE NFACEACC = :b1  AND NSIGN_FROM = 1  A
ND DPAY_DATE >= :b2  AND DPAY_DATE <= :b3

      4,138,230          509        8,130.1     5.0   3918034102
SELECT /*+ RULE  */NVL(SUM(NACC_SUM * NFINOPER ),0)   FROM KOMI_
VR_RLINCOMOUTCOM_NL  WHERE NFACEACC = :b1  AND NSIGN_FROM = 1  A
ND DPAY_DATE >= :b2 - :b3   AND DPAY_DATE <= :b2

SQL ordered by Gets for DB: ORACLE  Instance: orcl  Snaps: 463 -464
-> End Buffer Gets Threshold:   10000
-> Note that resources reported for PL/SQL includes the resources used by
   all SQL statements called within the PL/SQL code.  As individual SQL
   statements are also reported, it is possible and valid for the summed
   total % to exceed 100

  Buffer Gets    Executions  Gets per Exec  % Total  Hash Value
--------------- ------------ -------------- ------- ------------
      3,898,744            1    3,898,744.0     4.7   3315458830
SELECT "V_DICACCFO_PP_NL"."NRN", "V_DICACCFO_PP_NL"."SPREF_NUMB"
, "V_DICACCFO_PP_NL"."SREG_NUMB", "V_DICACCFO_PP_NL"."DACC_DATE"
, "V_DICACCFO_PP_NL"."SPR_NAME", "V_DICACCFO_PP_NL"."SPR_AGNIDNU
MB", "V_DICACCFO_PP_NL"."SPR_REASON", "V_DICACCFO_PP_NL"."SCS_NA
ME", "V_DICACCFO_PP_NL"."SCS_ADDR_CITY", "V_DICACCFO_PP_NL"."SCS

      3,770,744            1    3,770,744.0     4.6   1328616141
SELECT * FROM V_PAYNOTES M where NCOMPANY=:1 and (NPAYER in (sel
ect RN from AGNLIST where AGNABBR='ÎÎÎ ËÅÑÄÎÐÑÒÐÎÉ') ) and (DPAY
_DATE>=TO_DATE('01/01/2001','dd/mm/yyyy')) and (DPAY_DATE<=TO_DA
TE('30/11/2003','dd/mm/yyyy')) and NSIGNACNT = 1 order by dPAY_D
ATE, sPAYER, sFINOPER_MNEMO, SPAY_PREFIX, SPAY_NUMBER

      3,749,074            1    3,749,074.0     4.5    608254323
SELECT * FROM V_PAYNOTES M where NCOMPANY=:1 and (NPAYER in (sel
ect RN from AGNLIST where AGNABBR='ÃÒÐÊ ÊÎÌÈ ÃÎÐ') ) and (DPAY_D
ATE>=TO_DATE('01/01/2001','dd/mm/yyyy')) and (DPAY_DATE<=TO_DATE
('30/11/2003','dd/mm/yyyy')) and NSIGNACNT = 1 order by dPAY_DAT
E, sPAYER, sFINOPER_MNEMO, SPAY_PREFIX, SPAY_NUMBER

      3,722,231            1    3,722,231.0     4.5   1443210750
SELECT * FROM V_PAYNOTES M where NCOMPANY=:1 and (NPAYER in (sel
ect RN from AGNLIST where AGNABBR='ÇÍÀÌß ÒÐÓÄÀ') ) and (DPAY_DAT
E>=TO_DATE('01/01/2001','dd/mm/yyyy')) and (DPAY_DATE<=TO_DATE('
30/11/2003','dd/mm/yyyy')) and NSIGNACNT = 1 order by dPAY_DATE,
 sPAYER, sFINOPER_MNEMO, SPAY_PREFIX, SPAY_NUMBER

      3,561,789            6      593,631.5     4.3    675641488
SELECT /*+ ORDERED  */M.ACCOUNT ACCOUNT,TO_NUMBER( NULL ) ANALYT
IC1,TO_NUMBER( NULL ) ANALYTIC2,TO_NUMBER( NULL ) ANALYTIC3,TO_N
UMBER( NULL ) ANALYTIC4,TO_NUMBER( NULL ) ANALYTIC5,M.JUR_PERS J
UR_PERS,M.BALUNIT BALUNIT,M.CURRENCY CURRENCY   FROM ACCREMNS M,
DICACCS AC  WHERE M.COMPANY = :b1  AND M.REMN_DATE = :b2  AND M.

      2,668,353            3      889,451.0     3.2   1669247656
BEGIN "P_ACCTURNS_CREATE" (COMPANY => :COMPANY,IDENT => :IDENT,B
LANK => :BLANK,DELIMITER => :DELIMITER,DATE_FROM => :DATE_FROM,D
ATE_TO => :DATE_TO,PRM_ACCOUNT => :PRM_ACCOUNT,PRM_BALUNIT => :P
RM_BALUNIT,SJUR_PERS => :SJUR_PERS,PRM_CURRENCY => :PRM_CURRENCY
,NZERO_SUMS => :NZERO_SUMS,SBAL_ELEMENT => :SBAL_ELEMENT,RESULT

      2,651,385            3      883,795.0     3.2    467856073
SELECT M.ACCOUNT ACCOUNT,M.JUR_PERS JUR_PERS,M.BALUNIT BALUNIT,M

          -------------------------------------------------------------
SQL ordered by Reads for DB: ORACLE  Instance: orcl  Snaps: 463 -464
-> End Disk Reads Threshold:    1000

 Physical Reads  Executions  Reads per Exec % Total  Hash Value
--------------- ------------ -------------- ------- ------------
         69,226          509          136.0    31.6    916246221
SELECT /*+ RULE  */NVL(SUM(NACC_SUM * NFINOPER ),0)   FROM KOMI_
VR_RLINCOMOUTCOM_NL  WHERE NFACEACC = :b1  AND DPAY_DATE >= :b2

         27,309            1       27,309.0    12.5   3315458830
SELECT "V_DICACCFO_PP_NL"."NRN", "V_DICACCFO_PP_NL"."SPREF_NUMB"
, "V_DICACCFO_PP_NL"."SREG_NUMB", "V_DICACCFO_PP_NL"."DACC_DATE"
, "V_DICACCFO_PP_NL"."SPR_NAME", "V_DICACCFO_PP_NL"."SPR_AGNIDNU
MB", "V_DICACCFO_PP_NL"."SPR_REASON", "V_DICACCFO_PP_NL"."SCS_NA
ME", "V_DICACCFO_PP_NL"."SCS_ADDR_CITY", "V_DICACCFO_PP_NL"."SCS

         26,815            1       26,815.0    12.2   2291047960
SELECT * FROM V_ECONOPRS M where COMPANY=:1 and (M.OPERATION_DAT
E>=TO_DATE('06/04/2000','dd/mm/yyyy')) and (M.OPERATION_DATE<=TO
_DATE('06/04/2000','dd/mm/yyyy')) and (M.OPERATION_PREF>='
   4') and (M.OPERATION_PREF<='         4') and (M.OPERATION_NUM
B>='     05905') and (M.OPERATION_NUMB<='     05905') order by M

         18,368            3        6,122.7     8.4   4077086596
SELECT MAX(OPERATION_NUMB)   FROM ECONOPRS  WHERE COMPANY = :b1
 AND OPERATION_PREF = :b2

         17,910            6        2,985.0     8.2     52766030
BEGIN "P_ANLTURNS_CREATE" (COMPANY => :COMPANY,IDENT => :IDENT,B
LANK => :BLANK,DELIMITER => :DELIMITER,DATE_FROM => :DATE_FROM,D
ATE_TO => :DATE_TO,PRM_ACCOUNT => :PRM_ACCOUNT,PRM_BALUNIT => :P
RM_BALUNIT,SJUR_PERS => :SJUR_PERS,PRM_CURRENCY => :PRM_CURRENCY
,SBAL_ELEMENT => :SBAL_ELEMENT,RESULT => :RESULT); END;

         12,584            2        6,292.0     5.7   3659611589
BEGIN "P_SALESRPTMAIN_FILL_BUFF" (NCOMPANY => :NCOMPANY,NIDENT =
> :NIDENT,SRPT_PREFIX => :SRPT_PREFIX,SRPT_NUMBER => :SRPT_NUMBE
R,DOPER => :DOPER,NEO_DATE_SRC => :NEO_DATE_SRC,SPREFIX_OPR => :
SPREFIX_OPR,NFLAG_LINK => :NFLAG_LINK,NCONFIRM => :NCONFIRM,SEO_
CATALOG => :SEO_CATALOG,NCALC_IN_SERVER => :NCALC_IN_SERVER); EN

          6,495            1        6,495.0     3.0   3290575405
BEGIN "SNP_P_DCACNTS_DCACT" (NCOMPANY => :NCOMPANY,DDATE_FROM =>
 :DDATE_FROM,DDATE_TO => :DDATE_TO,SAGENT => :SAGENT,NIDENT => :
NIDENT); END;

          6,493            1        6,493.0     3.0   3845691050
BEGIN "KOMI_P_DCACNTS_DCACT" (NCOMPANY => :NCOMPANY,DDATE_FROM =
> :DDATE_FROM,DDATE_TO => :DDATE_TO,SAGENT => :SAGENT,NIDENT =>
:NIDENT); END;

          6,294            1        6,294.0     2.9    373788245
SELECT LN.JUR_PERS,LN.ACCOUNT,LN.BALUNIT,LN.CURRENCY,LN.AGENT,LN
.VALID_DOCTYPE,LN.SPECIAL_MARK,LN.VALID_DOCNUMB,LN.VALID_DOCDATE
,LN.OPEN_DATE,LN.RN,LN.ANALYTIC1,LN.ANALYTIC2,LN.ANALYTIC3,LN.AN
ALYTIC4,LN.ANALYTIC5,LN.ACNT_REMN_SUM,LN.ACNT_REMN_BASE_SUM,LN.C
TRL_REMN_SUM,LN.CTRL_REMN_BASE_SUM   FROM DCSPECS LN  WHERE (:b1

          6,293            1        6,293.0     2.9    750638771
SELECT LN.JUR_PERS,LN.ACCOUNT,LN.BALUNIT,LN.CURRENCY,LN.AGENT,LN
SQL ordered by Reads for DB: ORACLE  Instance: orcl  Snaps: 463 -464
-> End Disk Reads Threshold:    1000

 Physical Reads  Executions  Reads per Exec % Total  Hash Value
--------------- ------------ -------------- ------- ------------
.VALID_DOCTYPE,LN.SPECIAL_MARK,LN.VALID_DOCNUMB,LN.VALID_DOCDATE
,LN.OPEN_DATE,LN.RN,LN.ANALYTIC1,LN.ANALYTIC2,LN.ANALYTIC3,LN.AN
ALYTIC4,LN.ANALYTIC5,LN.ACNT_REMN_SUM,LN.ACNT_REMN_BASE_SUM,LN.C
TRL_REMN_SUM,LN.CTRL_REMN_BASE_SUM   FROM DCSPECS LN  WHERE (:b1

          6,175            1        6,175.0     2.8      9921986
BEGIN "P_BANKDOCS_FILL_BUFF" (NCOMPANY => :NCOMPANY,NIDENT => :N
IDENT,SBANK_DOCTYPE => :SBANK_DOCTYPE,SBANK_DOCPREF => :SBANK_DO
CPREF,SBANK_DOCNUMB => :SBANK_DOCNUMB,DOPER => :DOPER,NFDATE_SIG
N => :NFDATE_SIGN,NUSE_PAY_INFO => :NUSE_PAY_INFO,NUSE_PAY_DATE
=> :NUSE_PAY_DATE,NFLAG_LINK => :NFLAG_LINK); END;

          5,998            2        2,999.0     2.7    117853291
DELETE FROM TR_DEBT_ZADOLG_NL WHERE AUTHID = USER

          5,793            2        2,896.5     2.6   1347341186
BEGIN "P_VALTURNS_CREATE" (COMPANY => :COMPANY,IDENT => :IDENT,B
LANK => :BLANK,DELIMITER => :DELIMITER,DATE_FROM => :DATE_FROM,D
ATE_TO => :DATE_TO,PRM_ACCOUNT => :PRM_ACCOUNT,PRM_BALUNIT => :P
RM_BALUNIT,PRM_JUR_PERS => :PRM_JUR_PERS,PRM_CURRENCY => :PRM_CU
RRENCY,PRM_AGN_CRN => :PRM_AGN_CRN,PRM_AGENT => :PRM_AGENT,PRM_N

          4,276          533            8.0     2.0   3356402512
SELECT /*+ ORDERED  */COUNT(O.DOCUMENT)   FROM DOCINPT I,DOCLINK
S L,DOCOUTPT O  WHERE I.DOCUMENT = :b1  AND I.UNITCODE = 'PayNot
es'  AND I.RN = L.IN_DOC  AND O.UNITCODE = 'AccountFactOutput'
AND L.OUT_DOC = O.RN

          3,912            1        3,912.0     1.8   1328616141
SELECT * FROM V_PAYNOTES M where NCOMPANY=:1 and (NPAYER in (sel
ect RN from AGNLIST where AGNABBR='ÎÎÎ ËÅÑÄÎÐÑÒÐÎÉ') ) and (DPAY
_DATE>=TO_DATE('01/01/2001','dd/mm/yyyy')) and (DPAY_DATE<=TO_DA
TE('30/11/2003','dd/mm/yyyy')) and NSIGNACNT = 1 order by dPAY_D
ATE, sPAYER, sFINOPER_MNEMO, SPAY_PREFIX, SPAY_NUMBER

          3,396            3        1,132.0     1.5   1669247656
BEGIN "P_ACCTURNS_CREATE" (COMPANY => :COMPANY,IDENT => :IDENT,B
LANK => :BLANK,DELIMITER => :DELIMITER,DATE_FROM => :DATE_FROM,D
ATE_TO => :DATE_TO,PRM_ACCOUNT => :PRM_ACCOUNT,PRM_BALUNIT => :P
RM_BALUNIT,SJUR_PERS => :SJUR_PERS,PRM_CURRENCY => :PRM_CURRENCY

          -------------------------------------------------------------
SQL ordered by Executions for DB: ORACLE  Instance: orcl  Snaps: 463 -464
-> End Executions Threshold:     100

 Executions   Rows Processed    Rows per Exec   Hash Value
------------ ---------------- ---------------- ------------
      18,522           18,522              1.0   2642531420
SELECT SIGN_SHARE,SIGN_ACCREG,PARENTCODE   FROM UNITLIST  WHERE
UNITCODE = :b1

      16,490           16,490              1.0   3149130616
SELECT VERSION   FROM COMPVERLIST  WHERE COMPANY = :b1  AND UNIT
CODE = :b2

      14,122           14,122              1.0   1641953811
SELECT RN   FROM COMPANIES  WHERE RN = :b1

      10,709           10,709              1.0   1378696934
SELECT PARENTCODE   FROM UNITLIST  WHERE UNITCODE = :b1

      10,402           10,402              1.0   3471874685
SELECT /*+ ORDERED  */MAX(O.IN_DATE)   FROM DOCINPT I,DOCLINKS L
,DOCOUTPT O  WHERE I.DOCUMENT = :b1  AND I.UNITCODE = :b2  AND I
.RN = L.IN_DOC  AND L.OUT_DOC = O.RN  AND (O.UNITCODE = :b3  OR
:b3 IS NULL )

       9,907            9,907              1.0   3576929440
SELECT SIGN_SHARE,SIGN_ACCREG   FROM UNITLIST  WHERE UNITCODE =
:b1

       9,706            9,706              1.0   3999397567
SELECT RN   FROM DOCS_PROPS  WHERE VERSION = :b1  AND CODE = :b2


       9,687                0              0.0    156802472
SELECT RN   FROM VERSIONS  WHERE RN = :b1  AND UNITCODE = :b2

       9,687            9,687              1.0   1976324033
SELECT CRN   FROM DOCS_PROPS  WHERE RN = :b1

       9,687            9,687              1.0   2457584443
SELECT COUNT(*)   FROM DOCS_PROPS_LINKS  WHERE PRN = :b1  AND UN
ITCODE = :b2

       9,687            8,007              0.8   2508774977
SELECT STR_VALUE   FROM DOCS_PROPS_VALS  WHERE UNITCODE = :b1  A
ND DOCS_PROP_RN = :b2  AND UNIT_RN = :b3

       9,687            9,687              1.0   3868580238
SELECT COUNT(*)   FROM V_USERPRIV  WHERE CATALOG = :b1

       7,108            7,108              1.0   3720616768
SELECT SEQ_IDENT.NEXTVAL   FROM DUAL

       6,339            1,641              0.3   2192127498
SELECT RN,STR_VALUE,NUM_VALUE,DATE_VALUE   FROM OPTIONS  WHERE C
ODE = :b1  AND OPT_LOAD = 0  AND (:b2 IS NULL  OR AUTHID = :b2 )
 AND (:b4 IS NULL  OR COMPANY = :b4 ) AND (:b6 IS NULL  OR VERSI
ON = :b6 )

       6,339            6,339              1.0   3660810936
SQL ordered by Executions for DB: ORACLE  Instance: orcl  Snaps: 463 -464
-> End Executions Threshold:     100

 Executions   Rows Processed    Rows per Exec   Hash Value
------------ ---------------- ---------------- ------------
SELECT *   FROM OPTIONS  WHERE CODE = :b1  AND OPT_LOAD = 1

       5,417            5,417              1.0   1863461770
SELECT ACC_CURRENCY   FROM DICACCS  WHERE RN = :b1

       5,384            5,384              1.0   3035777367
SELECT *   FROM UNITLIST  WHERE UNITCODE = :b1

       5,038            5,038              1.0   1208389272
SELECT /*+ ORDERED  */MAX(O.DOCUMENT)   FROM DOCINPT I,DOCLINKS
L,DOCOUTPT O  WHERE I.DOCUMENT = :b1  AND I.UNITCODE = :b2  AND
I.RN = L.IN_DOC  AND L.OUT_DOC = O.RN  AND (O.UNITCODE = :b3  OR
 :b3 IS NULL )

       4,055            4,055              1.0   2016510618
SELECT USER   FROM SYS.DUAL

       3,832            3,832              1.0   3037017896
SELECT REG_INS,REG_UPD,REG_DEL   FROM TABLELIST  WHERE TABLENAME
 = :b1

       3,388            3,388              1.0   3631718398
SELECT ACC_CURRENCY,BALUNIT   FROM DICACCS  WHERE RN = :b1

       2,707            2,707              1.0   3284832354
SELECT /*+ INDEX(I_OPRSPECS_COMPDATCR)  */SUM(SP.ACNT_SUM),SUM(S
P.ACNT_BASE_SUM),SUM(SP.CTRL_SUM),SUM(SP.CTRL_BASE_SUM)   FROM O
PRSPECS SP  WHERE SP.COMPANY = :b1  AND SP.OPERATION_DATE >= :b2
  AND SP.OPERATION_DATE <= :b3  AND SP.ACCOUNT_CREDIT = :b4  AND
 SP.JUR_PERS = :b5  AND (:b6 IS NULL  AND SP.BALUNIT_CREDIT IS N

       2,706            2,706              1.0   2278746118
SELECT /*+ INDEX(I_OPRSPECS_COMPDATDB)  */SUM(SP.ACNT_SUM),SUM(S
P.ACNT_BASE_SUM),SUM(SP.CTRL_SUM),SUM(SP.CTRL_BASE_SUM)   FROM O
PRSPECS SP  WHERE SP.COMPANY = :b1  AND SP.OPERATION_DATE >= :b2
  AND SP.OPERATION_DATE <= :b3  AND SP.ACCOUNT_DEBIT = :b4  AND
SP.JUR_PERS = :b5  AND (:b6 IS NULL  AND SP.BALUNIT_DEBIT IS NUL

       2,704            2,704              1.0   3534573364
INSERT INTO ANLTURNS ( IDENT,COMPANY,DATE_FROM,DATE_TO,ACCOUNT,A
NALYTIC1,ANALYTIC2,ANALYTIC3,ANALYTIC4,ANALYTIC5,BALUNIT,JUR_PER
S,CURRENCY,DIFF_SIGN,ACNT_REMN_SUM,ACNT_REMN_BASE_SUM,CTRL_REMN_
SUM,CTRL_REMN_BASE_SUM,ACNT_DEBIT_REMN_SUM,ACNT_DEBIT_REMN_BASE_
SUM,CTRL_DEBIT_REMN_SUM,CTRL_DEBIT_REMN_BASE_SUM,ACNT_CREDIT_REM

       2,700            2,700              1.0   1696164627
SELECT SUM(NVL(ACNT_DEBIT_SUM,0)),SUM(NVL(ACNT_DEBIT_BASE_SUM,0)
),SUM(NVL(ACNT_CREDIT_SUM,0)),SUM(NVL(ACNT_CREDIT_BASE_SUM,0)),S
UM(NVL(CTRL_DEBIT_SUM,0)),SUM(NVL(CTRL_DEBIT_BASE_SUM,0)),SUM(NV
L(CTRL_CREDIT_SUM,0)),SUM(NVL(CTRL_CREDIT_BASE_SUM,0))   FROM AN
LREMNS  WHERE COMPANY = :b1  AND REMN_DATE = :b2  AND ACCOUNT =

       2,358            2,358              1.0   4035468951
SELECT COUNT(*)   FROM ACCTFORM  WHERE IS_MATERIALSMIDL = 1  AND
 NUMB = :b1
SQL ordered by Executions for DB: ORACLE  Instance: orcl  Snaps: 463 -464
-> End Executions Threshold:     100

 Executions   Rows Processed    Rows per Exec   Hash Value
------------ ---------------- ---------------- ------------

       2,318            2,318              1.0   1425443843
update seq$ set increment$=:2,minvalue=:3,maxvalue=:4,cycle#=:5,
order$=:6,cache=:7,highwater=:8,audit$=:9 where obj#=:1

       2,032            2,032              1.0    556190846
SELECT VERNAME   FROM VERSIONS  WHERE RN = :b1  AND UNITCODE = :
b2

       2,032            2,032              1.0   3711118857
SELECT COMPANY   FROM COMPVERLIST  WHERE UNITCODE = :b1  AND VER

          -------------------------------------------------------------
SQL ordered by Sharable Memory for DB: ORACLE  Instance: orcl  Snaps: 463 -464
-> End Sharable Memory Threshold:   1048576

Sharable Mem (b)  Executions  % Total  Hash Value
---------------- ------------ ------- ------------
       3,692,323            2     1.3   3052810209
SELECT M.ACCOUNT,M.BALUNIT,M.AGENT,M.NOMENCLATURE,M.NOMEN_PARTNO
,M.NOMEN_INDATE,M.CURRENCY,M.REMN_DATE OPERATION_DATE,M.JUR_PERS
 JUR_PERS   FROM VALREMNS M  WHERE M.COMPANY = :b1  AND M.REMN_D
ATE = :b2  AND (RTRIM(:b3) IS NULL  OR STRIN(:b4,:b3,:b6) = 1  A
ND M.ACCOUNT IS NULL  OR M.ACCOUNT IN (SELECT AC.RN   FROM DICAC

       1,215,385            6     0.4    675641488
SELECT /*+ ORDERED  */M.ACCOUNT ACCOUNT,TO_NUMBER( NULL ) ANALYT
IC1,TO_NUMBER( NULL ) ANALYTIC2,TO_NUMBER( NULL ) ANALYTIC3,TO_N
UMBER( NULL ) ANALYTIC4,TO_NUMBER( NULL ) ANALYTIC5,M.JUR_PERS J
UR_PERS,M.BALUNIT BALUNIT,M.CURRENCY CURRENCY   FROM ACCREMNS M,
DICACCS AC  WHERE M.COMPANY = :b1  AND M.REMN_DATE = :b2  AND M.

          -------------------------------------------------------------
Instance Activity Stats for DB: ORACLE  Instance: orcl  Snaps: 463 -464

Statistic                                    Total   per Second    per Trans
--------------------------------- ---------------- ------------ ------------
CPU used by this session                    68,261        113.6         15.3
CPU used when call started                  67,544        112.4         15.1
CR blocks created                              861          1.4          0.2
Cached Commit SCN referenced                     0          0.0          0.0
DBWR buffers scanned                        82,525        137.3         18.5
DBWR checkpoint buffers written              4,608          7.7          1.0
DBWR checkpoints                                 3          0.0          0.0
DBWR free buffers found                     78,585        130.8         17.6
DBWR lru scans                                 151          0.3          0.0
DBWR make free requests                        151          0.3          0.0
DBWR summed scan depth                      82,525        137.3         18.5
DBWR transaction table writes                  169          0.3          0.0
DBWR undo block writes                       4,147          6.9          0.9
SQL*Net roundtrips to/from client           10,228         17.0          2.3
SQL*Net roundtrips to/from dblink                0          0.0          0.0
background checkpoints completed                 2          0.0          0.0
background checkpoints started                   3          0.0          0.0
background timeouts                            780          1.3          0.2
branch node splits                               1          0.0          0.0
buffer is not pinned count              88,097,059    146,584.1     19,695.3
buffer is pinned count                 230,535,149    383,585.9     51,539.3
bytes received via SQL*Net from c        8,024,056     13,351.2      1,793.9
bytes received via SQL*Net from d                0          0.0          0.0
bytes sent via SQL*Net to client        18,444,081     30,689.0      4,123.4
bytes sent via SQL*Net to dblink                 0          0.0          0.0
calls to get snapshot scn: kcmgss          508,248        845.7        113.6
calls to kcmgas                              6,958         11.6          1.6
calls to kcmgcs                              4,325          7.2          1.0
change write time                              298          0.5          0.1
cleanouts and rollbacks - consist              556          0.9          0.1
cleanouts only - consistent read               253          0.4          0.1
cluster key scan block gets                  8,996         15.0          2.0
cluster key scans                            2,355          3.9          0.5
commit cleanout failures: block l              274          0.5          0.1
commit cleanout failures: buffer                 1          0.0          0.0
commit cleanout failures: callbac                0          0.0          0.0
commit cleanout failures: cannot                 0          0.0          0.0
commit cleanouts                            23,807         39.6          5.3
commit cleanouts successfully com           23,532         39.2          5.3
consistent changes                           5,392          9.0          1.2
consistent gets                         81,592,352    135,761.0     18,241.1
current blocks converted for CR
cursor authentications                         168          0.3          0.0
data blocks consistent reads - un            5,390          9.0          1.2
db block changes                           187,023        311.2         41.8
db block gets                              969,426      1,613.0        216.7
deferred (CURRENT) block cleanout           14,922         24.8          3.3
dirty buffers inspected                        174          0.3          0.0
enqueue conversions                             64          0.1          0.0
enqueue releases                            17,366         28.9          3.9
enqueue requests                            17,342         28.9          3.9
enqueue timeouts                                 0          0.0          0.0
enqueue waits                                    2          0.0          0.0
execute count                              280,096        466.1         62.6
free buffer inspected                          255          0.4          0.1
free buffer requested                      221,265        368.2         49.5
Instance Activity Stats for DB: ORACLE  Instance: orcl  Snaps: 463 -464

Statistic                                    Total   per Second    per Trans
--------------------------------- ---------------- ------------ ------------
hot buffers moved to head of LRU           171,684        285.7         38.4
immediate (CR) block cleanout app              809          1.4          0.2
immediate (CURRENT) block cleanou            1,251          2.1          0.3
index fast full scans (full)                    98          0.2          0.0
leaf node splits                               109          0.2          0.0
logons cumulative                               25          0.0          0.0
messages received                            6,540         10.9          1.5
messages sent                                6,540         10.9          1.5
no buffer to keep pinned count                   0          0.0          0.0
no work - consistent read gets          14,305,740     23,803.2      3,198.2
opened cursors cumulative                   12,935         21.5          2.9
parse count (hard)                             375          0.6          0.1
parse count (total)                         13,580         22.6          3.0
parse time cpu                                 772          1.3          0.2
parse time elapsed                           2,602          4.3          0.6
physical reads                             219,101        364.6         49.0
physical reads direct                        4,173          6.9          0.9
physical writes                             13,510         22.5          3.0
physical writes direct                       4,791          8.0          1.1
physical writes non checkpoint              12,282         20.4          2.8
pinned buffers inspected                         7          0.0          0.0
prefetched blocks                           60,179        100.1         13.5
prefetched blocks aged out before                0          0.0          0.0
process last non-idle time          25,920,871,629 ############  5,794,963.5
recursive calls                            405,857        675.3         90.7
recursive cpu usage                         61,428        102.2         13.7
redo blocks written                        106,628        177.4         23.8
redo buffer allocation retries                  30          0.1          0.0
redo entries                                92,891        154.6         20.8
redo log space requests                          9          0.0          0.0
redo log space wait time                        54          0.1          0.0
redo ordering marks                              9          0.0          0.0
redo size                               51,815,004     86,214.7     11,584.0
redo synch time                              2,162          3.6          0.5
redo synch writes                              411          0.7          0.1
redo wastage                               962,540      1,601.6        215.2
redo write time                             20,557         34.2          4.6
redo writer latching time                       22          0.0          0.0
redo writes                                  4,204          7.0          0.9
rollback changes - undo records a            2,756          4.6          0.6
rollbacks only - consistent read               306          0.5          0.1
rows fetched via callback               36,455,159     60,657.5      8,150.1
session connect time                25,920,871,629 ############  5,794,963.5
session cursor cache hits                    9,439         15.7          2.1
session logical reads                   82,561,776    137,374.0     18,457.8
session pga memory                      84,776,452    141,059.0     18,952.9
session pga memory max                  84,925,948    141,307.7     18,986.4
session uga memory max                  34,648,972     57,652.2      7,746.3
sorts (disk)                                    13          0.0          0.0
sorts (memory)                              10,571         17.6          2.4
sorts (rows)                               743,639      1,237.3        166.3
summed dirty queue length                    1,163          1.9          0.3
switch current to new buffer
table fetch by rowid                   137,422,833    228,657.0     30,722.7
table fetch continued row                    1,717          2.9          0.4
table scan blocks gotten                   891,432      1,483.3        199.3
Instance Activity Stats for DB: ORACLE  Instance: orcl  Snaps: 463 -464

Statistic                                    Total   per Second    per Trans
--------------------------------- ---------------- ------------ ------------
table scan rows gotten                  56,710,869     94,360.9     12,678.5
table scans (long tables)                        6          0.0          0.0
table scans (short tables)                  83,800        139.4         18.7
total file opens                               390          0.7          0.1
transaction rollbacks                            6          0.0          0.0
user calls                                  13,935         23.2          3.1
user commits                                 4,466          7.4          1.0
user rollbacks                                   7          0.0          0.0
write clones created in backgroun                0          0.0          0.0
write clones created in foregroun                8          0.0          0.0
          -------------------------------------------------------------
Tablespace IO Stats for DB: ORACLE  Instance: orcl  Snaps: 463 -464
->ordered by IOs (Reads + Writes) desc

Tablespace
------------------------------
                 Av      Av     Av                    Av        Buffer Av Buf
         Reads Reads/s Rd(ms) Blks/Rd       Writes Writes/s      Waits Wt(ms)
-------------- ------- ------ ------- ------------ -------- ---------- ------
PARUS02
        69,284     115    6.5     1.0           28        0          0    0.0
PARUS04
        32,378      54    2.5     1.0          253        0        189    9.4
PARUS06
        13,017      22   10.6     1.9           11        0          0    0.0
PARIDX04
         7,124      12   12.0     3.9          328        1         25   13.6
PARIDX02
         5,674       9   10.5     1.0          829        1          0    0.0
PARUS03_NEW
         5,589       9   10.1     1.0            8        0          0    0.0
PARIDX03_NEW
         5,047       8    9.2     1.0           53        0          0    0.0
PARUS00
         2,126       4   10.5     4.5        1,688        3          0    0.0
PRSRLB
            22       0  103.2     1.0        2,962        5          0    0.0
PARIDX06
         2,380       4    9.0     1.6          140        0          0    0.0
PARIDX01
         2,444       4   18.3     1.0           54        0          0    0.0
PARUS01
         2,136       4   11.9     1.0           12        0          0    0.0
SYSTEM
         2,098       3   20.8     1.2           12        0          0    0.0
TEMP
           657       1   52.7     6.3          864        1          0    0.0
PRSRLB2
            30       0   89.3     1.0        1,356        2          2    0.0
PARIDX08_1
         1,131       2   23.9     1.0           22        0          0    0.0
TOOLS
           843       1    9.0     1.0          306        1          0    0.0
PARUS07
         1,112       2    7.5    15.5            6        0          0    0.0
PARIDX00
           366       1   43.7     1.6          610        1          0    0.0
PARIDX07
           663       1   21.6     1.0           32        0          0    0.0
PARIDX08_2
           533       1   42.2     1.0           32        0          0    0.0
PARUS08
           416       1   47.0     1.0            6        0          0    0.0
PARUS05
           234       0   66.2     1.9            7        0          6   15.0
PARIDX05
            71       0  176.9     1.0            6        0          0    0.0
PARUS_INST
             2       0 ######     1.0            2        0          0    0.0
          -------------------------------------------------------------
File IO Stats for DB: ORACLE  Instance: orcl  Snaps: 463 -464
->ordered by Tablespace, File

Tablespace               Filename
------------------------ ----------------------------------------------------
                 Av      Av     Av                    Av        Buffer Av Buf
         Reads Reads/s Rd(ms) Blks/Rd       Writes Writes/s      Waits Wt(ms)
-------------- ------- ------ ------- ------------ -------- ---------- ------
PARIDX00                 H:\DB_ORCL\PARIDX00.ORA
           366       1   43.7     1.6          610        1          0

PARIDX01                 J:\DB_ORCL\PARIDX01.ORA
         2,444       4   18.3     1.0           54        0          0

PARIDX02                 H:\DB_ORCL\PARIDX02.ORA
         5,674       9   10.5     1.0          829        1          0

PARIDX03_NEW             J:\DB_ORCL\PARIDX03.ORA
         5,047       8    9.2     1.0           53        0          0

PARIDX04                 J:\DB_ORCL\PARIDX04.ORA
         7,124      12   12.0     3.9          328        1         25   13.6

PARIDX05                 H:\DB_ORCL\PARIDX05.ORA
            71       0  176.9     1.0            6        0          0

PARIDX06                 H:\DB_ORCL\PARIDX06.ORA
         2,380       4    9.0     1.6          140        0          0

PARIDX07                 H:\DB_ORCL\PARIDX07.ORA
           663       1   21.6     1.0           32        0          0

PARIDX08_1               J:\DB_ORCL\PARIDX08_1.ORA
         1,131       2   23.9     1.0           22        0          0

PARIDX08_2               H:\DB_ORCL\PARIDX08_2.ORA
           533       1   42.2     1.0           32        0          0

PARUS00                  N:\DB_ORCL\PARUS00.ORA
         2,126       4   10.5     4.5        1,688        3          0

PARUS01                  D:\DB_ORCL\PARUS01.ORA
         2,136       4   11.9     1.0           12        0          0

PARUS02                  L:\DB_ORCL\PARUS02.ORA
        69,284     115    6.5     1.0           28        0          0

PARUS03_NEW              F:\DB_ORCL\PARUS03.ORA
         5,589       9   10.1     1.0            8        0          0

PARUS04                  F:\DB_ORCL\PARUS04.ORA
        32,378      54    2.5     1.0          253        0        189    9.4

PARUS05                  L:\DB_ORCL\PARUS05.ORA
           234       0   66.2     1.9            7        0          6   15.0

PARUS06                  L:\DB_ORCL\PARUS06.ORA
        13,017      22   10.6     1.9           11        0          0

PARUS07                  K:\DB_ORCL\PARUS07.ORA
File IO Stats for DB: ORACLE  Instance: orcl  Snaps: 463 -464
->ordered by Tablespace, File

Tablespace               Filename
------------------------ ----------------------------------------------------
                 Av      Av     Av                    Av        Buffer Av Buf
         Reads Reads/s Rd(ms) Blks/Rd       Writes Writes/s      Waits Wt(ms)
-------------- ------- ------ ------- ------------ -------- ---------- ------
         1,112       2    7.5    15.5            6        0          0

PARUS08                  K:\DB_ORCL\PARUS08.ORA
           416       1   47.0     1.0            6        0          0

PARUS_INST               L:\DB_ORCL\PARUS_INST.ORA
             2       0 ######     1.0            2        0          0

PRSRLB                   E:\DB_ORCL\PRSRLB1.ORA
            22       0  103.2     1.0        2,962        5          0

PRSRLB2                  M:\DB_ORCL\PRSRLB2.ORA
            30       0   89.3     1.0        1,356        2          2    0.0

SYSTEM                   G:\DB_ORCL\SYSTEM1.ORA
         2,098       3   20.8     1.2           12        0          0

TEMP                     G:\DB_ORCL\TEMP1.ORA
           386       1   87.3     5.6          535        1          0
                         I:\DB_ORCL\TEMP2.ORA
           271       0    3.4     7.3          329        1          0

TOOLS                    G:\DB_ORCL\TOOLS1.ORA
           843       1    9.0     1.0          306        1          0

          -------------------------------------------------------------
Buffer Pool Statistics for DB: ORACLE  Instance: orcl  Snaps: 463 -464
-> Pools   D: default pool,  K: keep pool,  R: recycle pool

                                                      Free    Write     Buffer
       Buffer    Consistent    Physical   Physical  Buffer Complete       Busy
P        Gets          Gets       Reads     Writes   Waits    Waits      Waits
- ----------- ------------- ----------- ---------- ------- -------- ----------
D     221,147    16,268,544     214,809      8,715       0        0        222
          -------------------------------------------------------------





Buffer wait Statistics for DB: ORACLE  Instance: orcl  Snaps: 463 -464
-> ordered by wait time desc, waits desc

                                 Tot Wait    Avg
Class                    Waits  Time (cs) Time (cs)
------------------ ----------- ---------- ---------
data block                 220        221         1
undo header                  2          0         0
          -------------------------------------------------------------





Enqueue activity for DB: ORACLE  Instance: orcl  Snaps: 463 -464
-> ordered by waits desc, gets desc

Enqueue            Gets      Waits
---------- ------------ ----------
TX                6,945          2
          -------------------------------------------------------------
Rollback Segment Stats for DB: ORACLE  Instance: orcl  Snaps: 463 -464
->A high value for "Pct Waits" suggests more rollback segments may be required

       Trans Table      Pct   Undo Bytes
RBS No     Gets       Waits     Written        Wraps  Shrinks  Extends
------ ------------ ------- --------------- -------- -------- --------
     0          3.0    0.00               0        0        0        0
     1        468.0    0.00         421,668        0        0        0
     2        269.0    0.00          39,006        0        0        0
     3        244.0    0.00          34,082        0        0        0
     4        248.0    0.00          58,482        0        0        0
     5        426.0    0.00       1,330,244        0        0        0
     6     15,623.0    0.00          67,158        0        0        0
     7        360.0    0.00          47,080        0        0        0
     8        238.0    0.00          68,374        0        0        0
     9        336.0    0.00         257,406        0        0        0
    10        327.0    0.00         203,002        0        0        0
    11     11,191.0    0.00       1,042,388        0        0        0
    12      1,075.0    0.00         853,650        0        0        0
    13        671.0    0.00       2,073,078        0        0        0
    14        236.0    0.00          67,058        0        0        0
    15        264.0    0.00         184,394        0        0        0
    16        243.0    0.00          72,072        0        0        0
    17        321.0    0.00       1,034,694        0        0        0
    18        907.0    0.00               0        0        0        0
    19        202.0    0.00          64,952        0        0        0
    20        468.0    0.00         378,156        0        0        0
    21        433.0    0.00         877,714        0        0        0
    22      8,465.0    0.00          37,284        0        0        0
    23      1,247.0    0.00       4,796,752        0        0        0
    24        718.0    0.00          60,760        0        0        0
    25        249.0    0.00          64,048        0        0        0
    26        848.0    0.00       1,361,046        0        0        0
    27        258.0    0.00          78,758        0        0        0
    28        228.0    0.00          30,894        0        0        0
    29        244.0    0.00          68,570        0        0        0
    30        278.0    0.00         253,872        0        0        0
    31        298.0    0.00         282,364        0        0        0
    32        248.0    0.00          68,804        0        0        0
    33        287.0    0.00          68,566        0        0        0
    34        395.0    0.00         833,072        0        0        0
    35        669.0    0.00          28,478        0        0        0
    36        436.0    0.00         440,482        0        0        0
    37        259.0    0.00          74,892        0        0        0
    38        416.0    0.00       1,687,754        0        0        0
    39        246.0    0.00         108,862        0        0        0
    40        292.0    0.00          84,682        0        0        0
    41        207.0    0.00          64,912        0        0        0
    42        249.0    0.00         171,120        0        0        0
    43    180,400.0    0.00       1,325,600        0        0        0
    44        908.0    0.00         512,044        0        0        0
    45        198.0    0.00          74,660        0        0        0
    46        160.0    0.00          21,388        0        0        0
    47        244.0    0.00          44,936        0        0        0
    48        455.0    0.00       1,469,478        0        0        0
    49        170.0    0.00          46,994        0        0        0
    50        155.0    0.00          27,710        0        0        0
    51        152.0    0.00          27,048        0        0        0
    52        160.0    0.00          45,180        0        0        0
    53        266.0    0.00          25,648        0        0        0
Rollback Segment Stats for DB: ORACLE  Instance: orcl  Snaps: 463 -464
->A high value for "Pct Waits" suggests more rollback segments may be required

       Trans Table      Pct   Undo Bytes
RBS No     Gets       Waits     Written        Wraps  Shrinks  Extends
------ ------------ ------- --------------- -------- -------- --------
    54        163.0    0.00          27,144        0        0        0
    55        150.0    0.00          22,756        0        0        0
    56        705.0    0.00          65,610        0        0        0
    57        161.0    0.00          22,304        0        0        0
    58        374.0    0.00         398,972        0        0        0
    59        312.0    0.00          80,070        0        0        0
    60        286.0    0.00          61,628        0        0        0
          -------------------------------------------------------------
Rollback Segment Storage for DB: ORACLE  Instance: orcl  Snaps: 463 -464
->Optimal Size should be larger than Avg Active

RBS No    Segment Size      Avg Active    Optimal Size    Maximum Size
------ --------------- --------------- --------------- ---------------
     0         401,408               0                         401,408
     1      20,963,328               0                      20,963,328
     2      20,963,328               0                      20,963,328
     3      20,963,328               0                      20,963,328
     4      20,963,328               0                      20,963,328
     5      20,963,328               0                      20,963,328
     6      20,963,328               0                      20,963,328
     7      20,963,328               0                      20,963,328
     8      20,963,328               0                      20,963,328
     9      20,963,328               0                      20,963,328
    10      20,963,328               0                      20,963,328
    11      20,963,328               0                      20,963,328
    12      20,963,328               0                      20,963,328
    13      20,963,328               0                      20,963,328
    14      20,963,328               0                      20,963,328
    15      20,963,328               0                      20,963,328
    16      20,963,328               0                      20,963,328
    17      20,963,328               0                      20,963,328
    18      20,963,328               0                      20,963,328
    19      20,963,328       1,047,756                      20,963,328
    20      20,963,328               0                      20,963,328
    21      20,963,328               0                      20,963,328
    22      20,963,328               0                      20,963,328
    23      20,963,328               0                      20,963,328
    24      20,963,328               0                      20,963,328
    25      20,963,328               0                      20,963,328
    26      20,963,328               0                      20,963,328
    27      20,963,328               0                      20,963,328
    28      20,963,328               0                      20,963,328
    29      20,963,328       1,047,756                      20,963,328
    30      20,963,328               0                      20,963,328
    31      20,963,328               0                      20,963,328
    32      20,963,328               0                      20,963,328
    33      20,963,328               0                      20,963,328
    34      20,963,328               0                      20,963,328
    35      20,963,328               0                      20,963,328
    36      20,963,328               0                      20,963,328
    37      20,963,328               0                      20,963,328
    38      20,963,328               0                      20,963,328
    39      20,963,328               0                      20,963,328
    40      20,963,328               0                      20,963,328
    41      20,963,328               0                      20,963,328
    42      20,963,328               0                      20,963,328
    43      20,963,328               0                      20,963,328
    44      20,963,328               0                      20,963,328
    45      20,963,328               0                      20,963,328
    46      20,963,328               0                      20,963,328
    47      20,963,328               0                      20,963,328
    48      20,963,328               0                      20,963,328
    49      20,963,328               0                      20,963,328
    50      20,963,328               0                      20,963,328
    51      20,963,328               0                      20,963,328
    52      20,963,328               0                      20,963,328
    53      20,963,328               0                      20,963,328
    54      20,963,328               0                      20,963,328
Rollback Segment Storage for DB: ORACLE  Instance: orcl  Snaps: 463 -464
->Optimal Size should be larger than Avg Active

RBS No    Segment Size      Avg Active    Optimal Size    Maximum Size
------ --------------- --------------- --------------- ---------------
    55      20,963,328               0                      20,963,328
    56      20,963,328               0                      20,963,328
    57      20,963,328               0                      20,963,328
    58      20,963,328               0                      20,963,328
    59      20,963,328               0                      20,963,328
    60      20,963,328               0                      20,963,328
          -------------------------------------------------------------
Latch Activity for DB: ORACLE  Instance: orcl  Snaps: 463 -464
->"Get Requests", "Pct Get Miss" and "Avg Slps/Miss" are statistics for
  willing-to-wait latch get requests
->"NoWait Requests", "Pct NoWait Miss" are for no-wait latch get requests
->"Pct Misses" for both should be very close to 0.0

                                                Pct    Avg                 Pct
                                   Get          Get   Slps       NoWait NoWait
Latch Name                       Requests      Miss  /Miss     Requests   Miss
----------------------------- -------------- ------ ------ ------------ ------
Token Manager                            275    0.0                 127    0.0
active checkpoint queue latch          2,711    0.0                   0
archive control                            6    0.0                   0
archive process latch                      6    0.0                   0
cache buffer handles                  27,886    0.0    0.0            0
cache buffers chains             100,509,001    0.0    0.0      282,313    0.0
cache buffers lru chain               53,078    0.0    0.0      219,959    0.0
channel handle pool latch                 54    0.0                   0
channel operations parent lat             79    0.0                   0
checkpoint queue latch                38,920    0.0    0.3            0
dml lock allocation                   15,558    0.0                   0
enqueue hash chains                   34,803    0.0    0.0            0
enqueues                              39,835    0.0                   0
event group latch                         25    0.0                   0
file number translation table             21    0.0                   0
global transaction                       123    0.0                   0
global tx free list                        2    0.0                   0
global tx hash mapping                    12    0.0                   0
job_queue_processes parameter              9    0.0                   0
ktm global data                            2    0.0                   0
latch wait list                          164    0.0                 165    0.0
library cache                      1,026,061    0.1    0.3        1,077    0.4
library cache load lock                1,188    0.0                   0
list of block allocation              14,607    0.0                   0
loader state object freelist              58    0.0                   0
longop free list                       1,295    0.0                   0
messages                              31,762    0.0    0.0            0
multiblock read objects                6,540    0.0    0.0            0
ncodef allocation latch                    9    0.0                   0
process allocation                        25    0.0                  25    0.0
process group creation                    54    0.0                   0
redo allocation                      101,361    0.0    0.0            0
redo writing                          18,199    0.0    0.0            0
row cache objects                    687,780    0.0    0.1            0
sequence cache                        34,414    0.0                   0
session allocation                    46,017    0.0                   0
session idle bit                      31,986    0.0    0.0            0
session switching                          9    0.0                   0
shared pool                           68,601    0.0    0.6            0
sort extent pool                         160    0.0                   0
transaction allocation                20,861    0.0                   0
transaction branch allocation             17    0.0                   0
undo global data                     245,294    0.0    0.0            0
user lock                                212    0.0                   0
          -------------------------------------------------------------
Latch Sleep breakdown for DB: ORACLE  Instance: orcl  Snaps: 463 -464
-> ordered by misses desc

                                Get                                  Spin &
Latch Name                    Requests         Misses      Sleeps Sleeps 1->4
-------------------------- -------------- ----------- ----------- ------------
cache buffers chains          100,509,001      41,301         374 40982/268/47
                                                                  /4/0
library cache                   1,026,061         985         249 827/87/51/20
                                                                  /0
row cache objects                 687,780          74           5 69/5/0/0/0
shared pool                        68,601          14           9 9/1/4/0/0
checkpoint queue latch             38,920           3           1 2/1/0/0/0
          -------------------------------------------------------------
Latch Miss Sources for DB: ORACLE  Instance: orcl  Snaps: 463 -464
-> only latches with sleeps are shown
-> ordered by name, sleeps desc

                                                     NoWait             Waiter
Latch Name               Where                       Misses     Sleeps  Sleeps
------------------------ -------------------------- ------- ---------- -------
cache buffers chains     kcbgtcr: kslbegin                0        347     340
cache buffers chains     kcbgcur: kslbegin                0          9       4
cache buffers chains     kcbrls: kslbegin                 0          7      17
cache buffers chains     kcbzgb: scan from tail. no       0          4       0
cache buffers chains     kcbchg: kslbegin: bufs not       0          3       1
cache buffers chains     kcbget: pin buffer               0          2       3
cache buffers chains     kcbgtcr                          0          1       0
cache buffers chains     kcbzib: finish free bufs         0          1       6
checkpoint queue latch   kcbk0rrd: update recovery        0          1       0
library cache            kglhdgn: child:                  0         39      11
library cache            kglic                            0         32       0
library cache            kglget: child: KGLDSBRD          0         19       0
library cache            kglpnal: child: alloc spac       0         16      12
library cache            kglupc: child                    0         13      79
library cache            kglpnc: child                    0         10      88
library cache            kglget: child: KGLDSBYD          0          5       7
library cache            kglpnal: child: before pro       0          5      19
library cache            kglhdgc: child:                  0          4       0
library cache            kglati                           0          1       1
library cache            kglobpn: child:                  0          1       0
library cache            kgldti: 2child                   0          1       0
row cache objects        kqrpre: find obj                 0          4       5
row cache objects        kqreqd                           0          1       0
shared pool              kghfrunp: clatch: nowait         0        103       0
shared pool              kghfrunp: alloc: clatch no       0          9       0
          -------------------------------------------------------------
Dictionary Cache Stats for DB: ORACLE  Instance: orcl  Snaps: 463 -464
->"Pct Misses"  should be very low (< 2% in most cases)
->"Cache Usage" is the number of cache entries being used
->"Pct SGA"     is the ratio of usage to allocated size for that cache

                           Get         Pct     Scan   Pct      Mod  Final  Pct
Cache                    Requests     Miss Requests  Miss      Req  Usage  SGA
---------------------- ------------ ------ -------- ----- -------- ------ ----
dc_constraints                    0               0              0      0    0
dc_database_links                 0               0              0      2   67
dc_files                          0               0              0     20   83
dc_free_extents                  16   25.0        4   0.0       12      3   38
dc_global_oids                    0               0              0      0    0
dc_histogram_data                 0               0              0      0    0
dc_histogram_data_valu            0               0              0      0    0
dc_histogram_defs             6,388    4.3        0              0  5,479  100
dc_object_ids               158,479    0.1        0              0  2,688  100
dc_objects                    5,996    3.4        0              0  7,798  100
dc_outlines                       0               0              0      0    0
dc_profiles                      25    0.0        0              0      1   25
dc_rollback_segments            260    0.0        0              0     66   92
dc_segments                  27,537    0.0        0              4  6,816  100
dc_sequence_grants                0               0              0      0    0
dc_sequences                  2,305    0.0        0          2,304      9   69
dc_synonyms                     789    1.4        0              0    392   98
dc_tablespace_quotas             18    5.6        0              6     10   36
dc_tablespaces                2,816    0.0        0              0     23   82
dc_used_extents                   4  100.0        0              4      8   80
dc_user_grants               12,659    0.0        0              0    119   82
dc_usernames                  1,278    0.0        0              0    103   93
dc_users                     15,761    0.0        0              0    120   97
ifs_acl_cache_entries             0               0              0      0    0
          -------------------------------------------------------------


Library Cache Activity for DB: ORACLE  Instance: orcl  Snaps: 463 -464
->"Pct Misses"  should be very low

                    Get       Pct        Pin        Pct               Invali-
Namespace         Requests    Miss     Requests     Miss     Reloads  dations
--------------- ------------ ------ -------------- ------ ---------- --------
SQL AREA               3,173    9.0        309,757    0.2         86        1
TABLE/PROCEDURE       11,099    2.6        106,172    0.7        241        0
BODY                     159    0.0            159    0.0          0        0
TRIGGER                  431    1.6            431    3.0          6        0
INDEX                      0                     0                 0        0
CLUSTER                   19    0.0             18    0.0          0        0
OBJECT                     0                     0                 0        0
PIPE                       0                     0                 0        0
          -------------------------------------------------------------
SGA Memory Summary for DB: ORACLE  Instance: orcl  Snaps: 463 -464

SGA regions                       Size in Bytes
------------------------------ ----------------
Database Buffers                  1,073,741,824
Fixed Size                               75,804
Redo Buffers                          1,056,768
Variable Size                       313,061,376
                               ----------------
sum                               1,387,935,772
          -------------------------------------------------------------


SGA breakdown difference for DB: ORACLE  Instance: orcl  Snaps: 463 -464

Pool        Name                        Begin value      End value  Difference
----------- ------------------------ -------------- -------------- -----------
java pool   free memory                  25,915,392     25,915,392           0
java pool   memory in use                   299,008        299,008           0
shared pool Checkpoint queue                147,528        147,528           0
shared pool DML locks                       165,120        165,120           0
shared pool KGFF heap                        19,592         19,592           0
shared pool KGK heap                         18,092         18,092           0
shared pool KQLS heap                    13,422,056     14,457,156   1,035,100
shared pool PL/SQL DIANA                  4,752,392      4,677,388     -75,004
shared pool PL/SQL MPCODE                 6,567,520      6,830,836     263,316
shared pool PL/SQL PPCODE                    24,952         39,540      14,588
shared pool PL/SQL SOURCE                     5,520          5,520           0
shared pool PLS non-lib hp                    2,096          2,096           0
shared pool State objects                   396,080        396,080           0
shared pool db_block_buffers             17,825,792     17,825,792           0
shared pool db_block_hash_buckets         2,228,248      2,228,248           0
shared pool db_files                        370,988        370,988           0
shared pool dictionary cache              8,944,748      9,261,568     316,820
shared pool enqueue_resources               174,240        174,240           0
shared pool event statistics per ses      1,076,720      1,076,720           0
shared pool fixed allocation callbac            640            640           0
shared pool free memory                     955,356        719,464    -235,892
shared pool joxs heap init                    4,248          4,248           0
shared pool library cache                30,334,156     30,734,752     400,596
shared pool miscellaneous                 2,395,260      2,378,724     -16,536
shared pool processes                       226,240        226,240           0
shared pool sessions                        674,828        674,828           0
shared pool sql area                    195,693,112    193,980,032  -1,713,080
shared pool table columns                    26,116         28,488       2,372
shared pool table definiti                   18,932         24,660       5,728
shared pool transactions                    306,848        306,848           0
shared pool trigger defini                   49,824         52,460       2,636
shared pool trigger inform                    1,780          2,208         428
            db_block_buffers          1,073,741,824  1,073,741,824           0
            fixed_sga                        75,804         75,804           0
            log_buffer                    1,048,576      1,048,576           0
          -------------------------------------------------------------
init.ora Parameters for DB: ORACLE  Instance: orcl  Snaps: 463 -464

                                                                  End value
Parameter Name                Begin value                       (if different)
----------------------------- --------------------------------- --------------
processes                     280
timed_statistics              TRUE
shared_pool_size              262144000
shared_pool_reserved_size     50000
large_pool_size               0
java_pool_size                26214400
control_files                 g:\db_orcl\ctl1orcl.ora, f:\db_or
db_block_buffers              131072
db_block_size                 8192
db_block_lru_latches          2
db_writer_processes           2
compatible                    8.1.7
log_archive_start             TRUE
log_archive_dest_1            LOCATION=I:\ARCHIVE
log_archive_dest_state_1      ENABLE
log_buffer                    1048576
log_checkpoint_interval       100000
log_checkpoint_timeout        1800
db_files                      1024
db_file_multiblock_read_count 32
transaction_auditing          FALSE
max_enabled_roles             30
remote_login_passwordfile     SHARED
db_domain                     world
global_names                  FALSE
service_names                 oracle.WORLD
sort_area_size                819200
sort_area_retained_size       204800
db_name                       oracle
open_cursors                  1500
ifile                         g:\db_orcl\initorcl.ora
session_cached_cursors        200
hash_multiblock_io_count      32
background_dump_dest          %RDBMS80%\trace
user_dump_dest                I:\userdump
max_dump_file_size            10240
          -------------------------------------------------------------

End of Report

