

***********************************************************************
Fatal NI connect error 12203, connecting to:
 (DESCRIPTION=(ADDRESS_LIST=(ADDRESS=(PROTOCOL=TCP)(HOST=172.19.49.69)(PORT=1521)))(CONNECT_DATA=(SID=NB)(CID=(PROGRAM=C:\Program Files\Quest Software\Toad for Oracle\toad.exe)(HOST=PROKUSHEVSV)(USER=SProkushev))))

  VERSION INFORMATION:
	TNS for 32-bit Windows: Version 8.0.5.0.0 - Production
  Time: 16-JAN-09 10:20:03
  Tracing not turned on.
  Tns error struct:
    nr err code: 12203
    TNS-12203: TNS:unable to connect to destination
    ns main err code: 12538
    TNS-12538: TNS:no such protocol adapter
    ns secondary err code: 12560
    nt main err code: 508
    TNS-00508: No such protocol adapter
    nt secondary err code: 0
    nt OS err code: 0


***********************************************************************
Fatal NI connect error 12203, connecting to:
 (DESCRIPTION=(ADDRESS_LIST=(ADDRESS=(PROTOCOL=TCP)(HOST=kminb1)(PORT=1526)))(CONNECT_DATA=(SID=AZS32)(CID=(PROGRAM=C:\Program Files\Quest Software\Toad for Oracle\toad.exe)(HOST=PROKUSHEVSV)(USER=SProkushev))))

  VERSION INFORMATION:
	TNS for 32-bit Windows: Version 8.0.5.0.0 - Production
  Time: 16-JAN-09 10:51:48
  Tracing not turned on.
  Tns error struct:
    nr err code: 12203
    TNS-12203: TNS:unable to connect to destination
    ns main err code: 12538
    TNS-12538: TNS:no such protocol adapter
    ns secondary err code: 12560
    nt main err code: 508
    TNS-00508: No such protocol adapter
    nt secondary err code: 0
    nt OS err code: 0
