

***********************************************************************
Fatal NI connect error 12170.

  VERSION INFORMATION:
	TNS for 32-bit Windows: Version 10.2.0.4.0 - Production
	Windows NT TCP/IP NT Protocol Adapter for 32-bit Windows: Version 10.2.0.4.0 - Production
  Time: 25-MAR-2013 12:28:54
  Tracing not turned on.
  Tns error struct:
    ns main err code: 12535
    TNS-12535: TNS:operation timed out
    ns secondary err code: 12560
    nt main err code: 505
    TNS-00505: Operation timed out
    nt secondary err code: 60
    nt OS err code: 0
  Client address: <unknown>


***********************************************************************
Fatal NI connect error 12560, connecting to:
 (DESCRIPTION=(ADDRESS=(PROTOCOL=BEQ)(PROGRAM=oracle)(ARGV0=oracleNB)(ARGS='(DESCRIPTION=(LOCAL=YES)(ADDRESS=(PROTOCOL=beq)))'))(CONNECT_DATA=(SID=NB)(CID=(PROGRAM=d:\oracle\bin\sqlplus.exe)(HOST=KMINB1)(USER=OraUser))))

  VERSION INFORMATION:
	TNS for 32-bit Windows: Version 10.2.0.4.0 - Production
	Oracle Bequeath NT Protocol Adapter for 32-bit Windows: Version 10.2.0.4.0 - Production
  Time: 19-DEC-2018 09:06:18
  Tracing not turned on.
  Tns error struct:
    ns main err code: 12560
    TNS-12560: TNS:protocol adapter error
    ns secondary err code: 0
    nt main err code: 530
    TNS-00530: Protocol adapter error
    nt secondary err code: 2
    nt OS err code: 0


***********************************************************************
Fatal NI connect error 12560, connecting to:
 (DESCRIPTION=(ADDRESS=(PROTOCOL=BEQ)(PROGRAM=oracle)(ARGV0=oracleNB)(ARGS='(DESCRIPTION=(LOCAL=YES)(ADDRESS=(PROTOCOL=beq)))'))(CONNECT_DATA=(SID=NB)(CID=(PROGRAM=d:\oracle\bin\rman.exe)(HOST=KMINB1)(USER=OraUser))))

  VERSION INFORMATION:
	TNS for 32-bit Windows: Version 10.2.0.4.0 - Production
	Oracle Bequeath NT Protocol Adapter for 32-bit Windows: Version 10.2.0.4.0 - Production
  Time: 19-DEC-2018 09:06:20
  Tracing not turned on.
  Tns error struct:
    ns main err code: 12560
    TNS-12560: TNS:protocol adapter error
    ns secondary err code: 0
    nt main err code: 530
    TNS-00530: Protocol adapter error
    nt secondary err code: 2
    nt OS err code: 0


***********************************************************************
Fatal NI connect error 12560, connecting to:
 (DESCRIPTION=(ADDRESS=(PROTOCOL=BEQ)(PROGRAM=oracle)(ARGV0=oracleNB)(ARGS='(DESCRIPTION=(LOCAL=YES)(ADDRESS=(PROTOCOL=beq)))'))(CONNECT_DATA=(SID=NB)(CID=(PROGRAM=d:\oracle\bin\sqlplus.exe)(HOST=KMINB1)(USER=OraUser))))

  VERSION INFORMATION:
	TNS for 32-bit Windows: Version 10.2.0.4.0 - Production
	Oracle Bequeath NT Protocol Adapter for 32-bit Windows: Version 10.2.0.4.0 - Production
  Time: 19-DEC-2018 09:06:21
  Tracing not turned on.
  Tns error struct:
    ns main err code: 12560
    TNS-12560: TNS:protocol adapter error
    ns secondary err code: 0
    nt main err code: 530
    TNS-00530: Protocol adapter error
    nt secondary err code: 2
    nt OS err code: 0
